<?xml version="1.0" encoding="UTF-8"?>
<testsuite name="AppTest" tests="6" skipped="0" failures="0" errors="0" timestamp="2018-09-20T07:30:08" hostname="LAPTOP-B5GQ48GP" time="117.964">
  <properties/>
  <testcase name="testStressTestThree" classname="AppTest" time="99.99"/>
  <testcase name="testBlackBoxTwo" classname="AppTest" time="0.001"/>
  <testcase name="testBlackBox" classname="AppTest" time="0.001"/>
  <testcase name="testStressTestOne" classname="AppTest" time="0.31"/>
  <testcase name="testStressTestTwo" classname="AppTest" time="17.657"/>
  <testcase name="testSimple" classname="AppTest" time="0.0"/>
  <system-out><![CDATA[РЅР°РёР±РѕР»СЊС€Р°СЏ РѕР±С‰Р°СЏ РїРѕРґСЃС‚СЂРѕРєР°: dbcaadaaaacd
СЃС‚СЂРѕРєРё РЅРµ РґРѕР»Р¶РЅС‹ Р±С‹С‚СЊ РїСѓСЃС‚С‹РјРё
РЅР°РёР±РѕР»СЊС€Р°СЏ РѕР±С‰Р°СЏ РїРѕРґСЃС‚СЂРѕРєР°: abc
РЅР°РёР±РѕР»СЊС€Р°СЏ РѕР±С‰Р°СЏ РїРѕРґСЃС‚СЂРѕРєР°: bb
РЅР°РёР±РѕР»СЊС€Р°СЏ РѕР±С‰Р°СЏ РїРѕРґСЃС‚СЂРѕРєР°: ccb
РЅР°РёР±РѕР»СЊС€Р°СЏ РѕР±С‰Р°СЏ РїРѕРґСЃС‚СЂРѕРєР°: a
РЅР°РёР±РѕР»СЊС€Р°СЏ РѕР±С‰Р°СЏ РїРѕРґСЃС‚СЂРѕРєР°: bcb
РЅР°РёР±РѕР»СЊС€Р°СЏ РѕР±С‰Р°СЏ РїРѕРґСЃС‚СЂРѕРєР°: dad
РЅР°РёР±РѕР»СЊС€Р°СЏ РѕР±С‰Р°СЏ РїРѕРґСЃС‚СЂРѕРєР°: dc
РЅР°РёР±РѕР»СЊС€Р°СЏ РѕР±С‰Р°СЏ РїРѕРґСЃС‚СЂРѕРєР°: cb
РЅР°РёР±РѕР»СЊС€Р°СЏ РѕР±С‰Р°СЏ РїРѕРґСЃС‚СЂРѕРєР°: aaba
РЅР°РёР±РѕР»СЊС€Р°СЏ РѕР±С‰Р°СЏ РїРѕРґСЃС‚СЂРѕРєР°: bddd
РЅР°РёР±РѕР»СЊС€Р°СЏ РѕР±С‰Р°СЏ РїРѕРґСЃС‚СЂРѕРєР°: ddda
РЅР°РёР±РѕР»СЊС€Р°СЏ РѕР±С‰Р°СЏ РїРѕРґСЃС‚СЂРѕРєР°: bcc
РЅР°РёР±РѕР»СЊС€Р°СЏ РѕР±С‰Р°СЏ РїРѕРґСЃС‚СЂРѕРєР°: dda
РЅР°РёР±РѕР»СЊС€Р°СЏ РѕР±С‰Р°СЏ РїРѕРґСЃС‚СЂРѕРєР°: da
РЅР°РёР±РѕР»СЊС€Р°СЏ РѕР±С‰Р°СЏ РїРѕРґСЃС‚СЂРѕРєР°: bba
РЅР°РёР±РѕР»СЊС€Р°СЏ РѕР±С‰Р°СЏ РїРѕРґСЃС‚СЂРѕРєР°: adb
РЅР°РёР±РѕР»СЊС€Р°СЏ РѕР±С‰Р°СЏ РїРѕРґСЃС‚СЂРѕРєР°: cac
РЅР°РёР±РѕР»СЊС€Р°СЏ РѕР±С‰Р°СЏ РїРѕРґСЃС‚СЂРѕРєР°: ad
РЅР°РёР±РѕР»СЊС€Р°СЏ РѕР±С‰Р°СЏ РїРѕРґСЃС‚СЂРѕРєР°: cb
РЅР°РёР±РѕР»СЊС€Р°СЏ РѕР±С‰Р°СЏ РїРѕРґСЃС‚СЂРѕРєР°: abb
РЅР°РёР±РѕР»СЊС€Р°СЏ РѕР±С‰Р°СЏ РїРѕРґСЃС‚СЂРѕРєР°: ac
РЅР°РёР±РѕР»СЊС€Р°СЏ РѕР±С‰Р°СЏ РїРѕРґСЃС‚СЂРѕРєР°: ad
РЅР°РёР±РѕР»СЊС€Р°СЏ РѕР±С‰Р°СЏ РїРѕРґСЃС‚СЂРѕРєР°: bb
РЅР°РёР±РѕР»СЊС€Р°СЏ РѕР±С‰Р°СЏ РїРѕРґСЃС‚СЂРѕРєР°: cdd
РЅР°РёР±РѕР»СЊС€Р°СЏ РѕР±С‰Р°СЏ РїРѕРґСЃС‚СЂРѕРєР°: caa
РЅР°РёР±РѕР»СЊС€Р°СЏ РѕР±С‰Р°СЏ РїРѕРґСЃС‚СЂРѕРєР°: dba
РЅР°РёР±РѕР»СЊС€Р°СЏ РѕР±С‰Р°СЏ РїРѕРґСЃС‚СЂРѕРєР°: dbdca
РЅР°РёР±РѕР»СЊС€Р°СЏ РѕР±С‰Р°СЏ РїРѕРґСЃС‚СЂРѕРєР°: ba
РЅР°РёР±РѕР»СЊС€Р°СЏ РѕР±С‰Р°СЏ РїРѕРґСЃС‚СЂРѕРєР°: dcabd
РЅР°РёР±РѕР»СЊС€Р°СЏ РѕР±С‰Р°СЏ РїРѕРґСЃС‚СЂРѕРєР°: ddc
РЅР°РёР±РѕР»СЊС€Р°СЏ РѕР±С‰Р°СЏ РїРѕРґСЃС‚СЂРѕРєР°: dc
РЅР°РёР±РѕР»СЊС€Р°СЏ РѕР±С‰Р°СЏ РїРѕРґСЃС‚СЂРѕРєР°: acd
РЅР°РёР±РѕР»СЊС€Р°СЏ РѕР±С‰Р°СЏ РїРѕРґСЃС‚СЂРѕРєР°: da
РЅР°РёР±РѕР»СЊС€Р°СЏ РѕР±С‰Р°СЏ РїРѕРґСЃС‚СЂРѕРєР°: ab
РЅР°РёР±РѕР»СЊС€Р°СЏ РѕР±С‰Р°СЏ РїРѕРґСЃС‚СЂРѕРєР°: cd
РЅР°РёР±РѕР»СЊС€Р°СЏ РѕР±С‰Р°СЏ РїРѕРґСЃС‚СЂРѕРєР°: bcac
РЅР°РёР±РѕР»СЊС€Р°СЏ РѕР±С‰Р°СЏ РїРѕРґСЃС‚СЂРѕРєР°: d
РЅР°РёР±РѕР»СЊС€Р°СЏ РѕР±С‰Р°СЏ РїРѕРґСЃС‚СЂРѕРєР°: daa
РЅР°РёР±РѕР»СЊС€Р°СЏ РѕР±С‰Р°СЏ РїРѕРґСЃС‚СЂРѕРєР°: ddb
РЅР°РёР±РѕР»СЊС€Р°СЏ РѕР±С‰Р°СЏ РїРѕРґСЃС‚СЂРѕРєР°: dad
РЅР°РёР±РѕР»СЊС€Р°СЏ РѕР±С‰Р°СЏ РїРѕРґСЃС‚СЂРѕРєР°: cabbd
РЅР°РёР±РѕР»СЊС€Р°СЏ РѕР±С‰Р°СЏ РїРѕРґСЃС‚СЂРѕРєР°: cac
РЅР°РёР±РѕР»СЊС€Р°СЏ РѕР±С‰Р°СЏ РїРѕРґСЃС‚СЂРѕРєР°: ccc
РЅР°РёР±РѕР»СЊС€Р°СЏ РѕР±С‰Р°СЏ РїРѕРґСЃС‚СЂРѕРєР°: bda
РЅР°РёР±РѕР»СЊС€Р°СЏ РѕР±С‰Р°СЏ РїРѕРґСЃС‚СЂРѕРєР°: bdc
РЅР°РёР±РѕР»СЊС€Р°СЏ РѕР±С‰Р°СЏ РїРѕРґСЃС‚СЂРѕРєР°: dca
РЅР°РёР±РѕР»СЊС€Р°СЏ РѕР±С‰Р°СЏ РїРѕРґСЃС‚СЂРѕРєР°: bbd
РЅР°РёР±РѕР»СЊС€Р°СЏ РѕР±С‰Р°СЏ РїРѕРґСЃС‚СЂРѕРєР°: dbc
РЅР°РёР±РѕР»СЊС€Р°СЏ РѕР±С‰Р°СЏ РїРѕРґСЃС‚СЂРѕРєР°: ddd
РЅР°РёР±РѕР»СЊС€Р°СЏ РѕР±С‰Р°СЏ РїРѕРґСЃС‚СЂРѕРєР°: dda
РЅР°РёР±РѕР»СЊС€Р°СЏ РѕР±С‰Р°СЏ РїРѕРґСЃС‚СЂРѕРєР°: aca
РЅР°РёР±РѕР»СЊС€Р°СЏ РѕР±С‰Р°СЏ РїРѕРґСЃС‚СЂРѕРєР°: ac
РЅР°РёР±РѕР»СЊС€Р°СЏ РѕР±С‰Р°СЏ РїРѕРґСЃС‚СЂРѕРєР°: ca
РЅР°РёР±РѕР»СЊС€Р°СЏ РѕР±С‰Р°СЏ РїРѕРґСЃС‚СЂРѕРєР°: cba
РЅР°РёР±РѕР»СЊС€Р°СЏ РѕР±С‰Р°СЏ РїРѕРґСЃС‚СЂРѕРєР°: ab
РЅР°РёР±РѕР»СЊС€Р°СЏ РѕР±С‰Р°СЏ РїРѕРґСЃС‚СЂРѕРєР°: dd
РЅР°РёР±РѕР»СЊС€Р°СЏ РѕР±С‰Р°СЏ РїРѕРґСЃС‚СЂРѕРєР°: dcb
РЅР°РёР±РѕР»СЊС€Р°СЏ РѕР±С‰Р°СЏ РїРѕРґСЃС‚СЂРѕРєР°: cadb
РЅР°РёР±РѕР»СЊС€Р°СЏ РѕР±С‰Р°СЏ РїРѕРґСЃС‚СЂРѕРєР°: cc
РЅР°РёР±РѕР»СЊС€Р°СЏ РѕР±С‰Р°СЏ РїРѕРґСЃС‚СЂРѕРєР°: aaa
РЅР°РёР±РѕР»СЊС€Р°СЏ РѕР±С‰Р°СЏ РїРѕРґСЃС‚СЂРѕРєР°: aba
РЅР°РёР±РѕР»СЊС€Р°СЏ РѕР±С‰Р°СЏ РїРѕРґСЃС‚СЂРѕРєР°: daa
РЅР°РёР±РѕР»СЊС€Р°СЏ РѕР±С‰Р°СЏ РїРѕРґСЃС‚СЂРѕРєР°: ac
РЅР°РёР±РѕР»СЊС€Р°СЏ РѕР±С‰Р°СЏ РїРѕРґСЃС‚СЂРѕРєР°: aa
РЅР°РёР±РѕР»СЊС€Р°СЏ РѕР±С‰Р°СЏ РїРѕРґСЃС‚СЂРѕРєР°: adc
РЅР°РёР±РѕР»СЊС€Р°СЏ РѕР±С‰Р°СЏ РїРѕРґСЃС‚СЂРѕРєР°: cca
РЅР°РёР±РѕР»СЊС€Р°СЏ РѕР±С‰Р°СЏ РїРѕРґСЃС‚СЂРѕРєР°: da
РЅР°РёР±РѕР»СЊС€Р°СЏ РѕР±С‰Р°СЏ РїРѕРґСЃС‚СЂРѕРєР°: da
РЅР°РёР±РѕР»СЊС€Р°СЏ РѕР±С‰Р°СЏ РїРѕРґСЃС‚СЂРѕРєР°: a
РЅР°РёР±РѕР»СЊС€Р°СЏ РѕР±С‰Р°СЏ РїРѕРґСЃС‚СЂРѕРєР°: cdc
РЅР°РёР±РѕР»СЊС€Р°СЏ РѕР±С‰Р°СЏ РїРѕРґСЃС‚СЂРѕРєР°: cc
РЅР°РёР±РѕР»СЊС€Р°СЏ РѕР±С‰Р°СЏ РїРѕРґСЃС‚СЂРѕРєР°: cbdaa
РЅР°РёР±РѕР»СЊС€Р°СЏ РѕР±С‰Р°СЏ РїРѕРґСЃС‚СЂРѕРєР°: ad
РЅР°РёР±РѕР»СЊС€Р°СЏ РѕР±С‰Р°СЏ РїРѕРґСЃС‚СЂРѕРєР°: cab
РЅР°РёР±РѕР»СЊС€Р°СЏ РѕР±С‰Р°СЏ РїРѕРґСЃС‚СЂРѕРєР°: cd
РЅР°РёР±РѕР»СЊС€Р°СЏ РѕР±С‰Р°СЏ РїРѕРґСЃС‚СЂРѕРєР°: cc
РЅР°РёР±РѕР»СЊС€Р°СЏ РѕР±С‰Р°СЏ РїРѕРґСЃС‚СЂРѕРєР°: bddca
РЅР°РёР±РѕР»СЊС€Р°СЏ РѕР±С‰Р°СЏ РїРѕРґСЃС‚СЂРѕРєР°: aca
РЅР°РёР±РѕР»СЊС€Р°СЏ РѕР±С‰Р°СЏ РїРѕРґСЃС‚СЂРѕРєР°: dcb
РЅР°РёР±РѕР»СЊС€Р°СЏ РѕР±С‰Р°СЏ РїРѕРґСЃС‚СЂРѕРєР°: ad
РЅР°РёР±РѕР»СЊС€Р°СЏ РѕР±С‰Р°СЏ РїРѕРґСЃС‚СЂРѕРєР°: dd
РЅР°РёР±РѕР»СЊС€Р°СЏ РѕР±С‰Р°СЏ РїРѕРґСЃС‚СЂРѕРєР°: ddb
РЅР°РёР±РѕР»СЊС€Р°СЏ РѕР±С‰Р°СЏ РїРѕРґСЃС‚СЂРѕРєР°: ba
РЅР°РёР±РѕР»СЊС€Р°СЏ РѕР±С‰Р°СЏ РїРѕРґСЃС‚СЂРѕРєР°: baa
РЅР°РёР±РѕР»СЊС€Р°СЏ РѕР±С‰Р°СЏ РїРѕРґСЃС‚СЂРѕРєР°: cdc
РЅР°РёР±РѕР»СЊС€Р°СЏ РѕР±С‰Р°СЏ РїРѕРґСЃС‚СЂРѕРєР°: acdd
РЅР°РёР±РѕР»СЊС€Р°СЏ РѕР±С‰Р°СЏ РїРѕРґСЃС‚СЂРѕРєР°: cab
РЅР°РёР±РѕР»СЊС€Р°СЏ РѕР±С‰Р°СЏ РїРѕРґСЃС‚СЂРѕРєР°: cbd
РЅР°РёР±РѕР»СЊС€Р°СЏ РѕР±С‰Р°СЏ РїРѕРґСЃС‚СЂРѕРєР°: aabd
РЅР°РёР±РѕР»СЊС€Р°СЏ РѕР±С‰Р°СЏ РїРѕРґСЃС‚СЂРѕРєР°: cc
РЅР°РёР±РѕР»СЊС€Р°СЏ РѕР±С‰Р°СЏ РїРѕРґСЃС‚СЂРѕРєР°: bca
РЅР°РёР±РѕР»СЊС€Р°СЏ РѕР±С‰Р°СЏ РїРѕРґСЃС‚СЂРѕРєР°: ac
РЅР°РёР±РѕР»СЊС€Р°СЏ РѕР±С‰Р°СЏ РїРѕРґСЃС‚СЂРѕРєР°: cdba
РЅР°РёР±РѕР»СЊС€Р°СЏ РѕР±С‰Р°СЏ РїРѕРґСЃС‚СЂРѕРєР°: ab
РЅР°РёР±РѕР»СЊС€Р°СЏ РѕР±С‰Р°СЏ РїРѕРґСЃС‚СЂРѕРєР°: adb
РЅР°РёР±РѕР»СЊС€Р°СЏ РѕР±С‰Р°СЏ РїРѕРґСЃС‚СЂРѕРєР°: abd
РЅР°РёР±РѕР»СЊС€Р°СЏ РѕР±С‰Р°СЏ РїРѕРґСЃС‚СЂРѕРєР°: cba
РЅР°РёР±РѕР»СЊС€Р°СЏ РѕР±С‰Р°СЏ РїРѕРґСЃС‚СЂРѕРєР°: cd
РЅР°РёР±РѕР»СЊС€Р°СЏ РѕР±С‰Р°СЏ РїРѕРґСЃС‚СЂРѕРєР°: bdc
РЅР°РёР±РѕР»СЊС€Р°СЏ РѕР±С‰Р°СЏ РїРѕРґСЃС‚СЂРѕРєР°: cd
РЅР°РёР±РѕР»СЊС€Р°СЏ РѕР±С‰Р°СЏ РїРѕРґСЃС‚СЂРѕРєР°: bd
РЅР°РёР±РѕР»СЊС€Р°СЏ РѕР±С‰Р°СЏ РїРѕРґСЃС‚СЂРѕРєР°: dcc
РЅР°РёР±РѕР»СЊС€Р°СЏ РѕР±С‰Р°СЏ РїРѕРґСЃС‚СЂРѕРєР°: bacaaca
РЅР°РёР±РѕР»СЊС€Р°СЏ РѕР±С‰Р°СЏ РїРѕРґСЃС‚СЂРѕРєР°: db
РЅР°РёР±РѕР»СЊС€Р°СЏ РѕР±С‰Р°СЏ РїРѕРґСЃС‚СЂРѕРєР°: abac
РЅР°РёР±РѕР»СЊС€Р°СЏ РѕР±С‰Р°СЏ РїРѕРґСЃС‚СЂРѕРєР°: adb
РЅР°РёР±РѕР»СЊС€Р°СЏ РѕР±С‰Р°СЏ РїРѕРґСЃС‚СЂРѕРєР°: cdb
РЅР°РёР±РѕР»СЊС€Р°СЏ РѕР±С‰Р°СЏ РїРѕРґСЃС‚СЂРѕРєР°: ab
РЅР°РёР±РѕР»СЊС€Р°СЏ РѕР±С‰Р°СЏ РїРѕРґСЃС‚СЂРѕРєР°: cac
РЅР°РёР±РѕР»СЊС€Р°СЏ РѕР±С‰Р°СЏ РїРѕРґСЃС‚СЂРѕРєР°: bb
РЅР°РёР±РѕР»СЊС€Р°СЏ РѕР±С‰Р°СЏ РїРѕРґСЃС‚СЂРѕРєР°: cbd
РЅР°РёР±РѕР»СЊС€Р°СЏ РѕР±С‰Р°СЏ РїРѕРґСЃС‚СЂРѕРєР°: bcb
РЅР°РёР±РѕР»СЊС€Р°СЏ РѕР±С‰Р°СЏ РїРѕРґСЃС‚СЂРѕРєР°: ca
РЅР°РёР±РѕР»СЊС€Р°СЏ РѕР±С‰Р°СЏ РїРѕРґСЃС‚СЂРѕРєР°: dab
РЅР°РёР±РѕР»СЊС€Р°СЏ РѕР±С‰Р°СЏ РїРѕРґСЃС‚СЂРѕРєР°: ba
РЅР°РёР±РѕР»СЊС€Р°СЏ РѕР±С‰Р°СЏ РїРѕРґСЃС‚СЂРѕРєР°: cb
РЅР°РёР±РѕР»СЊС€Р°СЏ РѕР±С‰Р°СЏ РїРѕРґСЃС‚СЂРѕРєР°: dab
РЅР°РёР±РѕР»СЊС€Р°СЏ РѕР±С‰Р°СЏ РїРѕРґСЃС‚СЂРѕРєР°: bc
РЅР°РёР±РѕР»СЊС€Р°СЏ РѕР±С‰Р°СЏ РїРѕРґСЃС‚СЂРѕРєР°: bbd
РЅР°РёР±РѕР»СЊС€Р°СЏ РѕР±С‰Р°СЏ РїРѕРґСЃС‚СЂРѕРєР°: cd
РЅР°РёР±РѕР»СЊС€Р°СЏ РѕР±С‰Р°СЏ РїРѕРґСЃС‚СЂРѕРєР°: ba
РЅР°РёР±РѕР»СЊС€Р°СЏ РѕР±С‰Р°СЏ РїРѕРґСЃС‚СЂРѕРєР°: dada
РЅР°РёР±РѕР»СЊС€Р°СЏ РѕР±С‰Р°СЏ РїРѕРґСЃС‚СЂРѕРєР°: bbb
РЅР°РёР±РѕР»СЊС€Р°СЏ РѕР±С‰Р°СЏ РїРѕРґСЃС‚СЂРѕРєР°: ddd
РЅР°РёР±РѕР»СЊС€Р°СЏ РѕР±С‰Р°СЏ РїРѕРґСЃС‚СЂРѕРєР°: db
РЅР°РёР±РѕР»СЊС€Р°СЏ РѕР±С‰Р°СЏ РїРѕРґСЃС‚СЂРѕРєР°: dc
РЅР°РёР±РѕР»СЊС€Р°СЏ РѕР±С‰Р°СЏ РїРѕРґСЃС‚СЂРѕРєР°: aac
РЅР°РёР±РѕР»СЊС€Р°СЏ РѕР±С‰Р°СЏ РїРѕРґСЃС‚СЂРѕРєР°: cda
РЅР°РёР±РѕР»СЊС€Р°СЏ РѕР±С‰Р°СЏ РїРѕРґСЃС‚СЂРѕРєР°: da
РЅР°РёР±РѕР»СЊС€Р°СЏ РѕР±С‰Р°СЏ РїРѕРґСЃС‚СЂРѕРєР°: dbac
РЅР°РёР±РѕР»СЊС€Р°СЏ РѕР±С‰Р°СЏ РїРѕРґСЃС‚СЂРѕРєР°: dc
РЅР°РёР±РѕР»СЊС€Р°СЏ РѕР±С‰Р°СЏ РїРѕРґСЃС‚СЂРѕРєР°: adb
РЅР°РёР±РѕР»СЊС€Р°СЏ РѕР±С‰Р°СЏ РїРѕРґСЃС‚СЂРѕРєР°: da
РЅР°РёР±РѕР»СЊС€Р°СЏ РѕР±С‰Р°СЏ РїРѕРґСЃС‚СЂРѕРєР°: cda
РЅР°РёР±РѕР»СЊС€Р°СЏ РѕР±С‰Р°СЏ РїРѕРґСЃС‚СЂРѕРєР°: ad
РЅР°РёР±РѕР»СЊС€Р°СЏ РѕР±С‰Р°СЏ РїРѕРґСЃС‚СЂРѕРєР°: ab
РЅР°РёР±РѕР»СЊС€Р°СЏ РѕР±С‰Р°СЏ РїРѕРґСЃС‚СЂРѕРєР°: abd
РЅР°РёР±РѕР»СЊС€Р°СЏ РѕР±С‰Р°СЏ РїРѕРґСЃС‚СЂРѕРєР°: ccb
РЅР°РёР±РѕР»СЊС€Р°СЏ РѕР±С‰Р°СЏ РїРѕРґСЃС‚СЂРѕРєР°: bac
РЅР°РёР±РѕР»СЊС€Р°СЏ РѕР±С‰Р°СЏ РїРѕРґСЃС‚СЂРѕРєР°: aaad
РЅР°РёР±РѕР»СЊС€Р°СЏ РѕР±С‰Р°СЏ РїРѕРґСЃС‚СЂРѕРєР°: bbc
РЅР°РёР±РѕР»СЊС€Р°СЏ РѕР±С‰Р°СЏ РїРѕРґСЃС‚СЂРѕРєР°: baaa
РЅР°РёР±РѕР»СЊС€Р°СЏ РѕР±С‰Р°СЏ РїРѕРґСЃС‚СЂРѕРєР°: ba
РЅР°РёР±РѕР»СЊС€Р°СЏ РѕР±С‰Р°СЏ РїРѕРґСЃС‚СЂРѕРєР°: dbd
РЅР°РёР±РѕР»СЊС€Р°СЏ РѕР±С‰Р°СЏ РїРѕРґСЃС‚СЂРѕРєР°: bc
РЅР°РёР±РѕР»СЊС€Р°СЏ РѕР±С‰Р°СЏ РїРѕРґСЃС‚СЂРѕРєР°: cda
РЅР°РёР±РѕР»СЊС€Р°СЏ РѕР±С‰Р°СЏ РїРѕРґСЃС‚СЂРѕРєР°: aba
РЅР°РёР±РѕР»СЊС€Р°СЏ РѕР±С‰Р°СЏ РїРѕРґСЃС‚СЂРѕРєР°: bc
РЅР°РёР±РѕР»СЊС€Р°СЏ РѕР±С‰Р°СЏ РїРѕРґСЃС‚СЂРѕРєР°: ab
РЅР°РёР±РѕР»СЊС€Р°СЏ РѕР±С‰Р°СЏ РїРѕРґСЃС‚СЂРѕРєР°: cab
РЅР°РёР±РѕР»СЊС€Р°СЏ РѕР±С‰Р°СЏ РїРѕРґСЃС‚СЂРѕРєР°: addcdb
РЅР°РёР±РѕР»СЊС€Р°СЏ РѕР±С‰Р°СЏ РїРѕРґСЃС‚СЂРѕРєР°: cba
РЅР°РёР±РѕР»СЊС€Р°СЏ РѕР±С‰Р°СЏ РїРѕРґСЃС‚СЂРѕРєР°: dad
РЅР°РёР±РѕР»СЊС€Р°СЏ РѕР±С‰Р°СЏ РїРѕРґСЃС‚СЂРѕРєР°: daad
РЅР°РёР±РѕР»СЊС€Р°СЏ РѕР±С‰Р°СЏ РїРѕРґСЃС‚СЂРѕРєР°: bbb
РЅР°РёР±РѕР»СЊС€Р°СЏ РѕР±С‰Р°СЏ РїРѕРґСЃС‚СЂРѕРєР°: acc
РЅР°РёР±РѕР»СЊС€Р°СЏ РѕР±С‰Р°СЏ РїРѕРґСЃС‚СЂРѕРєР°: baa
РЅР°РёР±РѕР»СЊС€Р°СЏ РѕР±С‰Р°СЏ РїРѕРґСЃС‚СЂРѕРєР°: ab
РЅР°РёР±РѕР»СЊС€Р°СЏ РѕР±С‰Р°СЏ РїРѕРґСЃС‚СЂРѕРєР°: dcc
РЅР°РёР±РѕР»СЊС€Р°СЏ РѕР±С‰Р°СЏ РїРѕРґСЃС‚СЂРѕРєР°: baaccb
РЅР°РёР±РѕР»СЊС€Р°СЏ РѕР±С‰Р°СЏ РїРѕРґСЃС‚СЂРѕРєР°: bcd
РЅР°РёР±РѕР»СЊС€Р°СЏ РѕР±С‰Р°СЏ РїРѕРґСЃС‚СЂРѕРєР°: acc
РЅР°РёР±РѕР»СЊС€Р°СЏ РѕР±С‰Р°СЏ РїРѕРґСЃС‚СЂРѕРєР°: bcb
РЅР°РёР±РѕР»СЊС€Р°СЏ РѕР±С‰Р°СЏ РїРѕРґСЃС‚СЂРѕРєР°: bdba
РЅР°РёР±РѕР»СЊС€Р°СЏ РѕР±С‰Р°СЏ РїРѕРґСЃС‚СЂРѕРєР°: ab
РЅР°РёР±РѕР»СЊС€Р°СЏ РѕР±С‰Р°СЏ РїРѕРґСЃС‚СЂРѕРєР°: cac
РЅР°РёР±РѕР»СЊС€Р°СЏ РѕР±С‰Р°СЏ РїРѕРґСЃС‚СЂРѕРєР°: cc
РЅР°РёР±РѕР»СЊС€Р°СЏ РѕР±С‰Р°СЏ РїРѕРґСЃС‚СЂРѕРєР°: bcb
РЅР°РёР±РѕР»СЊС€Р°СЏ РѕР±С‰Р°СЏ РїРѕРґСЃС‚СЂРѕРєР°: cbbd
РЅР°РёР±РѕР»СЊС€Р°СЏ РѕР±С‰Р°СЏ РїРѕРґСЃС‚СЂРѕРєР°: bd
РЅР°РёР±РѕР»СЊС€Р°СЏ РѕР±С‰Р°СЏ РїРѕРґСЃС‚СЂРѕРєР°: cbad
РЅР°РёР±РѕР»СЊС€Р°СЏ РѕР±С‰Р°СЏ РїРѕРґСЃС‚СЂРѕРєР°: da
РЅР°РёР±РѕР»СЊС€Р°СЏ РѕР±С‰Р°СЏ РїРѕРґСЃС‚СЂРѕРєР°: ccb
РЅР°РёР±РѕР»СЊС€Р°СЏ РѕР±С‰Р°СЏ РїРѕРґСЃС‚СЂРѕРєР°: dcd
РЅР°РёР±РѕР»СЊС€Р°СЏ РѕР±С‰Р°СЏ РїРѕРґСЃС‚СЂРѕРєР°: ab
РЅР°РёР±РѕР»СЊС€Р°СЏ РѕР±С‰Р°СЏ РїРѕРґСЃС‚СЂРѕРєР°: ccd
РЅР°РёР±РѕР»СЊС€Р°СЏ РѕР±С‰Р°СЏ РїРѕРґСЃС‚СЂРѕРєР°: ab
РЅР°РёР±РѕР»СЊС€Р°СЏ РѕР±С‰Р°СЏ РїРѕРґСЃС‚СЂРѕРєР°: ccbab
РЅР°РёР±РѕР»СЊС€Р°СЏ РѕР±С‰Р°СЏ РїРѕРґСЃС‚СЂРѕРєР°: ba
РЅР°РёР±РѕР»СЊС€Р°СЏ РѕР±С‰Р°СЏ РїРѕРґСЃС‚СЂРѕРєР°: dd
РЅР°РёР±РѕР»СЊС€Р°СЏ РѕР±С‰Р°СЏ РїРѕРґСЃС‚СЂРѕРєР°: ba
РЅР°РёР±РѕР»СЊС€Р°СЏ РѕР±С‰Р°СЏ РїРѕРґСЃС‚СЂРѕРєР°: bcd
РЅР°РёР±РѕР»СЊС€Р°СЏ РѕР±С‰Р°СЏ РїРѕРґСЃС‚СЂРѕРєР°: abc
РЅР°РёР±РѕР»СЊС€Р°СЏ РѕР±С‰Р°СЏ РїРѕРґСЃС‚СЂРѕРєР°: ccb
РЅР°РёР±РѕР»СЊС€Р°СЏ РѕР±С‰Р°СЏ РїРѕРґСЃС‚СЂРѕРєР°: dab
РЅР°РёР±РѕР»СЊС€Р°СЏ РѕР±С‰Р°СЏ РїРѕРґСЃС‚СЂРѕРєР°: da
РЅР°РёР±РѕР»СЊС€Р°СЏ РѕР±С‰Р°СЏ РїРѕРґСЃС‚СЂРѕРєР°: aa
РЅР°РёР±РѕР»СЊС€Р°СЏ РѕР±С‰Р°СЏ РїРѕРґСЃС‚СЂРѕРєР°: abd
РЅР°РёР±РѕР»СЊС€Р°СЏ РѕР±С‰Р°СЏ РїРѕРґСЃС‚СЂРѕРєР°: bc
РЅР°РёР±РѕР»СЊС€Р°СЏ РѕР±С‰Р°СЏ РїРѕРґСЃС‚СЂРѕРєР°: bcaa
РЅР°РёР±РѕР»СЊС€Р°СЏ РѕР±С‰Р°СЏ РїРѕРґСЃС‚СЂРѕРєР°: db
РЅР°РёР±РѕР»СЊС€Р°СЏ РѕР±С‰Р°СЏ РїРѕРґСЃС‚СЂРѕРєР°: ccc
РЅР°РёР±РѕР»СЊС€Р°СЏ РѕР±С‰Р°СЏ РїРѕРґСЃС‚СЂРѕРєР°: bdc
РЅР°РёР±РѕР»СЊС€Р°СЏ РѕР±С‰Р°СЏ РїРѕРґСЃС‚СЂРѕРєР°: ddb
РЅР°РёР±РѕР»СЊС€Р°СЏ РѕР±С‰Р°СЏ РїРѕРґСЃС‚СЂРѕРєР°: bd
РЅР°РёР±РѕР»СЊС€Р°СЏ РѕР±С‰Р°СЏ РїРѕРґСЃС‚СЂРѕРєР°: aa
РЅР°РёР±РѕР»СЊС€Р°СЏ РѕР±С‰Р°СЏ РїРѕРґСЃС‚СЂРѕРєР°: dbc
РЅР°РёР±РѕР»СЊС€Р°СЏ РѕР±С‰Р°СЏ РїРѕРґСЃС‚СЂРѕРєР°: ca
РЅР°РёР±РѕР»СЊС€Р°СЏ РѕР±С‰Р°СЏ РїРѕРґСЃС‚СЂРѕРєР°: bdb
РЅР°РёР±РѕР»СЊС€Р°СЏ РѕР±С‰Р°СЏ РїРѕРґСЃС‚СЂРѕРєР°: cad
РЅР°РёР±РѕР»СЊС€Р°СЏ РѕР±С‰Р°СЏ РїРѕРґСЃС‚СЂРѕРєР°: b
РЅР°РёР±РѕР»СЊС€Р°СЏ РѕР±С‰Р°СЏ РїРѕРґСЃС‚СЂРѕРєР°: bdd
РЅР°РёР±РѕР»СЊС€Р°СЏ РѕР±С‰Р°СЏ РїРѕРґСЃС‚СЂРѕРєР°: ccc
РЅР°РёР±РѕР»СЊС€Р°СЏ РѕР±С‰Р°СЏ РїРѕРґСЃС‚СЂРѕРєР°: bbbbd
РЅР°РёР±РѕР»СЊС€Р°СЏ РѕР±С‰Р°СЏ РїРѕРґСЃС‚СЂРѕРєР°: ac
РЅР°РёР±РѕР»СЊС€Р°СЏ РѕР±С‰Р°СЏ РїРѕРґСЃС‚СЂРѕРєР°: dabc
РЅР°РёР±РѕР»СЊС€Р°СЏ РѕР±С‰Р°СЏ РїРѕРґСЃС‚СЂРѕРєР°: da
РЅР°РёР±РѕР»СЊС€Р°СЏ РѕР±С‰Р°СЏ РїРѕРґСЃС‚СЂРѕРєР°: bcca
РЅР°РёР±РѕР»СЊС€Р°СЏ РѕР±С‰Р°СЏ РїРѕРґСЃС‚СЂРѕРєР°: aac
РЅР°РёР±РѕР»СЊС€Р°СЏ РѕР±С‰Р°СЏ РїРѕРґСЃС‚СЂРѕРєР°: cc
РЅР°РёР±РѕР»СЊС€Р°СЏ РѕР±С‰Р°СЏ РїРѕРґСЃС‚СЂРѕРєР°: bac
РЅР°РёР±РѕР»СЊС€Р°СЏ РѕР±С‰Р°СЏ РїРѕРґСЃС‚СЂРѕРєР°: bdc
РЅР°РёР±РѕР»СЊС€Р°СЏ РѕР±С‰Р°СЏ РїРѕРґСЃС‚СЂРѕРєР°: ada
РЅР°РёР±РѕР»СЊС€Р°СЏ РѕР±С‰Р°СЏ РїРѕРґСЃС‚СЂРѕРєР°: aab
РЅР°РёР±РѕР»СЊС€Р°СЏ РѕР±С‰Р°СЏ РїРѕРґСЃС‚СЂРѕРєР°: ca
РЅР°РёР±РѕР»СЊС€Р°СЏ РѕР±С‰Р°СЏ РїРѕРґСЃС‚СЂРѕРєР°: bd
РЅР°РёР±РѕР»СЊС€Р°СЏ РѕР±С‰Р°СЏ РїРѕРґСЃС‚СЂРѕРєР°: acc
РЅР°РёР±РѕР»СЊС€Р°СЏ РѕР±С‰Р°СЏ РїРѕРґСЃС‚СЂРѕРєР°: bdc
РЅР°РёР±РѕР»СЊС€Р°СЏ РѕР±С‰Р°СЏ РїРѕРґСЃС‚СЂРѕРєР°: acb
РЅР°РёР±РѕР»СЊС€Р°СЏ РѕР±С‰Р°СЏ РїРѕРґСЃС‚СЂРѕРєР°: bc
РЅР°РёР±РѕР»СЊС€Р°СЏ РѕР±С‰Р°СЏ РїРѕРґСЃС‚СЂРѕРєР°: ca
РЅР°РёР±РѕР»СЊС€Р°СЏ РѕР±С‰Р°СЏ РїРѕРґСЃС‚СЂРѕРєР°: cbad
РЅР°РёР±РѕР»СЊС€Р°СЏ РѕР±С‰Р°СЏ РїРѕРґСЃС‚СЂРѕРєР°: cad
РЅР°РёР±РѕР»СЊС€Р°СЏ РѕР±С‰Р°СЏ РїРѕРґСЃС‚СЂРѕРєР°: bca
РЅР°РёР±РѕР»СЊС€Р°СЏ РѕР±С‰Р°СЏ РїРѕРґСЃС‚СЂРѕРєР°: baa
РЅР°РёР±РѕР»СЊС€Р°СЏ РѕР±С‰Р°СЏ РїРѕРґСЃС‚СЂРѕРєР°: cbd
РЅР°РёР±РѕР»СЊС€Р°СЏ РѕР±С‰Р°СЏ РїРѕРґСЃС‚СЂРѕРєР°: ca
РЅР°РёР±РѕР»СЊС€Р°СЏ РѕР±С‰Р°СЏ РїРѕРґСЃС‚СЂРѕРєР°: ab
РЅР°РёР±РѕР»СЊС€Р°СЏ РѕР±С‰Р°СЏ РїРѕРґСЃС‚СЂРѕРєР°: aac
РЅР°РёР±РѕР»СЊС€Р°СЏ РѕР±С‰Р°СЏ РїРѕРґСЃС‚СЂРѕРєР°: acd
РЅР°РёР±РѕР»СЊС€Р°СЏ РѕР±С‰Р°СЏ РїРѕРґСЃС‚СЂРѕРєР°: dbb
РЅР°РёР±РѕР»СЊС€Р°СЏ РѕР±С‰Р°СЏ РїРѕРґСЃС‚СЂРѕРєР°: cc
РЅР°РёР±РѕР»СЊС€Р°СЏ РѕР±С‰Р°СЏ РїРѕРґСЃС‚СЂРѕРєР°: ad
РЅР°РёР±РѕР»СЊС€Р°СЏ РѕР±С‰Р°СЏ РїРѕРґСЃС‚СЂРѕРєР°: b
РЅР°РёР±РѕР»СЊС€Р°СЏ РѕР±С‰Р°СЏ РїРѕРґСЃС‚СЂРѕРєР°: cbd
РЅР°РёР±РѕР»СЊС€Р°СЏ РѕР±С‰Р°СЏ РїРѕРґСЃС‚СЂРѕРєР°: cbb
РЅР°РёР±РѕР»СЊС€Р°СЏ РѕР±С‰Р°СЏ РїРѕРґСЃС‚СЂРѕРєР°: bcaa
РЅР°РёР±РѕР»СЊС€Р°СЏ РѕР±С‰Р°СЏ РїРѕРґСЃС‚СЂРѕРєР°: daa
РЅР°РёР±РѕР»СЊС€Р°СЏ РѕР±С‰Р°СЏ РїРѕРґСЃС‚СЂРѕРєР°: bba
РЅР°РёР±РѕР»СЊС€Р°СЏ РѕР±С‰Р°СЏ РїРѕРґСЃС‚СЂРѕРєР°: db
РЅР°РёР±РѕР»СЊС€Р°СЏ РѕР±С‰Р°СЏ РїРѕРґСЃС‚СЂРѕРєР°: db
РЅР°РёР±РѕР»СЊС€Р°СЏ РѕР±С‰Р°СЏ РїРѕРґСЃС‚СЂРѕРєР°: d
РЅР°РёР±РѕР»СЊС€Р°СЏ РѕР±С‰Р°СЏ РїРѕРґСЃС‚СЂРѕРєР°: cb
РЅР°РёР±РѕР»СЊС€Р°СЏ РѕР±С‰Р°СЏ РїРѕРґСЃС‚СЂРѕРєР°: bc
РЅР°РёР±РѕР»СЊС€Р°СЏ РѕР±С‰Р°СЏ РїРѕРґСЃС‚СЂРѕРєР°: bd
РЅР°РёР±РѕР»СЊС€Р°СЏ РѕР±С‰Р°СЏ РїРѕРґСЃС‚СЂРѕРєР°: baa
РЅР°РёР±РѕР»СЊС€Р°СЏ РѕР±С‰Р°СЏ РїРѕРґСЃС‚СЂРѕРєР°: cb
РЅР°РёР±РѕР»СЊС€Р°СЏ РѕР±С‰Р°СЏ РїРѕРґСЃС‚СЂРѕРєР°: da
РЅР°РёР±РѕР»СЊС€Р°СЏ РѕР±С‰Р°СЏ РїРѕРґСЃС‚СЂРѕРєР°: dad
РЅР°РёР±РѕР»СЊС€Р°СЏ РѕР±С‰Р°СЏ РїРѕРґСЃС‚СЂРѕРєР°: ac
РЅР°РёР±РѕР»СЊС€Р°СЏ РѕР±С‰Р°СЏ РїРѕРґСЃС‚СЂРѕРєР°: bab
РЅР°РёР±РѕР»СЊС€Р°СЏ РѕР±С‰Р°СЏ РїРѕРґСЃС‚СЂРѕРєР°: da
РЅР°РёР±РѕР»СЊС€Р°СЏ РѕР±С‰Р°СЏ РїРѕРґСЃС‚СЂРѕРєР°: c
РЅР°РёР±РѕР»СЊС€Р°СЏ РѕР±С‰Р°СЏ РїРѕРґСЃС‚СЂРѕРєР°: ddb
РЅР°РёР±РѕР»СЊС€Р°СЏ РѕР±С‰Р°СЏ РїРѕРґСЃС‚СЂРѕРєР°: bcc
РЅР°РёР±РѕР»СЊС€Р°СЏ РѕР±С‰Р°СЏ РїРѕРґСЃС‚СЂРѕРєР°: cab
РЅР°РёР±РѕР»СЊС€Р°СЏ РѕР±С‰Р°СЏ РїРѕРґСЃС‚СЂРѕРєР°: dac
РЅР°РёР±РѕР»СЊС€Р°СЏ РѕР±С‰Р°СЏ РїРѕРґСЃС‚СЂРѕРєР°: dad
РЅР°РёР±РѕР»СЊС€Р°СЏ РѕР±С‰Р°СЏ РїРѕРґСЃС‚СЂРѕРєР°: ccd
РЅР°РёР±РѕР»СЊС€Р°СЏ РѕР±С‰Р°СЏ РїРѕРґСЃС‚СЂРѕРєР°: adda
РЅР°РёР±РѕР»СЊС€Р°СЏ РѕР±С‰Р°СЏ РїРѕРґСЃС‚СЂРѕРєР°: cd
РЅР°РёР±РѕР»СЊС€Р°СЏ РѕР±С‰Р°СЏ РїРѕРґСЃС‚СЂРѕРєР°: cac
РЅР°РёР±РѕР»СЊС€Р°СЏ РѕР±С‰Р°СЏ РїРѕРґСЃС‚СЂРѕРєР°: dc
РЅР°РёР±РѕР»СЊС€Р°СЏ РѕР±С‰Р°СЏ РїРѕРґСЃС‚СЂРѕРєР°: aa
РЅР°РёР±РѕР»СЊС€Р°СЏ РѕР±С‰Р°СЏ РїРѕРґСЃС‚СЂРѕРєР°: cc
РЅР°РёР±РѕР»СЊС€Р°СЏ РѕР±С‰Р°СЏ РїРѕРґСЃС‚СЂРѕРєР°: a
РЅР°РёР±РѕР»СЊС€Р°СЏ РѕР±С‰Р°СЏ РїРѕРґСЃС‚СЂРѕРєР°: add
РЅР°РёР±РѕР»СЊС€Р°СЏ РѕР±С‰Р°СЏ РїРѕРґСЃС‚СЂРѕРєР°: da
РЅР°РёР±РѕР»СЊС€Р°СЏ РѕР±С‰Р°СЏ РїРѕРґСЃС‚СЂРѕРєР°: bad
РЅР°РёР±РѕР»СЊС€Р°СЏ РѕР±С‰Р°СЏ РїРѕРґСЃС‚СЂРѕРєР°: cb
РЅР°РёР±РѕР»СЊС€Р°СЏ РѕР±С‰Р°СЏ РїРѕРґСЃС‚СЂРѕРєР°: ccbc
РЅР°РёР±РѕР»СЊС€Р°СЏ РѕР±С‰Р°СЏ РїРѕРґСЃС‚СЂРѕРєР°: dadb
РЅР°РёР±РѕР»СЊС€Р°СЏ РѕР±С‰Р°СЏ РїРѕРґСЃС‚СЂРѕРєР°: cb
РЅР°РёР±РѕР»СЊС€Р°СЏ РѕР±С‰Р°СЏ РїРѕРґСЃС‚СЂРѕРєР°: babc
РЅР°РёР±РѕР»СЊС€Р°СЏ РѕР±С‰Р°СЏ РїРѕРґСЃС‚СЂРѕРєР°: cbdb
РЅР°РёР±РѕР»СЊС€Р°СЏ РѕР±С‰Р°СЏ РїРѕРґСЃС‚СЂРѕРєР°: dbd
РЅР°РёР±РѕР»СЊС€Р°СЏ РѕР±С‰Р°СЏ РїРѕРґСЃС‚СЂРѕРєР°: aab
РЅР°РёР±РѕР»СЊС€Р°СЏ РѕР±С‰Р°СЏ РїРѕРґСЃС‚СЂРѕРєР°: ba
РЅР°РёР±РѕР»СЊС€Р°СЏ РѕР±С‰Р°СЏ РїРѕРґСЃС‚СЂРѕРєР°: bbcc
РЅР°РёР±РѕР»СЊС€Р°СЏ РѕР±С‰Р°СЏ РїРѕРґСЃС‚СЂРѕРєР°: acda
РЅР°РёР±РѕР»СЊС€Р°СЏ РѕР±С‰Р°СЏ РїРѕРґСЃС‚СЂРѕРєР°: ad
РЅР°РёР±РѕР»СЊС€Р°СЏ РѕР±С‰Р°СЏ РїРѕРґСЃС‚СЂРѕРєР°: bdc
РЅР°РёР±РѕР»СЊС€Р°СЏ РѕР±С‰Р°СЏ РїРѕРґСЃС‚СЂРѕРєР°: bbd
РЅР°РёР±РѕР»СЊС€Р°СЏ РѕР±С‰Р°СЏ РїРѕРґСЃС‚СЂРѕРєР°: db
РЅР°РёР±РѕР»СЊС€Р°СЏ РѕР±С‰Р°СЏ РїРѕРґСЃС‚СЂРѕРєР°: ac
РЅР°РёР±РѕР»СЊС€Р°СЏ РѕР±С‰Р°СЏ РїРѕРґСЃС‚СЂРѕРєР°: dd
РЅР°РёР±РѕР»СЊС€Р°СЏ РѕР±С‰Р°СЏ РїРѕРґСЃС‚СЂРѕРєР°: cd
РЅР°РёР±РѕР»СЊС€Р°СЏ РѕР±С‰Р°СЏ РїРѕРґСЃС‚СЂРѕРєР°: ddc
РЅР°РёР±РѕР»СЊС€Р°СЏ РѕР±С‰Р°СЏ РїРѕРґСЃС‚СЂРѕРєР°: adab
РЅР°РёР±РѕР»СЊС€Р°СЏ РѕР±С‰Р°СЏ РїРѕРґСЃС‚СЂРѕРєР°: cb
РЅР°РёР±РѕР»СЊС€Р°СЏ РѕР±С‰Р°СЏ РїРѕРґСЃС‚СЂРѕРєР°: abd
РЅР°РёР±РѕР»СЊС€Р°СЏ РѕР±С‰Р°СЏ РїРѕРґСЃС‚СЂРѕРєР°: bdca
РЅР°РёР±РѕР»СЊС€Р°СЏ РѕР±С‰Р°СЏ РїРѕРґСЃС‚СЂРѕРєР°: bdb
РЅР°РёР±РѕР»СЊС€Р°СЏ РѕР±С‰Р°СЏ РїРѕРґСЃС‚СЂРѕРєР°: ca
РЅР°РёР±РѕР»СЊС€Р°СЏ РѕР±С‰Р°СЏ РїРѕРґСЃС‚СЂРѕРєР°: ab
РЅР°РёР±РѕР»СЊС€Р°СЏ РѕР±С‰Р°СЏ РїРѕРґСЃС‚СЂРѕРєР°: bb
РЅР°РёР±РѕР»СЊС€Р°СЏ РѕР±С‰Р°СЏ РїРѕРґСЃС‚СЂРѕРєР°: bd
РЅР°РёР±РѕР»СЊС€Р°СЏ РѕР±С‰Р°СЏ РїРѕРґСЃС‚СЂРѕРєР°: aa
РЅР°РёР±РѕР»СЊС€Р°СЏ РѕР±С‰Р°СЏ РїРѕРґСЃС‚СЂРѕРєР°: bb
РЅР°РёР±РѕР»СЊС€Р°СЏ РѕР±С‰Р°СЏ РїРѕРґСЃС‚СЂРѕРєР°: daaa
РЅР°РёР±РѕР»СЊС€Р°СЏ РѕР±С‰Р°СЏ РїРѕРґСЃС‚СЂРѕРєР°: ab
РЅР°РёР±РѕР»СЊС€Р°СЏ РѕР±С‰Р°СЏ РїРѕРґСЃС‚СЂРѕРєР°: cc
РЅР°РёР±РѕР»СЊС€Р°СЏ РѕР±С‰Р°СЏ РїРѕРґСЃС‚СЂРѕРєР°: cd
РЅР°РёР±РѕР»СЊС€Р°СЏ РѕР±С‰Р°СЏ РїРѕРґСЃС‚СЂРѕРєР°: dadcb
РЅР°РёР±РѕР»СЊС€Р°СЏ РѕР±С‰Р°СЏ РїРѕРґСЃС‚СЂРѕРєР°: a
РЅР°РёР±РѕР»СЊС€Р°СЏ РѕР±С‰Р°СЏ РїРѕРґСЃС‚СЂРѕРєР°: cc
РЅР°РёР±РѕР»СЊС€Р°СЏ РѕР±С‰Р°СЏ РїРѕРґСЃС‚СЂРѕРєР°: bb
РЅР°РёР±РѕР»СЊС€Р°СЏ РѕР±С‰Р°СЏ РїРѕРґСЃС‚СЂРѕРєР°: cd
РЅР°РёР±РѕР»СЊС€Р°СЏ РѕР±С‰Р°СЏ РїРѕРґСЃС‚СЂРѕРєР°: daba
РЅР°РёР±РѕР»СЊС€Р°СЏ РѕР±С‰Р°СЏ РїРѕРґСЃС‚СЂРѕРєР°: cdd
РЅР°РёР±РѕР»СЊС€Р°СЏ РѕР±С‰Р°СЏ РїРѕРґСЃС‚СЂРѕРєР°: dddac
РЅР°РёР±РѕР»СЊС€Р°СЏ РѕР±С‰Р°СЏ РїРѕРґСЃС‚СЂРѕРєР°: cb
РЅР°РёР±РѕР»СЊС€Р°СЏ РѕР±С‰Р°СЏ РїРѕРґСЃС‚СЂРѕРєР°: cc
РЅР°РёР±РѕР»СЊС€Р°СЏ РѕР±С‰Р°СЏ РїРѕРґСЃС‚СЂРѕРєР°: abb
РЅР°РёР±РѕР»СЊС€Р°СЏ РѕР±С‰Р°СЏ РїРѕРґСЃС‚СЂРѕРєР°: bbad
РЅР°РёР±РѕР»СЊС€Р°СЏ РѕР±С‰Р°СЏ РїРѕРґСЃС‚СЂРѕРєР°: cbbb
РЅР°РёР±РѕР»СЊС€Р°СЏ РѕР±С‰Р°СЏ РїРѕРґСЃС‚СЂРѕРєР°: aaa
РЅР°РёР±РѕР»СЊС€Р°СЏ РѕР±С‰Р°СЏ РїРѕРґСЃС‚СЂРѕРєР°: dc
РЅР°РёР±РѕР»СЊС€Р°СЏ РѕР±С‰Р°СЏ РїРѕРґСЃС‚СЂРѕРєР°: cad
РЅР°РёР±РѕР»СЊС€Р°СЏ РѕР±С‰Р°СЏ РїРѕРґСЃС‚СЂРѕРєР°: caab
РЅР°РёР±РѕР»СЊС€Р°СЏ РѕР±С‰Р°СЏ РїРѕРґСЃС‚СЂРѕРєР°: bdc
РЅР°РёР±РѕР»СЊС€Р°СЏ РѕР±С‰Р°СЏ РїРѕРґСЃС‚СЂРѕРєР°: babba
РЅР°РёР±РѕР»СЊС€Р°СЏ РѕР±С‰Р°СЏ РїРѕРґСЃС‚СЂРѕРєР°: da
РЅР°РёР±РѕР»СЊС€Р°СЏ РѕР±С‰Р°СЏ РїРѕРґСЃС‚СЂРѕРєР°: acbc
РЅР°РёР±РѕР»СЊС€Р°СЏ РѕР±С‰Р°СЏ РїРѕРґСЃС‚СЂРѕРєР°: ab
РЅР°РёР±РѕР»СЊС€Р°СЏ РѕР±С‰Р°СЏ РїРѕРґСЃС‚СЂРѕРєР°: bab
РЅР°РёР±РѕР»СЊС€Р°СЏ РѕР±С‰Р°СЏ РїРѕРґСЃС‚СЂРѕРєР°: dbbc
РЅР°РёР±РѕР»СЊС€Р°СЏ РѕР±С‰Р°СЏ РїРѕРґСЃС‚СЂРѕРєР°: bab
РЅР°РёР±РѕР»СЊС€Р°СЏ РѕР±С‰Р°СЏ РїРѕРґСЃС‚СЂРѕРєР°: aaad
РЅР°РёР±РѕР»СЊС€Р°СЏ РѕР±С‰Р°СЏ РїРѕРґСЃС‚СЂРѕРєР°: dcac
РЅР°РёР±РѕР»СЊС€Р°СЏ РѕР±С‰Р°СЏ РїРѕРґСЃС‚СЂРѕРєР°: caa
РЅР°РёР±РѕР»СЊС€Р°СЏ РѕР±С‰Р°СЏ РїРѕРґСЃС‚СЂРѕРєР°: ddcb
РЅР°РёР±РѕР»СЊС€Р°СЏ РѕР±С‰Р°СЏ РїРѕРґСЃС‚СЂРѕРєР°: abc
РЅР°РёР±РѕР»СЊС€Р°СЏ РѕР±С‰Р°СЏ РїРѕРґСЃС‚СЂРѕРєР°: da
РЅР°РёР±РѕР»СЊС€Р°СЏ РѕР±С‰Р°СЏ РїРѕРґСЃС‚СЂРѕРєР°: db
РЅР°РёР±РѕР»СЊС€Р°СЏ РѕР±С‰Р°СЏ РїРѕРґСЃС‚СЂРѕРєР°: ba
РЅР°РёР±РѕР»СЊС€Р°СЏ РѕР±С‰Р°СЏ РїРѕРґСЃС‚СЂРѕРєР°: ba
РЅР°РёР±РѕР»СЊС€Р°СЏ РѕР±С‰Р°СЏ РїРѕРґСЃС‚СЂРѕРєР°: cdac
РЅР°РёР±РѕР»СЊС€Р°СЏ РѕР±С‰Р°СЏ РїРѕРґСЃС‚СЂРѕРєР°: ca
РЅР°РёР±РѕР»СЊС€Р°СЏ РѕР±С‰Р°СЏ РїРѕРґСЃС‚СЂРѕРєР°: ba
РЅР°РёР±РѕР»СЊС€Р°СЏ РѕР±С‰Р°СЏ РїРѕРґСЃС‚СЂРѕРєР°: adc
РЅР°РёР±РѕР»СЊС€Р°СЏ РѕР±С‰Р°СЏ РїРѕРґСЃС‚СЂРѕРєР°: bc
РЅР°РёР±РѕР»СЊС€Р°СЏ РѕР±С‰Р°СЏ РїРѕРґСЃС‚СЂРѕРєР°: abab
РЅР°РёР±РѕР»СЊС€Р°СЏ РѕР±С‰Р°СЏ РїРѕРґСЃС‚СЂРѕРєР°: cdc
РЅР°РёР±РѕР»СЊС€Р°СЏ РѕР±С‰Р°СЏ РїРѕРґСЃС‚СЂРѕРєР°: dcd
РЅР°РёР±РѕР»СЊС€Р°СЏ РѕР±С‰Р°СЏ РїРѕРґСЃС‚СЂРѕРєР°: bc
РЅР°РёР±РѕР»СЊС€Р°СЏ РѕР±С‰Р°СЏ РїРѕРґСЃС‚СЂРѕРєР°: dd
РЅР°РёР±РѕР»СЊС€Р°СЏ РѕР±С‰Р°СЏ РїРѕРґСЃС‚СЂРѕРєР°: cb
РЅР°РёР±РѕР»СЊС€Р°СЏ РѕР±С‰Р°СЏ РїРѕРґСЃС‚СЂРѕРєР°: acb
РЅР°РёР±РѕР»СЊС€Р°СЏ РѕР±С‰Р°СЏ РїРѕРґСЃС‚СЂРѕРєР°: ddc
РЅР°РёР±РѕР»СЊС€Р°СЏ РѕР±С‰Р°СЏ РїРѕРґСЃС‚СЂРѕРєР°: dd
РЅР°РёР±РѕР»СЊС€Р°СЏ РѕР±С‰Р°СЏ РїРѕРґСЃС‚СЂРѕРєР°: da
РЅР°РёР±РѕР»СЊС€Р°СЏ РѕР±С‰Р°СЏ РїРѕРґСЃС‚СЂРѕРєР°: bbd
РЅР°РёР±РѕР»СЊС€Р°СЏ РѕР±С‰Р°СЏ РїРѕРґСЃС‚СЂРѕРєР°: dd
РЅР°РёР±РѕР»СЊС€Р°СЏ РѕР±С‰Р°СЏ РїРѕРґСЃС‚СЂРѕРєР°: bc
РЅР°РёР±РѕР»СЊС€Р°СЏ РѕР±С‰Р°СЏ РїРѕРґСЃС‚СЂРѕРєР°: bda
РЅР°РёР±РѕР»СЊС€Р°СЏ РѕР±С‰Р°СЏ РїРѕРґСЃС‚СЂРѕРєР°: ab
РЅР°РёР±РѕР»СЊС€Р°СЏ РѕР±С‰Р°СЏ РїРѕРґСЃС‚СЂРѕРєР°: cdb
РЅР°РёР±РѕР»СЊС€Р°СЏ РѕР±С‰Р°СЏ РїРѕРґСЃС‚СЂРѕРєР°: bcc
РЅР°РёР±РѕР»СЊС€Р°СЏ РѕР±С‰Р°СЏ РїРѕРґСЃС‚СЂРѕРєР°: dda
РЅР°РёР±РѕР»СЊС€Р°СЏ РѕР±С‰Р°СЏ РїРѕРґСЃС‚СЂРѕРєР°: bdb
РЅР°РёР±РѕР»СЊС€Р°СЏ РѕР±С‰Р°СЏ РїРѕРґСЃС‚СЂРѕРєР°: cbd
РЅР°РёР±РѕР»СЊС€Р°СЏ РѕР±С‰Р°СЏ РїРѕРґСЃС‚СЂРѕРєР°: aca
РЅР°РёР±РѕР»СЊС€Р°СЏ РѕР±С‰Р°СЏ РїРѕРґСЃС‚СЂРѕРєР°: dcd
РЅР°РёР±РѕР»СЊС€Р°СЏ РѕР±С‰Р°СЏ РїРѕРґСЃС‚СЂРѕРєР°: dcaca
РЅР°РёР±РѕР»СЊС€Р°СЏ РѕР±С‰Р°СЏ РїРѕРґСЃС‚СЂРѕРєР°: ac
РЅР°РёР±РѕР»СЊС€Р°СЏ РѕР±С‰Р°СЏ РїРѕРґСЃС‚СЂРѕРєР°: ac
РЅР°РёР±РѕР»СЊС€Р°СЏ РѕР±С‰Р°СЏ РїРѕРґСЃС‚СЂРѕРєР°: dbc
РЅР°РёР±РѕР»СЊС€Р°СЏ РѕР±С‰Р°СЏ РїРѕРґСЃС‚СЂРѕРєР°: dbc
РЅР°РёР±РѕР»СЊС€Р°СЏ РѕР±С‰Р°СЏ РїРѕРґСЃС‚СЂРѕРєР°: aba
РЅР°РёР±РѕР»СЊС€Р°СЏ РѕР±С‰Р°СЏ РїРѕРґСЃС‚СЂРѕРєР°: bd
РЅР°РёР±РѕР»СЊС€Р°СЏ РѕР±С‰Р°СЏ РїРѕРґСЃС‚СЂРѕРєР°: dda
РЅР°РёР±РѕР»СЊС€Р°СЏ РѕР±С‰Р°СЏ РїРѕРґСЃС‚СЂРѕРєР°: cdb
РЅР°РёР±РѕР»СЊС€Р°СЏ РѕР±С‰Р°СЏ РїРѕРґСЃС‚СЂРѕРєР°: cbb
РЅР°РёР±РѕР»СЊС€Р°СЏ РѕР±С‰Р°СЏ РїРѕРґСЃС‚СЂРѕРєР°: bddc
РЅР°РёР±РѕР»СЊС€Р°СЏ РѕР±С‰Р°СЏ РїРѕРґСЃС‚СЂРѕРєР°: babb
РЅР°РёР±РѕР»СЊС€Р°СЏ РѕР±С‰Р°СЏ РїРѕРґСЃС‚СЂРѕРєР°: cbc
РЅР°РёР±РѕР»СЊС€Р°СЏ РѕР±С‰Р°СЏ РїРѕРґСЃС‚СЂРѕРєР°: ba
РЅР°РёР±РѕР»СЊС€Р°СЏ РѕР±С‰Р°СЏ РїРѕРґСЃС‚СЂРѕРєР°: acb
РЅР°РёР±РѕР»СЊС€Р°СЏ РѕР±С‰Р°СЏ РїРѕРґСЃС‚СЂРѕРєР°: aab
РЅР°РёР±РѕР»СЊС€Р°СЏ РѕР±С‰Р°СЏ РїРѕРґСЃС‚СЂРѕРєР°: bddada
РЅР°РёР±РѕР»СЊС€Р°СЏ РѕР±С‰Р°СЏ РїРѕРґСЃС‚СЂРѕРєР°: bd
РЅР°РёР±РѕР»СЊС€Р°СЏ РѕР±С‰Р°СЏ РїРѕРґСЃС‚СЂРѕРєР°: dda
РЅР°РёР±РѕР»СЊС€Р°СЏ РѕР±С‰Р°СЏ РїРѕРґСЃС‚СЂРѕРєР°: cbd
РЅР°РёР±РѕР»СЊС€Р°СЏ РѕР±С‰Р°СЏ РїРѕРґСЃС‚СЂРѕРєР°: dab
РЅР°РёР±РѕР»СЊС€Р°СЏ РѕР±С‰Р°СЏ РїРѕРґСЃС‚СЂРѕРєР°: ba
РЅР°РёР±РѕР»СЊС€Р°СЏ РѕР±С‰Р°СЏ РїРѕРґСЃС‚СЂРѕРєР°: bccd
РЅР°РёР±РѕР»СЊС€Р°СЏ РѕР±С‰Р°СЏ РїРѕРґСЃС‚СЂРѕРєР°: cbd
РЅР°РёР±РѕР»СЊС€Р°СЏ РѕР±С‰Р°СЏ РїРѕРґСЃС‚СЂРѕРєР°: bdb
РЅР°РёР±РѕР»СЊС€Р°СЏ РѕР±С‰Р°СЏ РїРѕРґСЃС‚СЂРѕРєР°: dcd
РЅР°РёР±РѕР»СЊС€Р°СЏ РѕР±С‰Р°СЏ РїРѕРґСЃС‚СЂРѕРєР°: db
РЅР°РёР±РѕР»СЊС€Р°СЏ РѕР±С‰Р°СЏ РїРѕРґСЃС‚СЂРѕРєР°: cb
РЅР°РёР±РѕР»СЊС€Р°СЏ РѕР±С‰Р°СЏ РїРѕРґСЃС‚СЂРѕРєР°: baabb
РЅР°РёР±РѕР»СЊС€Р°СЏ РѕР±С‰Р°СЏ РїРѕРґСЃС‚СЂРѕРєР°: cac
РЅР°РёР±РѕР»СЊС€Р°СЏ РѕР±С‰Р°СЏ РїРѕРґСЃС‚СЂРѕРєР°: cdbb
РЅР°РёР±РѕР»СЊС€Р°СЏ РѕР±С‰Р°СЏ РїРѕРґСЃС‚СЂРѕРєР°: ad
РЅР°РёР±РѕР»СЊС€Р°СЏ РѕР±С‰Р°СЏ РїРѕРґСЃС‚СЂРѕРєР°: ca
РЅР°РёР±РѕР»СЊС€Р°СЏ РѕР±С‰Р°СЏ РїРѕРґСЃС‚СЂРѕРєР°: dba
РЅР°РёР±РѕР»СЊС€Р°СЏ РѕР±С‰Р°СЏ РїРѕРґСЃС‚СЂРѕРєР°: aad
РЅР°РёР±РѕР»СЊС€Р°СЏ РѕР±С‰Р°СЏ РїРѕРґСЃС‚СЂРѕРєР°: dcd
РЅР°РёР±РѕР»СЊС€Р°СЏ РѕР±С‰Р°СЏ РїРѕРґСЃС‚СЂРѕРєР°: da
РЅР°РёР±РѕР»СЊС€Р°СЏ РѕР±С‰Р°СЏ РїРѕРґСЃС‚СЂРѕРєР°: aca
РЅР°РёР±РѕР»СЊС€Р°СЏ РѕР±С‰Р°СЏ РїРѕРґСЃС‚СЂРѕРєР°: aabd
РЅР°РёР±РѕР»СЊС€Р°СЏ РѕР±С‰Р°СЏ РїРѕРґСЃС‚СЂРѕРєР°: bccb
РЅР°РёР±РѕР»СЊС€Р°СЏ РѕР±С‰Р°СЏ РїРѕРґСЃС‚СЂРѕРєР°: bda
РЅР°РёР±РѕР»СЊС€Р°СЏ РѕР±С‰Р°СЏ РїРѕРґСЃС‚СЂРѕРєР°: acc
РЅР°РёР±РѕР»СЊС€Р°СЏ РѕР±С‰Р°СЏ РїРѕРґСЃС‚СЂРѕРєР°: cdc
РЅР°РёР±РѕР»СЊС€Р°СЏ РѕР±С‰Р°СЏ РїРѕРґСЃС‚СЂРѕРєР°: cdd
РЅР°РёР±РѕР»СЊС€Р°СЏ РѕР±С‰Р°СЏ РїРѕРґСЃС‚СЂРѕРєР°: ba
РЅР°РёР±РѕР»СЊС€Р°СЏ РѕР±С‰Р°СЏ РїРѕРґСЃС‚СЂРѕРєР°: bcd
РЅР°РёР±РѕР»СЊС€Р°СЏ РѕР±С‰Р°СЏ РїРѕРґСЃС‚СЂРѕРєР°: c
РЅР°РёР±РѕР»СЊС€Р°СЏ РѕР±С‰Р°СЏ РїРѕРґСЃС‚СЂРѕРєР°: dd
РЅР°РёР±РѕР»СЊС€Р°СЏ РѕР±С‰Р°СЏ РїРѕРґСЃС‚СЂРѕРєР°: dc
РЅР°РёР±РѕР»СЊС€Р°СЏ РѕР±С‰Р°СЏ РїРѕРґСЃС‚СЂРѕРєР°: ba
РЅР°РёР±РѕР»СЊС€Р°СЏ РѕР±С‰Р°СЏ РїРѕРґСЃС‚СЂРѕРєР°: ccd
РЅР°РёР±РѕР»СЊС€Р°СЏ РѕР±С‰Р°СЏ РїРѕРґСЃС‚СЂРѕРєР°: bb
РЅР°РёР±РѕР»СЊС€Р°СЏ РѕР±С‰Р°СЏ РїРѕРґСЃС‚СЂРѕРєР°: dbac
РЅР°РёР±РѕР»СЊС€Р°СЏ РѕР±С‰Р°СЏ РїРѕРґСЃС‚СЂРѕРєР°: aad
РЅР°РёР±РѕР»СЊС€Р°СЏ РѕР±С‰Р°СЏ РїРѕРґСЃС‚СЂРѕРєР°: cc
РЅР°РёР±РѕР»СЊС€Р°СЏ РѕР±С‰Р°СЏ РїРѕРґСЃС‚СЂРѕРєР°: dc
РЅР°РёР±РѕР»СЊС€Р°СЏ РѕР±С‰Р°СЏ РїРѕРґСЃС‚СЂРѕРєР°: bc
РЅР°РёР±РѕР»СЊС€Р°СЏ РѕР±С‰Р°СЏ РїРѕРґСЃС‚СЂРѕРєР°: dd
РЅР°РёР±РѕР»СЊС€Р°СЏ РѕР±С‰Р°СЏ РїРѕРґСЃС‚СЂРѕРєР°: bc
РЅР°РёР±РѕР»СЊС€Р°СЏ РѕР±С‰Р°СЏ РїРѕРґСЃС‚СЂРѕРєР°: adcb
РЅР°РёР±РѕР»СЊС€Р°СЏ РѕР±С‰Р°СЏ РїРѕРґСЃС‚СЂРѕРєР°: cbc
РЅР°РёР±РѕР»СЊС€Р°СЏ РѕР±С‰Р°СЏ РїРѕРґСЃС‚СЂРѕРєР°: aad
РЅР°РёР±РѕР»СЊС€Р°СЏ РѕР±С‰Р°СЏ РїРѕРґСЃС‚СЂРѕРєР°: dcc
РЅР°РёР±РѕР»СЊС€Р°СЏ РѕР±С‰Р°СЏ РїРѕРґСЃС‚СЂРѕРєР°: ca
РЅР°РёР±РѕР»СЊС€Р°СЏ РѕР±С‰Р°СЏ РїРѕРґСЃС‚СЂРѕРєР°: bdb
РЅР°РёР±РѕР»СЊС€Р°СЏ РѕР±С‰Р°СЏ РїРѕРґСЃС‚СЂРѕРєР°: db
РЅР°РёР±РѕР»СЊС€Р°СЏ РѕР±С‰Р°СЏ РїРѕРґСЃС‚СЂРѕРєР°: daa
РЅР°РёР±РѕР»СЊС€Р°СЏ РѕР±С‰Р°СЏ РїРѕРґСЃС‚СЂРѕРєР°: bac
РЅР°РёР±РѕР»СЊС€Р°СЏ РѕР±С‰Р°СЏ РїРѕРґСЃС‚СЂРѕРєР°: bac
РЅР°РёР±РѕР»СЊС€Р°СЏ РѕР±С‰Р°СЏ РїРѕРґСЃС‚СЂРѕРєР°: ad
РЅР°РёР±РѕР»СЊС€Р°СЏ РѕР±С‰Р°СЏ РїРѕРґСЃС‚СЂРѕРєР°: bb
РЅР°РёР±РѕР»СЊС€Р°СЏ РѕР±С‰Р°СЏ РїРѕРґСЃС‚СЂРѕРєР°: dcd
РЅР°РёР±РѕР»СЊС€Р°СЏ РѕР±С‰Р°СЏ РїРѕРґСЃС‚СЂРѕРєР°: bad
РЅР°РёР±РѕР»СЊС€Р°СЏ РѕР±С‰Р°СЏ РїРѕРґСЃС‚СЂРѕРєР°: aa
РЅР°РёР±РѕР»СЊС€Р°СЏ РѕР±С‰Р°СЏ РїРѕРґСЃС‚СЂРѕРєР°: dc
РЅР°РёР±РѕР»СЊС€Р°СЏ РѕР±С‰Р°СЏ РїРѕРґСЃС‚СЂРѕРєР°: cb
РЅР°РёР±РѕР»СЊС€Р°СЏ РѕР±С‰Р°СЏ РїРѕРґСЃС‚СЂРѕРєР°: dd
РЅР°РёР±РѕР»СЊС€Р°СЏ РѕР±С‰Р°СЏ РїРѕРґСЃС‚СЂРѕРєР°: db
РЅР°РёР±РѕР»СЊС€Р°СЏ РѕР±С‰Р°СЏ РїРѕРґСЃС‚СЂРѕРєР°: ad
РЅР°РёР±РѕР»СЊС€Р°СЏ РѕР±С‰Р°СЏ РїРѕРґСЃС‚СЂРѕРєР°: da
РЅР°РёР±РѕР»СЊС€Р°СЏ РѕР±С‰Р°СЏ РїРѕРґСЃС‚СЂРѕРєР°: ad
РЅР°РёР±РѕР»СЊС€Р°СЏ РѕР±С‰Р°СЏ РїРѕРґСЃС‚СЂРѕРєР°: cab
РЅР°РёР±РѕР»СЊС€Р°СЏ РѕР±С‰Р°СЏ РїРѕРґСЃС‚СЂРѕРєР°: bba
РЅР°РёР±РѕР»СЊС€Р°СЏ РѕР±С‰Р°СЏ РїРѕРґСЃС‚СЂРѕРєР°: ba
РЅР°РёР±РѕР»СЊС€Р°СЏ РѕР±С‰Р°СЏ РїРѕРґСЃС‚СЂРѕРєР°: aca
РЅР°РёР±РѕР»СЊС€Р°СЏ РѕР±С‰Р°СЏ РїРѕРґСЃС‚СЂРѕРєР°: cc
РЅР°РёР±РѕР»СЊС€Р°СЏ РѕР±С‰Р°СЏ РїРѕРґСЃС‚СЂРѕРєР°: ad
РЅР°РёР±РѕР»СЊС€Р°СЏ РѕР±С‰Р°СЏ РїРѕРґСЃС‚СЂРѕРєР°: aad
РЅР°РёР±РѕР»СЊС€Р°СЏ РѕР±С‰Р°СЏ РїРѕРґСЃС‚СЂРѕРєР°: aacc
РЅР°РёР±РѕР»СЊС€Р°СЏ РѕР±С‰Р°СЏ РїРѕРґСЃС‚СЂРѕРєР°: ccd
РЅР°РёР±РѕР»СЊС€Р°СЏ РѕР±С‰Р°СЏ РїРѕРґСЃС‚СЂРѕРєР°: bbd
РЅР°РёР±РѕР»СЊС€Р°СЏ РѕР±С‰Р°СЏ РїРѕРґСЃС‚СЂРѕРєР°: db
РЅР°РёР±РѕР»СЊС€Р°СЏ РѕР±С‰Р°СЏ РїРѕРґСЃС‚СЂРѕРєР°: ac
РЅР°РёР±РѕР»СЊС€Р°СЏ РѕР±С‰Р°СЏ РїРѕРґСЃС‚СЂРѕРєР°: dbc
РЅР°РёР±РѕР»СЊС€Р°СЏ РѕР±С‰Р°СЏ РїРѕРґСЃС‚СЂРѕРєР°: bb
РЅР°РёР±РѕР»СЊС€Р°СЏ РѕР±С‰Р°СЏ РїРѕРґСЃС‚СЂРѕРєР°: acd
РЅР°РёР±РѕР»СЊС€Р°СЏ РѕР±С‰Р°СЏ РїРѕРґСЃС‚СЂРѕРєР°: da
РЅР°РёР±РѕР»СЊС€Р°СЏ РѕР±С‰Р°СЏ РїРѕРґСЃС‚СЂРѕРєР°: cd
РЅР°РёР±РѕР»СЊС€Р°СЏ РѕР±С‰Р°СЏ РїРѕРґСЃС‚СЂРѕРєР°: cac
РЅР°РёР±РѕР»СЊС€Р°СЏ РѕР±С‰Р°СЏ РїРѕРґСЃС‚СЂРѕРєР°: cb
РЅР°РёР±РѕР»СЊС€Р°СЏ РѕР±С‰Р°СЏ РїРѕРґСЃС‚СЂРѕРєР°: dcc
РЅР°РёР±РѕР»СЊС€Р°СЏ РѕР±С‰Р°СЏ РїРѕРґСЃС‚СЂРѕРєР°: bc
РЅР°РёР±РѕР»СЊС€Р°СЏ РѕР±С‰Р°СЏ РїРѕРґСЃС‚СЂРѕРєР°: dcbdb
РЅР°РёР±РѕР»СЊС€Р°СЏ РѕР±С‰Р°СЏ РїРѕРґСЃС‚СЂРѕРєР°: dcbd
РЅР°РёР±РѕР»СЊС€Р°СЏ РѕР±С‰Р°СЏ РїРѕРґСЃС‚СЂРѕРєР°: da
РЅР°РёР±РѕР»СЊС€Р°СЏ РѕР±С‰Р°СЏ РїРѕРґСЃС‚СЂРѕРєР°: ba
РЅР°РёР±РѕР»СЊС€Р°СЏ РѕР±С‰Р°СЏ РїРѕРґСЃС‚СЂРѕРєР°: ac
РЅР°РёР±РѕР»СЊС€Р°СЏ РѕР±С‰Р°СЏ РїРѕРґСЃС‚СЂРѕРєР°: dba
РЅР°РёР±РѕР»СЊС€Р°СЏ РѕР±С‰Р°СЏ РїРѕРґСЃС‚СЂРѕРєР°: cdd
РЅР°РёР±РѕР»СЊС€Р°СЏ РѕР±С‰Р°СЏ РїРѕРґСЃС‚СЂРѕРєР°: abdc
РЅР°РёР±РѕР»СЊС€Р°СЏ РѕР±С‰Р°СЏ РїРѕРґСЃС‚СЂРѕРєР°: aca
РЅР°РёР±РѕР»СЊС€Р°СЏ РѕР±С‰Р°СЏ РїРѕРґСЃС‚СЂРѕРєР°: bda
РЅР°РёР±РѕР»СЊС€Р°СЏ РѕР±С‰Р°СЏ РїРѕРґСЃС‚СЂРѕРєР°: add
РЅР°РёР±РѕР»СЊС€Р°СЏ РѕР±С‰Р°СЏ РїРѕРґСЃС‚СЂРѕРєР°: bab
РЅР°РёР±РѕР»СЊС€Р°СЏ РѕР±С‰Р°СЏ РїРѕРґСЃС‚СЂРѕРєР°: ba
РЅР°РёР±РѕР»СЊС€Р°СЏ РѕР±С‰Р°СЏ РїРѕРґСЃС‚СЂРѕРєР°: aaac
РЅР°РёР±РѕР»СЊС€Р°СЏ РѕР±С‰Р°СЏ РїРѕРґСЃС‚СЂРѕРєР°: adb
РЅР°РёР±РѕР»СЊС€Р°СЏ РѕР±С‰Р°СЏ РїРѕРґСЃС‚СЂРѕРєР°: db
РЅР°РёР±РѕР»СЊС€Р°СЏ РѕР±С‰Р°СЏ РїРѕРґСЃС‚СЂРѕРєР°: dbd
РЅР°РёР±РѕР»СЊС€Р°СЏ РѕР±С‰Р°СЏ РїРѕРґСЃС‚СЂРѕРєР°: ca
РЅР°РёР±РѕР»СЊС€Р°СЏ РѕР±С‰Р°СЏ РїРѕРґСЃС‚СЂРѕРєР°: dbb
РЅР°РёР±РѕР»СЊС€Р°СЏ РѕР±С‰Р°СЏ РїРѕРґСЃС‚СЂРѕРєР°: da
РЅР°РёР±РѕР»СЊС€Р°СЏ РѕР±С‰Р°СЏ РїРѕРґСЃС‚СЂРѕРєР°: abc
РЅР°РёР±РѕР»СЊС€Р°СЏ РѕР±С‰Р°СЏ РїРѕРґСЃС‚СЂРѕРєР°: cdba
РЅР°РёР±РѕР»СЊС€Р°СЏ РѕР±С‰Р°СЏ РїРѕРґСЃС‚СЂРѕРєР°: dc
РЅР°РёР±РѕР»СЊС€Р°СЏ РѕР±С‰Р°СЏ РїРѕРґСЃС‚СЂРѕРєР°: cac
РЅР°РёР±РѕР»СЊС€Р°СЏ РѕР±С‰Р°СЏ РїРѕРґСЃС‚СЂРѕРєР°: abda
РЅР°РёР±РѕР»СЊС€Р°СЏ РѕР±С‰Р°СЏ РїРѕРґСЃС‚СЂРѕРєР°: b
РЅР°РёР±РѕР»СЊС€Р°СЏ РѕР±С‰Р°СЏ РїРѕРґСЃС‚СЂРѕРєР°: aabb
РЅР°РёР±РѕР»СЊС€Р°СЏ РѕР±С‰Р°СЏ РїРѕРґСЃС‚СЂРѕРєР°: dba
РЅР°РёР±РѕР»СЊС€Р°СЏ РѕР±С‰Р°СЏ РїРѕРґСЃС‚СЂРѕРєР°: cdd
РЅР°РёР±РѕР»СЊС€Р°СЏ РѕР±С‰Р°СЏ РїРѕРґСЃС‚СЂРѕРєР°: adb
РЅР°РёР±РѕР»СЊС€Р°СЏ РѕР±С‰Р°СЏ РїРѕРґСЃС‚СЂРѕРєР°: aa
РЅР°РёР±РѕР»СЊС€Р°СЏ РѕР±С‰Р°СЏ РїРѕРґСЃС‚СЂРѕРєР°: ca
РЅР°РёР±РѕР»СЊС€Р°СЏ РѕР±С‰Р°СЏ РїРѕРґСЃС‚СЂРѕРєР°: cb
РЅР°РёР±РѕР»СЊС€Р°СЏ РѕР±С‰Р°СЏ РїРѕРґСЃС‚СЂРѕРєР°: aadcc
РЅР°РёР±РѕР»СЊС€Р°СЏ РѕР±С‰Р°СЏ РїРѕРґСЃС‚СЂРѕРєР°: abd
РЅР°РёР±РѕР»СЊС€Р°СЏ РѕР±С‰Р°СЏ РїРѕРґСЃС‚СЂРѕРєР°: caab
РЅР°РёР±РѕР»СЊС€Р°СЏ РѕР±С‰Р°СЏ РїРѕРґСЃС‚СЂРѕРєР°: ddc
РЅР°РёР±РѕР»СЊС€Р°СЏ РѕР±С‰Р°СЏ РїРѕРґСЃС‚СЂРѕРєР°: bb
РЅР°РёР±РѕР»СЊС€Р°СЏ РѕР±С‰Р°СЏ РїРѕРґСЃС‚СЂРѕРєР°: dcad
РЅР°РёР±РѕР»СЊС€Р°СЏ РѕР±С‰Р°СЏ РїРѕРґСЃС‚СЂРѕРєР°: aa
РЅР°РёР±РѕР»СЊС€Р°СЏ РѕР±С‰Р°СЏ РїРѕРґСЃС‚СЂРѕРєР°: ad
РЅР°РёР±РѕР»СЊС€Р°СЏ РѕР±С‰Р°СЏ РїРѕРґСЃС‚СЂРѕРєР°: bbcc
РЅР°РёР±РѕР»СЊС€Р°СЏ РѕР±С‰Р°СЏ РїРѕРґСЃС‚СЂРѕРєР°: abdc
РЅР°РёР±РѕР»СЊС€Р°СЏ РѕР±С‰Р°СЏ РїРѕРґСЃС‚СЂРѕРєР°: aa
РЅР°РёР±РѕР»СЊС€Р°СЏ РѕР±С‰Р°СЏ РїРѕРґСЃС‚СЂРѕРєР°: bbbc
РЅР°РёР±РѕР»СЊС€Р°СЏ РѕР±С‰Р°СЏ РїРѕРґСЃС‚СЂРѕРєР°: dcddd
РЅР°РёР±РѕР»СЊС€Р°СЏ РѕР±С‰Р°СЏ РїРѕРґСЃС‚СЂРѕРєР°: cbbd
РЅР°РёР±РѕР»СЊС€Р°СЏ РѕР±С‰Р°СЏ РїРѕРґСЃС‚СЂРѕРєР°: ca
РЅР°РёР±РѕР»СЊС€Р°СЏ РѕР±С‰Р°СЏ РїРѕРґСЃС‚СЂРѕРєР°: cb
РЅР°РёР±РѕР»СЊС€Р°СЏ РѕР±С‰Р°СЏ РїРѕРґСЃС‚СЂРѕРєР°: bc
РЅР°РёР±РѕР»СЊС€Р°СЏ РѕР±С‰Р°СЏ РїРѕРґСЃС‚СЂРѕРєР°: aabb
РЅР°РёР±РѕР»СЊС€Р°СЏ РѕР±С‰Р°СЏ РїРѕРґСЃС‚СЂРѕРєР°: dd
РЅР°РёР±РѕР»СЊС€Р°СЏ РѕР±С‰Р°СЏ РїРѕРґСЃС‚СЂРѕРєР°: daa
РЅР°РёР±РѕР»СЊС€Р°СЏ РѕР±С‰Р°СЏ РїРѕРґСЃС‚СЂРѕРєР°: bba
РЅР°РёР±РѕР»СЊС€Р°СЏ РѕР±С‰Р°СЏ РїРѕРґСЃС‚СЂРѕРєР°: ac
РЅР°РёР±РѕР»СЊС€Р°СЏ РѕР±С‰Р°СЏ РїРѕРґСЃС‚СЂРѕРєР°: cd
РЅР°РёР±РѕР»СЊС€Р°СЏ РѕР±С‰Р°СЏ РїРѕРґСЃС‚СЂРѕРєР°: dbd
РЅР°РёР±РѕР»СЊС€Р°СЏ РѕР±С‰Р°СЏ РїРѕРґСЃС‚СЂРѕРєР°: aac
РЅР°РёР±РѕР»СЊС€Р°СЏ РѕР±С‰Р°СЏ РїРѕРґСЃС‚СЂРѕРєР°: daada
РЅР°РёР±РѕР»СЊС€Р°СЏ РѕР±С‰Р°СЏ РїРѕРґСЃС‚СЂРѕРєР°: aba
РЅР°РёР±РѕР»СЊС€Р°СЏ РѕР±С‰Р°СЏ РїРѕРґСЃС‚СЂРѕРєР°: abc
РЅР°РёР±РѕР»СЊС€Р°СЏ РѕР±С‰Р°СЏ РїРѕРґСЃС‚СЂРѕРєР°: dcd
РЅР°РёР±РѕР»СЊС€Р°СЏ РѕР±С‰Р°СЏ РїРѕРґСЃС‚СЂРѕРєР°: da
РЅР°РёР±РѕР»СЊС€Р°СЏ РѕР±С‰Р°СЏ РїРѕРґСЃС‚СЂРѕРєР°: dab
РЅР°РёР±РѕР»СЊС€Р°СЏ РѕР±С‰Р°СЏ РїРѕРґСЃС‚СЂРѕРєР°: cbcdd
РЅР°РёР±РѕР»СЊС€Р°СЏ РѕР±С‰Р°СЏ РїРѕРґСЃС‚СЂРѕРєР°: bb
РЅР°РёР±РѕР»СЊС€Р°СЏ РѕР±С‰Р°СЏ РїРѕРґСЃС‚СЂРѕРєР°: cd
РЅР°РёР±РѕР»СЊС€Р°СЏ РѕР±С‰Р°СЏ РїРѕРґСЃС‚СЂРѕРєР°: aac
РЅР°РёР±РѕР»СЊС€Р°СЏ РѕР±С‰Р°СЏ РїРѕРґСЃС‚СЂРѕРєР°: dda
РЅР°РёР±РѕР»СЊС€Р°СЏ РѕР±С‰Р°СЏ РїРѕРґСЃС‚СЂРѕРєР°: cda
РЅР°РёР±РѕР»СЊС€Р°СЏ РѕР±С‰Р°СЏ РїРѕРґСЃС‚СЂРѕРєР°: ada
РЅР°РёР±РѕР»СЊС€Р°СЏ РѕР±С‰Р°СЏ РїРѕРґСЃС‚СЂРѕРєР°: bc
РЅР°РёР±РѕР»СЊС€Р°СЏ РѕР±С‰Р°СЏ РїРѕРґСЃС‚СЂРѕРєР°: dac
РЅР°РёР±РѕР»СЊС€Р°СЏ РѕР±С‰Р°СЏ РїРѕРґСЃС‚СЂРѕРєР°: bbad
РЅР°РёР±РѕР»СЊС€Р°СЏ РѕР±С‰Р°СЏ РїРѕРґСЃС‚СЂРѕРєР°: bdb
РЅР°РёР±РѕР»СЊС€Р°СЏ РѕР±С‰Р°СЏ РїРѕРґСЃС‚СЂРѕРєР°: da
РЅР°РёР±РѕР»СЊС€Р°СЏ РѕР±С‰Р°СЏ РїРѕРґСЃС‚СЂРѕРєР°: da
РЅР°РёР±РѕР»СЊС€Р°СЏ РѕР±С‰Р°СЏ РїРѕРґСЃС‚СЂРѕРєР°: bd
РЅР°РёР±РѕР»СЊС€Р°СЏ РѕР±С‰Р°СЏ РїРѕРґСЃС‚СЂРѕРєР°: ccadb
РЅР°РёР±РѕР»СЊС€Р°СЏ РѕР±С‰Р°СЏ РїРѕРґСЃС‚СЂРѕРєР°: babbc
РЅР°РёР±РѕР»СЊС€Р°СЏ РѕР±С‰Р°СЏ РїРѕРґСЃС‚СЂРѕРєР°: ca
РЅР°РёР±РѕР»СЊС€Р°СЏ РѕР±С‰Р°СЏ РїРѕРґСЃС‚СЂРѕРєР°: dbd
РЅР°РёР±РѕР»СЊС€Р°СЏ РѕР±С‰Р°СЏ РїРѕРґСЃС‚СЂРѕРєР°: bb
РЅР°РёР±РѕР»СЊС€Р°СЏ РѕР±С‰Р°СЏ РїРѕРґСЃС‚СЂРѕРєР°: bdb
РЅР°РёР±РѕР»СЊС€Р°СЏ РѕР±С‰Р°СЏ РїРѕРґСЃС‚СЂРѕРєР°: aba
РЅР°РёР±РѕР»СЊС€Р°СЏ РѕР±С‰Р°СЏ РїРѕРґСЃС‚СЂРѕРєР°: bc
РЅР°РёР±РѕР»СЊС€Р°СЏ РѕР±С‰Р°СЏ РїРѕРґСЃС‚СЂРѕРєР°: dd
РЅР°РёР±РѕР»СЊС€Р°СЏ РѕР±С‰Р°СЏ РїРѕРґСЃС‚СЂРѕРєР°: ba
РЅР°РёР±РѕР»СЊС€Р°СЏ РѕР±С‰Р°СЏ РїРѕРґСЃС‚СЂРѕРєР°: ca
РЅР°РёР±РѕР»СЊС€Р°СЏ РѕР±С‰Р°СЏ РїРѕРґСЃС‚СЂРѕРєР°: cdc
РЅР°РёР±РѕР»СЊС€Р°СЏ РѕР±С‰Р°СЏ РїРѕРґСЃС‚СЂРѕРєР°: db
РЅР°РёР±РѕР»СЊС€Р°СЏ РѕР±С‰Р°СЏ РїРѕРґСЃС‚СЂРѕРєР°: cdcdc
РЅР°РёР±РѕР»СЊС€Р°СЏ РѕР±С‰Р°СЏ РїРѕРґСЃС‚СЂРѕРєР°: ba
РЅР°РёР±РѕР»СЊС€Р°СЏ РѕР±С‰Р°СЏ РїРѕРґСЃС‚СЂРѕРєР°: dab
РЅР°РёР±РѕР»СЊС€Р°СЏ РѕР±С‰Р°СЏ РїРѕРґСЃС‚СЂРѕРєР°: bd
РЅР°РёР±РѕР»СЊС€Р°СЏ РѕР±С‰Р°СЏ РїРѕРґСЃС‚СЂРѕРєР°: dc
РЅР°РёР±РѕР»СЊС€Р°СЏ РѕР±С‰Р°СЏ РїРѕРґСЃС‚СЂРѕРєР°: ba
РЅР°РёР±РѕР»СЊС€Р°СЏ РѕР±С‰Р°СЏ РїРѕРґСЃС‚СЂРѕРєР°: ccd
РЅР°РёР±РѕР»СЊС€Р°СЏ РѕР±С‰Р°СЏ РїРѕРґСЃС‚СЂРѕРєР°: dac
РЅР°РёР±РѕР»СЊС€Р°СЏ РѕР±С‰Р°СЏ РїРѕРґСЃС‚СЂРѕРєР°: abd
РЅР°РёР±РѕР»СЊС€Р°СЏ РѕР±С‰Р°СЏ РїРѕРґСЃС‚СЂРѕРєР°: bd
РЅР°РёР±РѕР»СЊС€Р°СЏ РѕР±С‰Р°СЏ РїРѕРґСЃС‚СЂРѕРєР°: bb
РЅР°РёР±РѕР»СЊС€Р°СЏ РѕР±С‰Р°СЏ РїРѕРґСЃС‚СЂРѕРєР°: aca
РЅР°РёР±РѕР»СЊС€Р°СЏ РѕР±С‰Р°СЏ РїРѕРґСЃС‚СЂРѕРєР°: adb
РЅР°РёР±РѕР»СЊС€Р°СЏ РѕР±С‰Р°СЏ РїРѕРґСЃС‚СЂРѕРєР°: cba
РЅР°РёР±РѕР»СЊС€Р°СЏ РѕР±С‰Р°СЏ РїРѕРґСЃС‚СЂРѕРєР°: aab
РЅР°РёР±РѕР»СЊС€Р°СЏ РѕР±С‰Р°СЏ РїРѕРґСЃС‚СЂРѕРєР°: aac
РЅР°РёР±РѕР»СЊС€Р°СЏ РѕР±С‰Р°СЏ РїРѕРґСЃС‚СЂРѕРєР°: ba
РЅР°РёР±РѕР»СЊС€Р°СЏ РѕР±С‰Р°СЏ РїРѕРґСЃС‚СЂРѕРєР°: dbb
РЅР°РёР±РѕР»СЊС€Р°СЏ РѕР±С‰Р°СЏ РїРѕРґСЃС‚СЂРѕРєР°: dbd
РЅР°РёР±РѕР»СЊС€Р°СЏ РѕР±С‰Р°СЏ РїРѕРґСЃС‚СЂРѕРєР°: ddcb
РЅР°РёР±РѕР»СЊС€Р°СЏ РѕР±С‰Р°СЏ РїРѕРґСЃС‚СЂРѕРєР°: bda
РЅР°РёР±РѕР»СЊС€Р°СЏ РѕР±С‰Р°СЏ РїРѕРґСЃС‚СЂРѕРєР°: ccb
РЅР°РёР±РѕР»СЊС€Р°СЏ РѕР±С‰Р°СЏ РїРѕРґСЃС‚СЂРѕРєР°: cd
РЅР°РёР±РѕР»СЊС€Р°СЏ РѕР±С‰Р°СЏ РїРѕРґСЃС‚СЂРѕРєР°: ca
РЅР°РёР±РѕР»СЊС€Р°СЏ РѕР±С‰Р°СЏ РїРѕРґСЃС‚СЂРѕРєР°: ac
РЅР°РёР±РѕР»СЊС€Р°СЏ РѕР±С‰Р°СЏ РїРѕРґСЃС‚СЂРѕРєР°: acc
РЅР°РёР±РѕР»СЊС€Р°СЏ РѕР±С‰Р°СЏ РїРѕРґСЃС‚СЂРѕРєР°: cb
РЅР°РёР±РѕР»СЊС€Р°СЏ РѕР±С‰Р°СЏ РїРѕРґСЃС‚СЂРѕРєР°: ad
РЅР°РёР±РѕР»СЊС€Р°СЏ РѕР±С‰Р°СЏ РїРѕРґСЃС‚СЂРѕРєР°: ad
РЅР°РёР±РѕР»СЊС€Р°СЏ РѕР±С‰Р°СЏ РїРѕРґСЃС‚СЂРѕРєР°: ad
РЅР°РёР±РѕР»СЊС€Р°СЏ РѕР±С‰Р°СЏ РїРѕРґСЃС‚СЂРѕРєР°: dc
РЅР°РёР±РѕР»СЊС€Р°СЏ РѕР±С‰Р°СЏ РїРѕРґСЃС‚СЂРѕРєР°: cad
РЅР°РёР±РѕР»СЊС€Р°СЏ РѕР±С‰Р°СЏ РїРѕРґСЃС‚СЂРѕРєР°: cdc
РЅР°РёР±РѕР»СЊС€Р°СЏ РѕР±С‰Р°СЏ РїРѕРґСЃС‚СЂРѕРєР°: cb
РЅР°РёР±РѕР»СЊС€Р°СЏ РѕР±С‰Р°СЏ РїРѕРґСЃС‚СЂРѕРєР°: ca
РЅР°РёР±РѕР»СЊС€Р°СЏ РѕР±С‰Р°СЏ РїРѕРґСЃС‚СЂРѕРєР°: dba
РЅР°РёР±РѕР»СЊС€Р°СЏ РѕР±С‰Р°СЏ РїРѕРґСЃС‚СЂРѕРєР°: ada
РЅР°РёР±РѕР»СЊС€Р°СЏ РѕР±С‰Р°СЏ РїРѕРґСЃС‚СЂРѕРєР°: ac
РЅР°РёР±РѕР»СЊС€Р°СЏ РѕР±С‰Р°СЏ РїРѕРґСЃС‚СЂРѕРєР°: dc
РЅР°РёР±РѕР»СЊС€Р°СЏ РѕР±С‰Р°СЏ РїРѕРґСЃС‚СЂРѕРєР°: ddac
РЅР°РёР±РѕР»СЊС€Р°СЏ РѕР±С‰Р°СЏ РїРѕРґСЃС‚СЂРѕРєР°: ccba
РЅР°РёР±РѕР»СЊС€Р°СЏ РѕР±С‰Р°СЏ РїРѕРґСЃС‚СЂРѕРєР°: acb
РЅР°РёР±РѕР»СЊС€Р°СЏ РѕР±С‰Р°СЏ РїРѕРґСЃС‚СЂРѕРєР°: ba
РЅР°РёР±РѕР»СЊС€Р°СЏ РѕР±С‰Р°СЏ РїРѕРґСЃС‚СЂРѕРєР°: bc
РЅР°РёР±РѕР»СЊС€Р°СЏ РѕР±С‰Р°СЏ РїРѕРґСЃС‚СЂРѕРєР°: bbc
РЅР°РёР±РѕР»СЊС€Р°СЏ РѕР±С‰Р°СЏ РїРѕРґСЃС‚СЂРѕРєР°: db
РЅР°РёР±РѕР»СЊС€Р°СЏ РѕР±С‰Р°СЏ РїРѕРґСЃС‚СЂРѕРєР°: cd
РЅР°РёР±РѕР»СЊС€Р°СЏ РѕР±С‰Р°СЏ РїРѕРґСЃС‚СЂРѕРєР°: bba
РЅР°РёР±РѕР»СЊС€Р°СЏ РѕР±С‰Р°СЏ РїРѕРґСЃС‚СЂРѕРєР°: bdc
РЅР°РёР±РѕР»СЊС€Р°СЏ РѕР±С‰Р°СЏ РїРѕРґСЃС‚СЂРѕРєР°: cb
РЅР°РёР±РѕР»СЊС€Р°СЏ РѕР±С‰Р°СЏ РїРѕРґСЃС‚СЂРѕРєР°: ca
РЅР°РёР±РѕР»СЊС€Р°СЏ РѕР±С‰Р°СЏ РїРѕРґСЃС‚СЂРѕРєР°: dad
РЅР°РёР±РѕР»СЊС€Р°СЏ РѕР±С‰Р°СЏ РїРѕРґСЃС‚СЂРѕРєР°: aa
РЅР°РёР±РѕР»СЊС€Р°СЏ РѕР±С‰Р°СЏ РїРѕРґСЃС‚СЂРѕРєР°: da
РЅР°РёР±РѕР»СЊС€Р°СЏ РѕР±С‰Р°СЏ РїРѕРґСЃС‚СЂРѕРєР°: dd
РЅР°РёР±РѕР»СЊС€Р°СЏ РѕР±С‰Р°СЏ РїРѕРґСЃС‚СЂРѕРєР°: bdb
РЅР°РёР±РѕР»СЊС€Р°СЏ РѕР±С‰Р°СЏ РїРѕРґСЃС‚СЂРѕРєР°: cac
РЅР°РёР±РѕР»СЊС€Р°СЏ РѕР±С‰Р°СЏ РїРѕРґСЃС‚СЂРѕРєР°: abd
РЅР°РёР±РѕР»СЊС€Р°СЏ РѕР±С‰Р°СЏ РїРѕРґСЃС‚СЂРѕРєР°: da
РЅР°РёР±РѕР»СЊС€Р°СЏ РѕР±С‰Р°СЏ РїРѕРґСЃС‚СЂРѕРєР°: add
РЅР°РёР±РѕР»СЊС€Р°СЏ РѕР±С‰Р°СЏ РїРѕРґСЃС‚СЂРѕРєР°: aac
РЅР°РёР±РѕР»СЊС€Р°СЏ РѕР±С‰Р°СЏ РїРѕРґСЃС‚СЂРѕРєР°: dcd
РЅР°РёР±РѕР»СЊС€Р°СЏ РѕР±С‰Р°СЏ РїРѕРґСЃС‚СЂРѕРєР°: cd
РЅР°РёР±РѕР»СЊС€Р°СЏ РѕР±С‰Р°СЏ РїРѕРґСЃС‚СЂРѕРєР°: abac
РЅР°РёР±РѕР»СЊС€Р°СЏ РѕР±С‰Р°СЏ РїРѕРґСЃС‚СЂРѕРєР°: acd
РЅР°РёР±РѕР»СЊС€Р°СЏ РѕР±С‰Р°СЏ РїРѕРґСЃС‚СЂРѕРєР°: addd
РЅР°РёР±РѕР»СЊС€Р°СЏ РѕР±С‰Р°СЏ РїРѕРґСЃС‚СЂРѕРєР°: bddc
РЅР°РёР±РѕР»СЊС€Р°СЏ РѕР±С‰Р°СЏ РїРѕРґСЃС‚СЂРѕРєР°: add
РЅР°РёР±РѕР»СЊС€Р°СЏ РѕР±С‰Р°СЏ РїРѕРґСЃС‚СЂРѕРєР°: cbba
РЅР°РёР±РѕР»СЊС€Р°СЏ РѕР±С‰Р°СЏ РїРѕРґСЃС‚СЂРѕРєР°: aabd
РЅР°РёР±РѕР»СЊС€Р°СЏ РѕР±С‰Р°СЏ РїРѕРґСЃС‚СЂРѕРєР°: bca
РЅР°РёР±РѕР»СЊС€Р°СЏ РѕР±С‰Р°СЏ РїРѕРґСЃС‚СЂРѕРєР°: ca
РЅР°РёР±РѕР»СЊС€Р°СЏ РѕР±С‰Р°СЏ РїРѕРґСЃС‚СЂРѕРєР°: bb
РЅР°РёР±РѕР»СЊС€Р°СЏ РѕР±С‰Р°СЏ РїРѕРґСЃС‚СЂРѕРєР°: caa
РЅР°РёР±РѕР»СЊС€Р°СЏ РѕР±С‰Р°СЏ РїРѕРґСЃС‚СЂРѕРєР°: cdd
РЅР°РёР±РѕР»СЊС€Р°СЏ РѕР±С‰Р°СЏ РїРѕРґСЃС‚СЂРѕРєР°: db
РЅР°РёР±РѕР»СЊС€Р°СЏ РѕР±С‰Р°СЏ РїРѕРґСЃС‚СЂРѕРєР°: bba
РЅР°РёР±РѕР»СЊС€Р°СЏ РѕР±С‰Р°СЏ РїРѕРґСЃС‚СЂРѕРєР°: ba
РЅР°РёР±РѕР»СЊС€Р°СЏ РѕР±С‰Р°СЏ РїРѕРґСЃС‚СЂРѕРєР°: dbca
РЅР°РёР±РѕР»СЊС€Р°СЏ РѕР±С‰Р°СЏ РїРѕРґСЃС‚СЂРѕРєР°: aacc
РЅР°РёР±РѕР»СЊС€Р°СЏ РѕР±С‰Р°СЏ РїРѕРґСЃС‚СЂРѕРєР°: dbc
РЅР°РёР±РѕР»СЊС€Р°СЏ РѕР±С‰Р°СЏ РїРѕРґСЃС‚СЂРѕРєР°: cdd
РЅР°РёР±РѕР»СЊС€Р°СЏ РѕР±С‰Р°СЏ РїРѕРґСЃС‚СЂРѕРєР°: bc
РЅР°РёР±РѕР»СЊС€Р°СЏ РѕР±С‰Р°СЏ РїРѕРґСЃС‚СЂРѕРєР°: dcc
РЅР°РёР±РѕР»СЊС€Р°СЏ РѕР±С‰Р°СЏ РїРѕРґСЃС‚СЂРѕРєР°: aa
РЅР°РёР±РѕР»СЊС€Р°СЏ РѕР±С‰Р°СЏ РїРѕРґСЃС‚СЂРѕРєР°: adddc
РЅР°РёР±РѕР»СЊС€Р°СЏ РѕР±С‰Р°СЏ РїРѕРґСЃС‚СЂРѕРєР°: abd
РЅР°РёР±РѕР»СЊС€Р°СЏ РѕР±С‰Р°СЏ РїРѕРґСЃС‚СЂРѕРєР°: cbb
РЅР°РёР±РѕР»СЊС€Р°СЏ РѕР±С‰Р°СЏ РїРѕРґСЃС‚СЂРѕРєР°: cb
РЅР°РёР±РѕР»СЊС€Р°СЏ РѕР±С‰Р°СЏ РїРѕРґСЃС‚СЂРѕРєР°: da
РЅР°РёР±РѕР»СЊС€Р°СЏ РѕР±С‰Р°СЏ РїРѕРґСЃС‚СЂРѕРєР°: db
РЅР°РёР±РѕР»СЊС€Р°СЏ РѕР±С‰Р°СЏ РїРѕРґСЃС‚СЂРѕРєР°: bba
РЅР°РёР±РѕР»СЊС€Р°СЏ РѕР±С‰Р°СЏ РїРѕРґСЃС‚СЂРѕРєР°: cd
РЅР°РёР±РѕР»СЊС€Р°СЏ РѕР±С‰Р°СЏ РїРѕРґСЃС‚СЂРѕРєР°: dcb
РЅР°РёР±РѕР»СЊС€Р°СЏ РѕР±С‰Р°СЏ РїРѕРґСЃС‚СЂРѕРєР°: ddcbd
РЅР°РёР±РѕР»СЊС€Р°СЏ РѕР±С‰Р°СЏ РїРѕРґСЃС‚СЂРѕРєР°: cb
РЅР°РёР±РѕР»СЊС€Р°СЏ РѕР±С‰Р°СЏ РїРѕРґСЃС‚СЂРѕРєР°: bdd
РЅР°РёР±РѕР»СЊС€Р°СЏ РѕР±С‰Р°СЏ РїРѕРґСЃС‚СЂРѕРєР°: aba
РЅР°РёР±РѕР»СЊС€Р°СЏ РѕР±С‰Р°СЏ РїРѕРґСЃС‚СЂРѕРєР°: ba
РЅР°РёР±РѕР»СЊС€Р°СЏ РѕР±С‰Р°СЏ РїРѕРґСЃС‚СЂРѕРєР°: bd
РЅР°РёР±РѕР»СЊС€Р°СЏ РѕР±С‰Р°СЏ РїРѕРґСЃС‚СЂРѕРєР°: ddb
РЅР°РёР±РѕР»СЊС€Р°СЏ РѕР±С‰Р°СЏ РїРѕРґСЃС‚СЂРѕРєР°: cb
РЅР°РёР±РѕР»СЊС€Р°СЏ РѕР±С‰Р°СЏ РїРѕРґСЃС‚СЂРѕРєР°: dd
РЅР°РёР±РѕР»СЊС€Р°СЏ РѕР±С‰Р°СЏ РїРѕРґСЃС‚СЂРѕРєР°: ad
РЅР°РёР±РѕР»СЊС€Р°СЏ РѕР±С‰Р°СЏ РїРѕРґСЃС‚СЂРѕРєР°: ac
РЅР°РёР±РѕР»СЊС€Р°СЏ РѕР±С‰Р°СЏ РїРѕРґСЃС‚СЂРѕРєР°: cc
РЅР°РёР±РѕР»СЊС€Р°СЏ РѕР±С‰Р°СЏ РїРѕРґСЃС‚СЂРѕРєР°: abd
РЅР°РёР±РѕР»СЊС€Р°СЏ РѕР±С‰Р°СЏ РїРѕРґСЃС‚СЂРѕРєР°: ab
РЅР°РёР±РѕР»СЊС€Р°СЏ РѕР±С‰Р°СЏ РїРѕРґСЃС‚СЂРѕРєР°: adb
РЅР°РёР±РѕР»СЊС€Р°СЏ РѕР±С‰Р°СЏ РїРѕРґСЃС‚СЂРѕРєР°: bdc
РЅР°РёР±РѕР»СЊС€Р°СЏ РѕР±С‰Р°СЏ РїРѕРґСЃС‚СЂРѕРєР°: bba
РЅР°РёР±РѕР»СЊС€Р°СЏ РѕР±С‰Р°СЏ РїРѕРґСЃС‚СЂРѕРєР°: adc
РЅР°РёР±РѕР»СЊС€Р°СЏ РѕР±С‰Р°СЏ РїРѕРґСЃС‚СЂРѕРєР°: dad
РЅР°РёР±РѕР»СЊС€Р°СЏ РѕР±С‰Р°СЏ РїРѕРґСЃС‚СЂРѕРєР°: acd
РЅР°РёР±РѕР»СЊС€Р°СЏ РѕР±С‰Р°СЏ РїРѕРґСЃС‚СЂРѕРєР°: dba
РЅР°РёР±РѕР»СЊС€Р°СЏ РѕР±С‰Р°СЏ РїРѕРґСЃС‚СЂРѕРєР°: db
РЅР°РёР±РѕР»СЊС€Р°СЏ РѕР±С‰Р°СЏ РїРѕРґСЃС‚СЂРѕРєР°: dda
РЅР°РёР±РѕР»СЊС€Р°СЏ РѕР±С‰Р°СЏ РїРѕРґСЃС‚СЂРѕРєР°: acc
РЅР°РёР±РѕР»СЊС€Р°СЏ РѕР±С‰Р°СЏ РїРѕРґСЃС‚СЂРѕРєР°: cdbd
РЅР°РёР±РѕР»СЊС€Р°СЏ РѕР±С‰Р°СЏ РїРѕРґСЃС‚СЂРѕРєР°: dc
РЅР°РёР±РѕР»СЊС€Р°СЏ РѕР±С‰Р°СЏ РїРѕРґСЃС‚СЂРѕРєР°: dcc
РЅР°РёР±РѕР»СЊС€Р°СЏ РѕР±С‰Р°СЏ РїРѕРґСЃС‚СЂРѕРєР°: ba
РЅР°РёР±РѕР»СЊС€Р°СЏ РѕР±С‰Р°СЏ РїРѕРґСЃС‚СЂРѕРєР°: daa
РЅР°РёР±РѕР»СЊС€Р°СЏ РѕР±С‰Р°СЏ РїРѕРґСЃС‚СЂРѕРєР°: cdc
РЅР°РёР±РѕР»СЊС€Р°СЏ РѕР±С‰Р°СЏ РїРѕРґСЃС‚СЂРѕРєР°: dcbdb
РЅР°РёР±РѕР»СЊС€Р°СЏ РѕР±С‰Р°СЏ РїРѕРґСЃС‚СЂРѕРєР°: bc
РЅР°РёР±РѕР»СЊС€Р°СЏ РѕР±С‰Р°СЏ РїРѕРґСЃС‚СЂРѕРєР°: bc
РЅР°РёР±РѕР»СЊС€Р°СЏ РѕР±С‰Р°СЏ РїРѕРґСЃС‚СЂРѕРєР°: bca
РЅР°РёР±РѕР»СЊС€Р°СЏ РѕР±С‰Р°СЏ РїРѕРґСЃС‚СЂРѕРєР°: bda
РЅР°РёР±РѕР»СЊС€Р°СЏ РѕР±С‰Р°СЏ РїРѕРґСЃС‚СЂРѕРєР°: ca
РЅР°РёР±РѕР»СЊС€Р°СЏ РѕР±С‰Р°СЏ РїРѕРґСЃС‚СЂРѕРєР°: cac
РЅР°РёР±РѕР»СЊС€Р°СЏ РѕР±С‰Р°СЏ РїРѕРґСЃС‚СЂРѕРєР°: cd
РЅР°РёР±РѕР»СЊС€Р°СЏ РѕР±С‰Р°СЏ РїРѕРґСЃС‚СЂРѕРєР°: cdd
РЅР°РёР±РѕР»СЊС€Р°СЏ РѕР±С‰Р°СЏ РїРѕРґСЃС‚СЂРѕРєР°: cbaa
РЅР°РёР±РѕР»СЊС€Р°СЏ РѕР±С‰Р°СЏ РїРѕРґСЃС‚СЂРѕРєР°: aaaddc
РЅР°РёР±РѕР»СЊС€Р°СЏ РѕР±С‰Р°СЏ РїРѕРґСЃС‚СЂРѕРєР°: dc
РЅР°РёР±РѕР»СЊС€Р°СЏ РѕР±С‰Р°СЏ РїРѕРґСЃС‚СЂРѕРєР°: aa
РЅР°РёР±РѕР»СЊС€Р°СЏ РѕР±С‰Р°СЏ РїРѕРґСЃС‚СЂРѕРєР°: cac
РЅР°РёР±РѕР»СЊС€Р°СЏ РѕР±С‰Р°СЏ РїРѕРґСЃС‚СЂРѕРєР°: dba
РЅР°РёР±РѕР»СЊС€Р°СЏ РѕР±С‰Р°СЏ РїРѕРґСЃС‚СЂРѕРєР°: bc
РЅР°РёР±РѕР»СЊС€Р°СЏ РѕР±С‰Р°СЏ РїРѕРґСЃС‚СЂРѕРєР°: bd
РЅР°РёР±РѕР»СЊС€Р°СЏ РѕР±С‰Р°СЏ РїРѕРґСЃС‚СЂРѕРєР°: aca
РЅР°РёР±РѕР»СЊС€Р°СЏ РѕР±С‰Р°СЏ РїРѕРґСЃС‚СЂРѕРєР°: bd
РЅР°РёР±РѕР»СЊС€Р°СЏ РѕР±С‰Р°СЏ РїРѕРґСЃС‚СЂРѕРєР°: ac
РЅР°РёР±РѕР»СЊС€Р°СЏ РѕР±С‰Р°СЏ РїРѕРґСЃС‚СЂРѕРєР°: bc
РЅР°РёР±РѕР»СЊС€Р°СЏ РѕР±С‰Р°СЏ РїРѕРґСЃС‚СЂРѕРєР°: bdb
РЅР°РёР±РѕР»СЊС€Р°СЏ РѕР±С‰Р°СЏ РїРѕРґСЃС‚СЂРѕРєР°: dcbd
РЅР°РёР±РѕР»СЊС€Р°СЏ РѕР±С‰Р°СЏ РїРѕРґСЃС‚СЂРѕРєР°: abc
РЅР°РёР±РѕР»СЊС€Р°СЏ РѕР±С‰Р°СЏ РїРѕРґСЃС‚СЂРѕРєР°: cdc
РЅР°РёР±РѕР»СЊС€Р°СЏ РѕР±С‰Р°СЏ РїРѕРґСЃС‚СЂРѕРєР°: aa
РЅР°РёР±РѕР»СЊС€Р°СЏ РѕР±С‰Р°СЏ РїРѕРґСЃС‚СЂРѕРєР°: ccd
РЅР°РёР±РѕР»СЊС€Р°СЏ РѕР±С‰Р°СЏ РїРѕРґСЃС‚СЂРѕРєР°: cdd
РЅР°РёР±РѕР»СЊС€Р°СЏ РѕР±С‰Р°СЏ РїРѕРґСЃС‚СЂРѕРєР°: cba
РЅР°РёР±РѕР»СЊС€Р°СЏ РѕР±С‰Р°СЏ РїРѕРґСЃС‚СЂРѕРєР°: bd
РЅР°РёР±РѕР»СЊС€Р°СЏ РѕР±С‰Р°СЏ РїРѕРґСЃС‚СЂРѕРєР°: dac
РЅР°РёР±РѕР»СЊС€Р°СЏ РѕР±С‰Р°СЏ РїРѕРґСЃС‚СЂРѕРєР°: bcc
РЅР°РёР±РѕР»СЊС€Р°СЏ РѕР±С‰Р°СЏ РїРѕРґСЃС‚СЂРѕРєР°: dbb
РЅР°РёР±РѕР»СЊС€Р°СЏ РѕР±С‰Р°СЏ РїРѕРґСЃС‚СЂРѕРєР°: bbc
РЅР°РёР±РѕР»СЊС€Р°СЏ РѕР±С‰Р°СЏ РїРѕРґСЃС‚СЂРѕРєР°: bb
РЅР°РёР±РѕР»СЊС€Р°СЏ РѕР±С‰Р°СЏ РїРѕРґСЃС‚СЂРѕРєР°: ca
РЅР°РёР±РѕР»СЊС€Р°СЏ РѕР±С‰Р°СЏ РїРѕРґСЃС‚СЂРѕРєР°: cca
РЅР°РёР±РѕР»СЊС€Р°СЏ РѕР±С‰Р°СЏ РїРѕРґСЃС‚СЂРѕРєР°: cbd
РЅР°РёР±РѕР»СЊС€Р°СЏ РѕР±С‰Р°СЏ РїРѕРґСЃС‚СЂРѕРєР°: dc
РЅР°РёР±РѕР»СЊС€Р°СЏ РѕР±С‰Р°СЏ РїРѕРґСЃС‚СЂРѕРєР°: aa
РЅР°РёР±РѕР»СЊС€Р°СЏ РѕР±С‰Р°СЏ РїРѕРґСЃС‚СЂРѕРєР°: add
РЅР°РёР±РѕР»СЊС€Р°СЏ РѕР±С‰Р°СЏ РїРѕРґСЃС‚СЂРѕРєР°: abc
РЅР°РёР±РѕР»СЊС€Р°СЏ РѕР±С‰Р°СЏ РїРѕРґСЃС‚СЂРѕРєР°: dbad
РЅР°РёР±РѕР»СЊС€Р°СЏ РѕР±С‰Р°СЏ РїРѕРґСЃС‚СЂРѕРєР°: bd
РЅР°РёР±РѕР»СЊС€Р°СЏ РѕР±С‰Р°СЏ РїРѕРґСЃС‚СЂРѕРєР°: dac
РЅР°РёР±РѕР»СЊС€Р°СЏ РѕР±С‰Р°СЏ РїРѕРґСЃС‚СЂРѕРєР°: abcd
РЅР°РёР±РѕР»СЊС€Р°СЏ РѕР±С‰Р°СЏ РїРѕРґСЃС‚СЂРѕРєР°: daad
РЅР°РёР±РѕР»СЊС€Р°СЏ РѕР±С‰Р°СЏ РїРѕРґСЃС‚СЂРѕРєР°: acc
РЅР°РёР±РѕР»СЊС€Р°СЏ РѕР±С‰Р°СЏ РїРѕРґСЃС‚СЂРѕРєР°: acb
РЅР°РёР±РѕР»СЊС€Р°СЏ РѕР±С‰Р°СЏ РїРѕРґСЃС‚СЂРѕРєР°: dbdb
РЅР°РёР±РѕР»СЊС€Р°СЏ РѕР±С‰Р°СЏ РїРѕРґСЃС‚СЂРѕРєР°: ba
РЅР°РёР±РѕР»СЊС€Р°СЏ РѕР±С‰Р°СЏ РїРѕРґСЃС‚СЂРѕРєР°: aa
РЅР°РёР±РѕР»СЊС€Р°СЏ РѕР±С‰Р°СЏ РїРѕРґСЃС‚СЂРѕРєР°: cdc
РЅР°РёР±РѕР»СЊС€Р°СЏ РѕР±С‰Р°СЏ РїРѕРґСЃС‚СЂРѕРєР°: ab
РЅР°РёР±РѕР»СЊС€Р°СЏ РѕР±С‰Р°СЏ РїРѕРґСЃС‚СЂРѕРєР°: db
РЅР°РёР±РѕР»СЊС€Р°СЏ РѕР±С‰Р°СЏ РїРѕРґСЃС‚СЂРѕРєР°: bcc
РЅР°РёР±РѕР»СЊС€Р°СЏ РѕР±С‰Р°СЏ РїРѕРґСЃС‚СЂРѕРєР°: cb
РЅР°РёР±РѕР»СЊС€Р°СЏ РѕР±С‰Р°СЏ РїРѕРґСЃС‚СЂРѕРєР°: dcbad
РЅР°РёР±РѕР»СЊС€Р°СЏ РѕР±С‰Р°СЏ РїРѕРґСЃС‚СЂРѕРєР°: cbcc
РЅР°РёР±РѕР»СЊС€Р°СЏ РѕР±С‰Р°СЏ РїРѕРґСЃС‚СЂРѕРєР°: db
РЅР°РёР±РѕР»СЊС€Р°СЏ РѕР±С‰Р°СЏ РїРѕРґСЃС‚СЂРѕРєР°: bb
РЅР°РёР±РѕР»СЊС€Р°СЏ РѕР±С‰Р°СЏ РїРѕРґСЃС‚СЂРѕРєР°: bddc
РЅР°РёР±РѕР»СЊС€Р°СЏ РѕР±С‰Р°СЏ РїРѕРґСЃС‚СЂРѕРєР°: dd
РЅР°РёР±РѕР»СЊС€Р°СЏ РѕР±С‰Р°СЏ РїРѕРґСЃС‚СЂРѕРєР°: bbaa
РЅР°РёР±РѕР»СЊС€Р°СЏ РѕР±С‰Р°СЏ РїРѕРґСЃС‚СЂРѕРєР°: ba
РЅР°РёР±РѕР»СЊС€Р°СЏ РѕР±С‰Р°СЏ РїРѕРґСЃС‚СЂРѕРєР°: cad
РЅР°РёР±РѕР»СЊС€Р°СЏ РѕР±С‰Р°СЏ РїРѕРґСЃС‚СЂРѕРєР°: cad
РЅР°РёР±РѕР»СЊС€Р°СЏ РѕР±С‰Р°СЏ РїРѕРґСЃС‚СЂРѕРєР°: abc
РЅР°РёР±РѕР»СЊС€Р°СЏ РѕР±С‰Р°СЏ РїРѕРґСЃС‚СЂРѕРєР°: ba
РЅР°РёР±РѕР»СЊС€Р°СЏ РѕР±С‰Р°СЏ РїРѕРґСЃС‚СЂРѕРєР°: ca
РЅР°РёР±РѕР»СЊС€Р°СЏ РѕР±С‰Р°СЏ РїРѕРґСЃС‚СЂРѕРєР°: cd
РЅР°РёР±РѕР»СЊС€Р°СЏ РѕР±С‰Р°СЏ РїРѕРґСЃС‚СЂРѕРєР°: cb
РЅР°РёР±РѕР»СЊС€Р°СЏ РѕР±С‰Р°СЏ РїРѕРґСЃС‚СЂРѕРєР°: db
РЅР°РёР±РѕР»СЊС€Р°СЏ РѕР±С‰Р°СЏ РїРѕРґСЃС‚СЂРѕРєР°: ba
РЅР°РёР±РѕР»СЊС€Р°СЏ РѕР±С‰Р°СЏ РїРѕРґСЃС‚СЂРѕРєР°: dacb
РЅР°РёР±РѕР»СЊС€Р°СЏ РѕР±С‰Р°СЏ РїРѕРґСЃС‚СЂРѕРєР°: bc
РЅР°РёР±РѕР»СЊС€Р°СЏ РѕР±С‰Р°СЏ РїРѕРґСЃС‚СЂРѕРєР°: bb
РЅР°РёР±РѕР»СЊС€Р°СЏ РѕР±С‰Р°СЏ РїРѕРґСЃС‚СЂРѕРєР°: caa
РЅР°РёР±РѕР»СЊС€Р°СЏ РѕР±С‰Р°СЏ РїРѕРґСЃС‚СЂРѕРєР°: bcdd
РЅР°РёР±РѕР»СЊС€Р°СЏ РѕР±С‰Р°СЏ РїРѕРґСЃС‚СЂРѕРєР°: ddaba
РЅР°РёР±РѕР»СЊС€Р°СЏ РѕР±С‰Р°СЏ РїРѕРґСЃС‚СЂРѕРєР°: dcb
РЅР°РёР±РѕР»СЊС€Р°СЏ РѕР±С‰Р°СЏ РїРѕРґСЃС‚СЂРѕРєР°: bb
РЅР°РёР±РѕР»СЊС€Р°СЏ РѕР±С‰Р°СЏ РїРѕРґСЃС‚СЂРѕРєР°: cb
РЅР°РёР±РѕР»СЊС€Р°СЏ РѕР±С‰Р°СЏ РїРѕРґСЃС‚СЂРѕРєР°: bcc
РЅР°РёР±РѕР»СЊС€Р°СЏ РѕР±С‰Р°СЏ РїРѕРґСЃС‚СЂРѕРєР°: dd
РЅР°РёР±РѕР»СЊС€Р°СЏ РѕР±С‰Р°СЏ РїРѕРґСЃС‚СЂРѕРєР°: bcd
РЅР°РёР±РѕР»СЊС€Р°СЏ РѕР±С‰Р°СЏ РїРѕРґСЃС‚СЂРѕРєР°: ac
РЅР°РёР±РѕР»СЊС€Р°СЏ РѕР±С‰Р°СЏ РїРѕРґСЃС‚СЂРѕРєР°: cd
РЅР°РёР±РѕР»СЊС€Р°СЏ РѕР±С‰Р°СЏ РїРѕРґСЃС‚СЂРѕРєР°: adc
РЅР°РёР±РѕР»СЊС€Р°СЏ РѕР±С‰Р°СЏ РїРѕРґСЃС‚СЂРѕРєР°: dbb
РЅР°РёР±РѕР»СЊС€Р°СЏ РѕР±С‰Р°СЏ РїРѕРґСЃС‚СЂРѕРєР°: bbbd
РЅР°РёР±РѕР»СЊС€Р°СЏ РѕР±С‰Р°СЏ РїРѕРґСЃС‚СЂРѕРєР°: cdc
РЅР°РёР±РѕР»СЊС€Р°СЏ РѕР±С‰Р°СЏ РїРѕРґСЃС‚СЂРѕРєР°: dba
РЅР°РёР±РѕР»СЊС€Р°СЏ РѕР±С‰Р°СЏ РїРѕРґСЃС‚СЂРѕРєР°: ad
РЅР°РёР±РѕР»СЊС€Р°СЏ РѕР±С‰Р°СЏ РїРѕРґСЃС‚СЂРѕРєР°: cb
РЅР°РёР±РѕР»СЊС€Р°СЏ РѕР±С‰Р°СЏ РїРѕРґСЃС‚СЂРѕРєР°: cdb
РЅР°РёР±РѕР»СЊС€Р°СЏ РѕР±С‰Р°СЏ РїРѕРґСЃС‚СЂРѕРєР°: ad
РЅР°РёР±РѕР»СЊС€Р°СЏ РѕР±С‰Р°СЏ РїРѕРґСЃС‚СЂРѕРєР°: dd
РЅР°РёР±РѕР»СЊС€Р°СЏ РѕР±С‰Р°СЏ РїРѕРґСЃС‚СЂРѕРєР°: ccd
РЅР°РёР±РѕР»СЊС€Р°СЏ РѕР±С‰Р°СЏ РїРѕРґСЃС‚СЂРѕРєР°: ab
РЅР°РёР±РѕР»СЊС€Р°СЏ РѕР±С‰Р°СЏ РїРѕРґСЃС‚СЂРѕРєР°: cb
РЅР°РёР±РѕР»СЊС€Р°СЏ РѕР±С‰Р°СЏ РїРѕРґСЃС‚СЂРѕРєР°: ac
РЅР°РёР±РѕР»СЊС€Р°СЏ РѕР±С‰Р°СЏ РїРѕРґСЃС‚СЂРѕРєР°: dba
РЅР°РёР±РѕР»СЊС€Р°СЏ РѕР±С‰Р°СЏ РїРѕРґСЃС‚СЂРѕРєР°: bc
РЅР°РёР±РѕР»СЊС€Р°СЏ РѕР±С‰Р°СЏ РїРѕРґСЃС‚СЂРѕРєР°: dda
РЅР°РёР±РѕР»СЊС€Р°СЏ РѕР±С‰Р°СЏ РїРѕРґСЃС‚СЂРѕРєР°: da
РЅР°РёР±РѕР»СЊС€Р°СЏ РѕР±С‰Р°СЏ РїРѕРґСЃС‚СЂРѕРєР°: ad
РЅР°РёР±РѕР»СЊС€Р°СЏ РѕР±С‰Р°СЏ РїРѕРґСЃС‚СЂРѕРєР°: dbdad
РЅР°РёР±РѕР»СЊС€Р°СЏ РѕР±С‰Р°СЏ РїРѕРґСЃС‚СЂРѕРєР°: dbc
РЅР°РёР±РѕР»СЊС€Р°СЏ РѕР±С‰Р°СЏ РїРѕРґСЃС‚СЂРѕРєР°: cca
РЅР°РёР±РѕР»СЊС€Р°СЏ РѕР±С‰Р°СЏ РїРѕРґСЃС‚СЂРѕРєР°: bb
РЅР°РёР±РѕР»СЊС€Р°СЏ РѕР±С‰Р°СЏ РїРѕРґСЃС‚СЂРѕРєР°: dbacd
РЅР°РёР±РѕР»СЊС€Р°СЏ РѕР±С‰Р°СЏ РїРѕРґСЃС‚СЂРѕРєР°: ccab
РЅР°РёР±РѕР»СЊС€Р°СЏ РѕР±С‰Р°СЏ РїРѕРґСЃС‚СЂРѕРєР°: ddd
РЅР°РёР±РѕР»СЊС€Р°СЏ РѕР±С‰Р°СЏ РїРѕРґСЃС‚СЂРѕРєР°: bdd
РЅР°РёР±РѕР»СЊС€Р°СЏ РѕР±С‰Р°СЏ РїРѕРґСЃС‚СЂРѕРєР°: cab
РЅР°РёР±РѕР»СЊС€Р°СЏ РѕР±С‰Р°СЏ РїРѕРґСЃС‚СЂРѕРєР°: dc
РЅР°РёР±РѕР»СЊС€Р°СЏ РѕР±С‰Р°СЏ РїРѕРґСЃС‚СЂРѕРєР°: dba
РЅР°РёР±РѕР»СЊС€Р°СЏ РѕР±С‰Р°СЏ РїРѕРґСЃС‚СЂРѕРєР°: cb
РЅР°РёР±РѕР»СЊС€Р°СЏ РѕР±С‰Р°СЏ РїРѕРґСЃС‚СЂРѕРєР°: aad
РЅР°РёР±РѕР»СЊС€Р°СЏ РѕР±С‰Р°СЏ РїРѕРґСЃС‚СЂРѕРєР°: cbca
РЅР°РёР±РѕР»СЊС€Р°СЏ РѕР±С‰Р°СЏ РїРѕРґСЃС‚СЂРѕРєР°: caa
РЅР°РёР±РѕР»СЊС€Р°СЏ РѕР±С‰Р°СЏ РїРѕРґСЃС‚СЂРѕРєР°: abd
РЅР°РёР±РѕР»СЊС€Р°СЏ РѕР±С‰Р°СЏ РїРѕРґСЃС‚СЂРѕРєР°: cdac
РЅР°РёР±РѕР»СЊС€Р°СЏ РѕР±С‰Р°СЏ РїРѕРґСЃС‚СЂРѕРєР°: bcb
РЅР°РёР±РѕР»СЊС€Р°СЏ РѕР±С‰Р°СЏ РїРѕРґСЃС‚СЂРѕРєР°: cb
РЅР°РёР±РѕР»СЊС€Р°СЏ РѕР±С‰Р°СЏ РїРѕРґСЃС‚СЂРѕРєР°: ad
РЅР°РёР±РѕР»СЊС€Р°СЏ РѕР±С‰Р°СЏ РїРѕРґСЃС‚СЂРѕРєР°: ba
РЅР°РёР±РѕР»СЊС€Р°СЏ РѕР±С‰Р°СЏ РїРѕРґСЃС‚СЂРѕРєР°: dbb
РЅР°РёР±РѕР»СЊС€Р°СЏ РѕР±С‰Р°СЏ РїРѕРґСЃС‚СЂРѕРєР°: bcb
РЅР°РёР±РѕР»СЊС€Р°СЏ РѕР±С‰Р°СЏ РїРѕРґСЃС‚СЂРѕРєР°: bbc
РЅР°РёР±РѕР»СЊС€Р°СЏ РѕР±С‰Р°СЏ РїРѕРґСЃС‚СЂРѕРєР°: ddaba
РЅР°РёР±РѕР»СЊС€Р°СЏ РѕР±С‰Р°СЏ РїРѕРґСЃС‚СЂРѕРєР°: dc
РЅР°РёР±РѕР»СЊС€Р°СЏ РѕР±С‰Р°СЏ РїРѕРґСЃС‚СЂРѕРєР°: bd
РЅР°РёР±РѕР»СЊС€Р°СЏ РѕР±С‰Р°СЏ РїРѕРґСЃС‚СЂРѕРєР°: ac
РЅР°РёР±РѕР»СЊС€Р°СЏ РѕР±С‰Р°СЏ РїРѕРґСЃС‚СЂРѕРєР°: cc
РЅР°РёР±РѕР»СЊС€Р°СЏ РѕР±С‰Р°СЏ РїРѕРґСЃС‚СЂРѕРєР°: dc
РЅР°РёР±РѕР»СЊС€Р°СЏ РѕР±С‰Р°СЏ РїРѕРґСЃС‚СЂРѕРєР°: cab
РЅР°РёР±РѕР»СЊС€Р°СЏ РѕР±С‰Р°СЏ РїРѕРґСЃС‚СЂРѕРєР°: aab
РЅР°РёР±РѕР»СЊС€Р°СЏ РѕР±С‰Р°СЏ РїРѕРґСЃС‚СЂРѕРєР°: ab
РЅР°РёР±РѕР»СЊС€Р°СЏ РѕР±С‰Р°СЏ РїРѕРґСЃС‚СЂРѕРєР°: bbd
РЅР°РёР±РѕР»СЊС€Р°СЏ РѕР±С‰Р°СЏ РїРѕРґСЃС‚СЂРѕРєР°: bc
РЅР°РёР±РѕР»СЊС€Р°СЏ РѕР±С‰Р°СЏ РїРѕРґСЃС‚СЂРѕРєР°: cca
РЅР°РёР±РѕР»СЊС€Р°СЏ РѕР±С‰Р°СЏ РїРѕРґСЃС‚СЂРѕРєР°: ab
РЅР°РёР±РѕР»СЊС€Р°СЏ РѕР±С‰Р°СЏ РїРѕРґСЃС‚СЂРѕРєР°: bac
РЅР°РёР±РѕР»СЊС€Р°СЏ РѕР±С‰Р°СЏ РїРѕРґСЃС‚СЂРѕРєР°: dd
РЅР°РёР±РѕР»СЊС€Р°СЏ РѕР±С‰Р°СЏ РїРѕРґСЃС‚СЂРѕРєР°: bcb
РЅР°РёР±РѕР»СЊС€Р°СЏ РѕР±С‰Р°СЏ РїРѕРґСЃС‚СЂРѕРєР°: dca
РЅР°РёР±РѕР»СЊС€Р°СЏ РѕР±С‰Р°СЏ РїРѕРґСЃС‚СЂРѕРєР°: ca
РЅР°РёР±РѕР»СЊС€Р°СЏ РѕР±С‰Р°СЏ РїРѕРґСЃС‚СЂРѕРєР°: ac
РЅР°РёР±РѕР»СЊС€Р°СЏ РѕР±С‰Р°СЏ РїРѕРґСЃС‚СЂРѕРєР°: adc
РЅР°РёР±РѕР»СЊС€Р°СЏ РѕР±С‰Р°СЏ РїРѕРґСЃС‚СЂРѕРєР°: bb
РЅР°РёР±РѕР»СЊС€Р°СЏ РѕР±С‰Р°СЏ РїРѕРґСЃС‚СЂРѕРєР°: dc
РЅР°РёР±РѕР»СЊС€Р°СЏ РѕР±С‰Р°СЏ РїРѕРґСЃС‚СЂРѕРєР°: cdab
РЅР°РёР±РѕР»СЊС€Р°СЏ РѕР±С‰Р°СЏ РїРѕРґСЃС‚СЂРѕРєР°: ca
РЅР°РёР±РѕР»СЊС€Р°СЏ РѕР±С‰Р°СЏ РїРѕРґСЃС‚СЂРѕРєР°: ab
РЅР°РёР±РѕР»СЊС€Р°СЏ РѕР±С‰Р°СЏ РїРѕРґСЃС‚СЂРѕРєР°: bb
РЅР°РёР±РѕР»СЊС€Р°СЏ РѕР±С‰Р°СЏ РїРѕРґСЃС‚СЂРѕРєР°: dac
РЅР°РёР±РѕР»СЊС€Р°СЏ РѕР±С‰Р°СЏ РїРѕРґСЃС‚СЂРѕРєР°: dbd
РЅР°РёР±РѕР»СЊС€Р°СЏ РѕР±С‰Р°СЏ РїРѕРґСЃС‚СЂРѕРєР°: bd
РЅР°РёР±РѕР»СЊС€Р°СЏ РѕР±С‰Р°СЏ РїРѕРґСЃС‚СЂРѕРєР°: bda
РЅР°РёР±РѕР»СЊС€Р°СЏ РѕР±С‰Р°СЏ РїРѕРґСЃС‚СЂРѕРєР°: dbc
РЅР°РёР±РѕР»СЊС€Р°СЏ РѕР±С‰Р°СЏ РїРѕРґСЃС‚СЂРѕРєР°: bc
РЅР°РёР±РѕР»СЊС€Р°СЏ РѕР±С‰Р°СЏ РїРѕРґСЃС‚СЂРѕРєР°: bda
РЅР°РёР±РѕР»СЊС€Р°СЏ РѕР±С‰Р°СЏ РїРѕРґСЃС‚СЂРѕРєР°: aca
РЅР°РёР±РѕР»СЊС€Р°СЏ РѕР±С‰Р°СЏ РїРѕРґСЃС‚СЂРѕРєР°: bc
РЅР°РёР±РѕР»СЊС€Р°СЏ РѕР±С‰Р°СЏ РїРѕРґСЃС‚СЂРѕРєР°: da
РЅР°РёР±РѕР»СЊС€Р°СЏ РѕР±С‰Р°СЏ РїРѕРґСЃС‚СЂРѕРєР°: ba
РЅР°РёР±РѕР»СЊС€Р°СЏ РѕР±С‰Р°СЏ РїРѕРґСЃС‚СЂРѕРєР°: dac
РЅР°РёР±РѕР»СЊС€Р°СЏ РѕР±С‰Р°СЏ РїРѕРґСЃС‚СЂРѕРєР°: dba
РЅР°РёР±РѕР»СЊС€Р°СЏ РѕР±С‰Р°СЏ РїРѕРґСЃС‚СЂРѕРєР°: cbb
РЅР°РёР±РѕР»СЊС€Р°СЏ РѕР±С‰Р°СЏ РїРѕРґСЃС‚СЂРѕРєР°: cd
РЅР°РёР±РѕР»СЊС€Р°СЏ РѕР±С‰Р°СЏ РїРѕРґСЃС‚СЂРѕРєР°: da
РЅР°РёР±РѕР»СЊС€Р°СЏ РѕР±С‰Р°СЏ РїРѕРґСЃС‚СЂРѕРєР°: cdbb
РЅР°РёР±РѕР»СЊС€Р°СЏ РѕР±С‰Р°СЏ РїРѕРґСЃС‚СЂРѕРєР°: a
РЅР°РёР±РѕР»СЊС€Р°СЏ РѕР±С‰Р°СЏ РїРѕРґСЃС‚СЂРѕРєР°: bdc
РЅР°РёР±РѕР»СЊС€Р°СЏ РѕР±С‰Р°СЏ РїРѕРґСЃС‚СЂРѕРєР°: ab
РЅР°РёР±РѕР»СЊС€Р°СЏ РѕР±С‰Р°СЏ РїРѕРґСЃС‚СЂРѕРєР°: caa
РЅР°РёР±РѕР»СЊС€Р°СЏ РѕР±С‰Р°СЏ РїРѕРґСЃС‚СЂРѕРєР°: ddcd
РЅР°РёР±РѕР»СЊС€Р°СЏ РѕР±С‰Р°СЏ РїРѕРґСЃС‚СЂРѕРєР°: bb
РЅР°РёР±РѕР»СЊС€Р°СЏ РѕР±С‰Р°СЏ РїРѕРґСЃС‚СЂРѕРєР°: ca
РЅР°РёР±РѕР»СЊС€Р°СЏ РѕР±С‰Р°СЏ РїРѕРґСЃС‚СЂРѕРєР°: ccddd
РЅР°РёР±РѕР»СЊС€Р°СЏ РѕР±С‰Р°СЏ РїРѕРґСЃС‚СЂРѕРєР°: cc
РЅР°РёР±РѕР»СЊС€Р°СЏ РѕР±С‰Р°СЏ РїРѕРґСЃС‚СЂРѕРєР°: dbcda
РЅР°РёР±РѕР»СЊС€Р°СЏ РѕР±С‰Р°СЏ РїРѕРґСЃС‚СЂРѕРєР°: db
РЅР°РёР±РѕР»СЊС€Р°СЏ РѕР±С‰Р°СЏ РїРѕРґСЃС‚СЂРѕРєР°: ca
РЅР°РёР±РѕР»СЊС€Р°СЏ РѕР±С‰Р°СЏ РїРѕРґСЃС‚СЂРѕРєР°: abcdd
РЅР°РёР±РѕР»СЊС€Р°СЏ РѕР±С‰Р°СЏ РїРѕРґСЃС‚СЂРѕРєР°: abba
РЅР°РёР±РѕР»СЊС€Р°СЏ РѕР±С‰Р°СЏ РїРѕРґСЃС‚СЂРѕРєР°: cc
РЅР°РёР±РѕР»СЊС€Р°СЏ РѕР±С‰Р°СЏ РїРѕРґСЃС‚СЂРѕРєР°: abcd
РЅР°РёР±РѕР»СЊС€Р°СЏ РѕР±С‰Р°СЏ РїРѕРґСЃС‚СЂРѕРєР°: ada
РЅР°РёР±РѕР»СЊС€Р°СЏ РѕР±С‰Р°СЏ РїРѕРґСЃС‚СЂРѕРєР°: cad
РЅР°РёР±РѕР»СЊС€Р°СЏ РѕР±С‰Р°СЏ РїРѕРґСЃС‚СЂРѕРєР°: da
РЅР°РёР±РѕР»СЊС€Р°СЏ РѕР±С‰Р°СЏ РїРѕРґСЃС‚СЂРѕРєР°: cd
РЅР°РёР±РѕР»СЊС€Р°СЏ РѕР±С‰Р°СЏ РїРѕРґСЃС‚СЂРѕРєР°: ddda
РЅР°РёР±РѕР»СЊС€Р°СЏ РѕР±С‰Р°СЏ РїРѕРґСЃС‚СЂРѕРєР°: ab
РЅР°РёР±РѕР»СЊС€Р°СЏ РѕР±С‰Р°СЏ РїРѕРґСЃС‚СЂРѕРєР°: add
РЅР°РёР±РѕР»СЊС€Р°СЏ РѕР±С‰Р°СЏ РїРѕРґСЃС‚СЂРѕРєР°: a
РЅР°РёР±РѕР»СЊС€Р°СЏ РѕР±С‰Р°СЏ РїРѕРґСЃС‚СЂРѕРєР°: cc
РЅР°РёР±РѕР»СЊС€Р°СЏ РѕР±С‰Р°СЏ РїРѕРґСЃС‚СЂРѕРєР°: dcb
РЅР°РёР±РѕР»СЊС€Р°СЏ РѕР±С‰Р°СЏ РїРѕРґСЃС‚СЂРѕРєР°: ba
РЅР°РёР±РѕР»СЊС€Р°СЏ РѕР±С‰Р°СЏ РїРѕРґСЃС‚СЂРѕРєР°: dbd
РЅР°РёР±РѕР»СЊС€Р°СЏ РѕР±С‰Р°СЏ РїРѕРґСЃС‚СЂРѕРєР°: dab
РЅР°РёР±РѕР»СЊС€Р°СЏ РѕР±С‰Р°СЏ РїРѕРґСЃС‚СЂРѕРєР°: cabb
РЅР°РёР±РѕР»СЊС€Р°СЏ РѕР±С‰Р°СЏ РїРѕРґСЃС‚СЂРѕРєР°: a
РЅР°РёР±РѕР»СЊС€Р°СЏ РѕР±С‰Р°СЏ РїРѕРґСЃС‚СЂРѕРєР°: acd
РЅР°РёР±РѕР»СЊС€Р°СЏ РѕР±С‰Р°СЏ РїРѕРґСЃС‚СЂРѕРєР°: ca
РЅР°РёР±РѕР»СЊС€Р°СЏ РѕР±С‰Р°СЏ РїРѕРґСЃС‚СЂРѕРєР°: cb
РЅР°РёР±РѕР»СЊС€Р°СЏ РѕР±С‰Р°СЏ РїРѕРґСЃС‚СЂРѕРєР°: cbb
РЅР°РёР±РѕР»СЊС€Р°СЏ РѕР±С‰Р°СЏ РїРѕРґСЃС‚СЂРѕРєР°: dc
РЅР°РёР±РѕР»СЊС€Р°СЏ РѕР±С‰Р°СЏ РїРѕРґСЃС‚СЂРѕРєР°: cd
РЅР°РёР±РѕР»СЊС€Р°СЏ РѕР±С‰Р°СЏ РїРѕРґСЃС‚СЂРѕРєР°: d
РЅР°РёР±РѕР»СЊС€Р°СЏ РѕР±С‰Р°СЏ РїРѕРґСЃС‚СЂРѕРєР°: ba
РЅР°РёР±РѕР»СЊС€Р°СЏ РѕР±С‰Р°СЏ РїРѕРґСЃС‚СЂРѕРєР°: cd
РЅР°РёР±РѕР»СЊС€Р°СЏ РѕР±С‰Р°СЏ РїРѕРґСЃС‚СЂРѕРєР°: cda
РЅР°РёР±РѕР»СЊС€Р°СЏ РѕР±С‰Р°СЏ РїРѕРґСЃС‚СЂРѕРєР°: bb
РЅР°РёР±РѕР»СЊС€Р°СЏ РѕР±С‰Р°СЏ РїРѕРґСЃС‚СЂРѕРєР°: adb
РЅР°РёР±РѕР»СЊС€Р°СЏ РѕР±С‰Р°СЏ РїРѕРґСЃС‚СЂРѕРєР°: abab
РЅР°РёР±РѕР»СЊС€Р°СЏ РѕР±С‰Р°СЏ РїРѕРґСЃС‚СЂРѕРєР°: da
РЅР°РёР±РѕР»СЊС€Р°СЏ РѕР±С‰Р°СЏ РїРѕРґСЃС‚СЂРѕРєР°: baa
РЅР°РёР±РѕР»СЊС€Р°СЏ РѕР±С‰Р°СЏ РїРѕРґСЃС‚СЂРѕРєР°: ddc
РЅР°РёР±РѕР»СЊС€Р°СЏ РѕР±С‰Р°СЏ РїРѕРґСЃС‚СЂРѕРєР°: db
РЅР°РёР±РѕР»СЊС€Р°СЏ РѕР±С‰Р°СЏ РїРѕРґСЃС‚СЂРѕРєР°: bbcc
РЅР°РёР±РѕР»СЊС€Р°СЏ РѕР±С‰Р°СЏ РїРѕРґСЃС‚СЂРѕРєР°: ba
РЅР°РёР±РѕР»СЊС€Р°СЏ РѕР±С‰Р°СЏ РїРѕРґСЃС‚СЂРѕРєР°: ba
РЅР°РёР±РѕР»СЊС€Р°СЏ РѕР±С‰Р°СЏ РїРѕРґСЃС‚СЂРѕРєР°: bd
РЅР°РёР±РѕР»СЊС€Р°СЏ РѕР±С‰Р°СЏ РїРѕРґСЃС‚СЂРѕРєР°: dcc
РЅР°РёР±РѕР»СЊС€Р°СЏ РѕР±С‰Р°СЏ РїРѕРґСЃС‚СЂРѕРєР°: ccb
РЅР°РёР±РѕР»СЊС€Р°СЏ РѕР±С‰Р°СЏ РїРѕРґСЃС‚СЂРѕРєР°: ddc
РЅР°РёР±РѕР»СЊС€Р°СЏ РѕР±С‰Р°СЏ РїРѕРґСЃС‚СЂРѕРєР°: dca
РЅР°РёР±РѕР»СЊС€Р°СЏ РѕР±С‰Р°СЏ РїРѕРґСЃС‚СЂРѕРєР°: ccb
РЅР°РёР±РѕР»СЊС€Р°СЏ РѕР±С‰Р°СЏ РїРѕРґСЃС‚СЂРѕРєР°: ab
РЅР°РёР±РѕР»СЊС€Р°СЏ РѕР±С‰Р°СЏ РїРѕРґСЃС‚СЂРѕРєР°: bad
РЅР°РёР±РѕР»СЊС€Р°СЏ РѕР±С‰Р°СЏ РїРѕРґСЃС‚СЂРѕРєР°: dadc
РЅР°РёР±РѕР»СЊС€Р°СЏ РѕР±С‰Р°СЏ РїРѕРґСЃС‚СЂРѕРєР°: dc
РЅР°РёР±РѕР»СЊС€Р°СЏ РѕР±С‰Р°СЏ РїРѕРґСЃС‚СЂРѕРєР°: ac
РЅР°РёР±РѕР»СЊС€Р°СЏ РѕР±С‰Р°СЏ РїРѕРґСЃС‚СЂРѕРєР°: ca
РЅР°РёР±РѕР»СЊС€Р°СЏ РѕР±С‰Р°СЏ РїРѕРґСЃС‚СЂРѕРєР°: cc
РЅР°РёР±РѕР»СЊС€Р°СЏ РѕР±С‰Р°СЏ РїРѕРґСЃС‚СЂРѕРєР°: ad
РЅР°РёР±РѕР»СЊС€Р°СЏ РѕР±С‰Р°СЏ РїРѕРґСЃС‚СЂРѕРєР°: da
РЅР°РёР±РѕР»СЊС€Р°СЏ РѕР±С‰Р°СЏ РїРѕРґСЃС‚СЂРѕРєР°: cdc
РЅР°РёР±РѕР»СЊС€Р°СЏ РѕР±С‰Р°СЏ РїРѕРґСЃС‚СЂРѕРєР°: dbac
РЅР°РёР±РѕР»СЊС€Р°СЏ РѕР±С‰Р°СЏ РїРѕРґСЃС‚СЂРѕРєР°: da
РЅР°РёР±РѕР»СЊС€Р°СЏ РѕР±С‰Р°СЏ РїРѕРґСЃС‚СЂРѕРєР°: daa
РЅР°РёР±РѕР»СЊС€Р°СЏ РѕР±С‰Р°СЏ РїРѕРґСЃС‚СЂРѕРєР°: aad
РЅР°РёР±РѕР»СЊС€Р°СЏ РѕР±С‰Р°СЏ РїРѕРґСЃС‚СЂРѕРєР°: bb
РЅР°РёР±РѕР»СЊС€Р°СЏ РѕР±С‰Р°СЏ РїРѕРґСЃС‚СЂРѕРєР°: cd
РЅР°РёР±РѕР»СЊС€Р°СЏ РѕР±С‰Р°СЏ РїРѕРґСЃС‚СЂРѕРєР°: dbac
РЅР°РёР±РѕР»СЊС€Р°СЏ РѕР±С‰Р°СЏ РїРѕРґСЃС‚СЂРѕРєР°: da
РЅР°РёР±РѕР»СЊС€Р°СЏ РѕР±С‰Р°СЏ РїРѕРґСЃС‚СЂРѕРєР°: ab
РЅР°РёР±РѕР»СЊС€Р°СЏ РѕР±С‰Р°СЏ РїРѕРґСЃС‚СЂРѕРєР°: cd
РЅР°РёР±РѕР»СЊС€Р°СЏ РѕР±С‰Р°СЏ РїРѕРґСЃС‚СЂРѕРєР°: aba
РЅР°РёР±РѕР»СЊС€Р°СЏ РѕР±С‰Р°СЏ РїРѕРґСЃС‚СЂРѕРєР°: ca
РЅР°РёР±РѕР»СЊС€Р°СЏ РѕР±С‰Р°СЏ РїРѕРґСЃС‚СЂРѕРєР°: bcdc
РЅР°РёР±РѕР»СЊС€Р°СЏ РѕР±С‰Р°СЏ РїРѕРґСЃС‚СЂРѕРєР°: ab
РЅР°РёР±РѕР»СЊС€Р°СЏ РѕР±С‰Р°СЏ РїРѕРґСЃС‚СЂРѕРєР°: cab
РЅР°РёР±РѕР»СЊС€Р°СЏ РѕР±С‰Р°СЏ РїРѕРґСЃС‚СЂРѕРєР°: ddd
РЅР°РёР±РѕР»СЊС€Р°СЏ РѕР±С‰Р°СЏ РїРѕРґСЃС‚СЂРѕРєР°: aad
РЅР°РёР±РѕР»СЊС€Р°СЏ РѕР±С‰Р°СЏ РїРѕРґСЃС‚СЂРѕРєР°: aa
РЅР°РёР±РѕР»СЊС€Р°СЏ РѕР±С‰Р°СЏ РїРѕРґСЃС‚СЂРѕРєР°: bd
РЅР°РёР±РѕР»СЊС€Р°СЏ РѕР±С‰Р°СЏ РїРѕРґСЃС‚СЂРѕРєР°: cada
РЅР°РёР±РѕР»СЊС€Р°СЏ РѕР±С‰Р°СЏ РїРѕРґСЃС‚СЂРѕРєР°: ac
РЅР°РёР±РѕР»СЊС€Р°СЏ РѕР±С‰Р°СЏ РїРѕРґСЃС‚СЂРѕРєР°: dca
РЅР°РёР±РѕР»СЊС€Р°СЏ РѕР±С‰Р°СЏ РїРѕРґСЃС‚СЂРѕРєР°: bd
РЅР°РёР±РѕР»СЊС€Р°СЏ РѕР±С‰Р°СЏ РїРѕРґСЃС‚СЂРѕРєР°: cd
РЅР°РёР±РѕР»СЊС€Р°СЏ РѕР±С‰Р°СЏ РїРѕРґСЃС‚СЂРѕРєР°: ccba
РЅР°РёР±РѕР»СЊС€Р°СЏ РѕР±С‰Р°СЏ РїРѕРґСЃС‚СЂРѕРєР°: d
РЅР°РёР±РѕР»СЊС€Р°СЏ РѕР±С‰Р°СЏ РїРѕРґСЃС‚СЂРѕРєР°: cdb
РЅР°РёР±РѕР»СЊС€Р°СЏ РѕР±С‰Р°СЏ РїРѕРґСЃС‚СЂРѕРєР°: dbb
РЅР°РёР±РѕР»СЊС€Р°СЏ РѕР±С‰Р°СЏ РїРѕРґСЃС‚СЂРѕРєР°: bbd
РЅР°РёР±РѕР»СЊС€Р°СЏ РѕР±С‰Р°СЏ РїРѕРґСЃС‚СЂРѕРєР°: dacc
РЅР°РёР±РѕР»СЊС€Р°СЏ РѕР±С‰Р°СЏ РїРѕРґСЃС‚СЂРѕРєР°: dca
РЅР°РёР±РѕР»СЊС€Р°СЏ РѕР±С‰Р°СЏ РїРѕРґСЃС‚СЂРѕРєР°: accc
РЅР°РёР±РѕР»СЊС€Р°СЏ РѕР±С‰Р°СЏ РїРѕРґСЃС‚СЂРѕРєР°: ddaa
РЅР°РёР±РѕР»СЊС€Р°СЏ РѕР±С‰Р°СЏ РїРѕРґСЃС‚СЂРѕРєР°: abd
РЅР°РёР±РѕР»СЊС€Р°СЏ РѕР±С‰Р°СЏ РїРѕРґСЃС‚СЂРѕРєР°: ba
РЅР°РёР±РѕР»СЊС€Р°СЏ РѕР±С‰Р°СЏ РїРѕРґСЃС‚СЂРѕРєР°: bcbba
РЅР°РёР±РѕР»СЊС€Р°СЏ РѕР±С‰Р°СЏ РїРѕРґСЃС‚СЂРѕРєР°: cddc
РЅР°РёР±РѕР»СЊС€Р°СЏ РѕР±С‰Р°СЏ РїРѕРґСЃС‚СЂРѕРєР°: dad
РЅР°РёР±РѕР»СЊС€Р°СЏ РѕР±С‰Р°СЏ РїРѕРґСЃС‚СЂРѕРєР°: bac
РЅР°РёР±РѕР»СЊС€Р°СЏ РѕР±С‰Р°СЏ РїРѕРґСЃС‚СЂРѕРєР°: cca
РЅР°РёР±РѕР»СЊС€Р°СЏ РѕР±С‰Р°СЏ РїРѕРґСЃС‚СЂРѕРєР°: da
РЅР°РёР±РѕР»СЊС€Р°СЏ РѕР±С‰Р°СЏ РїРѕРґСЃС‚СЂРѕРєР°: cac
РЅР°РёР±РѕР»СЊС€Р°СЏ РѕР±С‰Р°СЏ РїРѕРґСЃС‚СЂРѕРєР°: bcb
РЅР°РёР±РѕР»СЊС€Р°СЏ РѕР±С‰Р°СЏ РїРѕРґСЃС‚СЂРѕРєР°: bb
РЅР°РёР±РѕР»СЊС€Р°СЏ РѕР±С‰Р°СЏ РїРѕРґСЃС‚СЂРѕРєР°: ad
РЅР°РёР±РѕР»СЊС€Р°СЏ РѕР±С‰Р°СЏ РїРѕРґСЃС‚СЂРѕРєР°: bdc
РЅР°РёР±РѕР»СЊС€Р°СЏ РѕР±С‰Р°СЏ РїРѕРґСЃС‚СЂРѕРєР°: dc
РЅР°РёР±РѕР»СЊС€Р°СЏ РѕР±С‰Р°СЏ РїРѕРґСЃС‚СЂРѕРєР°: adbb
РЅР°РёР±РѕР»СЊС€Р°СЏ РѕР±С‰Р°СЏ РїРѕРґСЃС‚СЂРѕРєР°: abb
РЅР°РёР±РѕР»СЊС€Р°СЏ РѕР±С‰Р°СЏ РїРѕРґСЃС‚СЂРѕРєР°: c
РЅР°РёР±РѕР»СЊС€Р°СЏ РѕР±С‰Р°СЏ РїРѕРґСЃС‚СЂРѕРєР°: bb
РЅР°РёР±РѕР»СЊС€Р°СЏ РѕР±С‰Р°СЏ РїРѕРґСЃС‚СЂРѕРєР°: bbd
РЅР°РёР±РѕР»СЊС€Р°СЏ РѕР±С‰Р°СЏ РїРѕРґСЃС‚СЂРѕРєР°: cad
РЅР°РёР±РѕР»СЊС€Р°СЏ РѕР±С‰Р°СЏ РїРѕРґСЃС‚СЂРѕРєР°: aaa
РЅР°РёР±РѕР»СЊС€Р°СЏ РѕР±С‰Р°СЏ РїРѕРґСЃС‚СЂРѕРєР°: dda
РЅР°РёР±РѕР»СЊС€Р°СЏ РѕР±С‰Р°СЏ РїРѕРґСЃС‚СЂРѕРєР°: baa
РЅР°РёР±РѕР»СЊС€Р°СЏ РѕР±С‰Р°СЏ РїРѕРґСЃС‚СЂРѕРєР°: cd
РЅР°РёР±РѕР»СЊС€Р°СЏ РѕР±С‰Р°СЏ РїРѕРґСЃС‚СЂРѕРєР°: bd
РЅР°РёР±РѕР»СЊС€Р°СЏ РѕР±С‰Р°СЏ РїРѕРґСЃС‚СЂРѕРєР°: ddc
РЅР°РёР±РѕР»СЊС€Р°СЏ РѕР±С‰Р°СЏ РїРѕРґСЃС‚СЂРѕРєР°: dbb
РЅР°РёР±РѕР»СЊС€Р°СЏ РѕР±С‰Р°СЏ РїРѕРґСЃС‚СЂРѕРєР°: cdaa
РЅР°РёР±РѕР»СЊС€Р°СЏ РѕР±С‰Р°СЏ РїРѕРґСЃС‚СЂРѕРєР°: adc
РЅР°РёР±РѕР»СЊС€Р°СЏ РѕР±С‰Р°СЏ РїРѕРґСЃС‚СЂРѕРєР°: cd
РЅР°РёР±РѕР»СЊС€Р°СЏ РѕР±С‰Р°СЏ РїРѕРґСЃС‚СЂРѕРєР°: cca
РЅР°РёР±РѕР»СЊС€Р°СЏ РѕР±С‰Р°СЏ РїРѕРґСЃС‚СЂРѕРєР°: cca
РЅР°РёР±РѕР»СЊС€Р°СЏ РѕР±С‰Р°СЏ РїРѕРґСЃС‚СЂРѕРєР°: ddb
РЅР°РёР±РѕР»СЊС€Р°СЏ РѕР±С‰Р°СЏ РїРѕРґСЃС‚СЂРѕРєР°: bc
РЅР°РёР±РѕР»СЊС€Р°СЏ РѕР±С‰Р°СЏ РїРѕРґСЃС‚СЂРѕРєР°: cba
РЅР°РёР±РѕР»СЊС€Р°СЏ РѕР±С‰Р°СЏ РїРѕРґСЃС‚СЂРѕРєР°: bd
РЅР°РёР±РѕР»СЊС€Р°СЏ РѕР±С‰Р°СЏ РїРѕРґСЃС‚СЂРѕРєР°: ab
РЅР°РёР±РѕР»СЊС€Р°СЏ РѕР±С‰Р°СЏ РїРѕРґСЃС‚СЂРѕРєР°: dbc
РЅР°РёР±РѕР»СЊС€Р°СЏ РѕР±С‰Р°СЏ РїРѕРґСЃС‚СЂРѕРєР°: aab
РЅР°РёР±РѕР»СЊС€Р°СЏ РѕР±С‰Р°СЏ РїРѕРґСЃС‚СЂРѕРєР°: cd
РЅР°РёР±РѕР»СЊС€Р°СЏ РѕР±С‰Р°СЏ РїРѕРґСЃС‚СЂРѕРєР°: dab
РЅР°РёР±РѕР»СЊС€Р°СЏ РѕР±С‰Р°СЏ РїРѕРґСЃС‚СЂРѕРєР°: adb
РЅР°РёР±РѕР»СЊС€Р°СЏ РѕР±С‰Р°СЏ РїРѕРґСЃС‚СЂРѕРєР°: ac
РЅР°РёР±РѕР»СЊС€Р°СЏ РѕР±С‰Р°СЏ РїРѕРґСЃС‚СЂРѕРєР°: aaa
РЅР°РёР±РѕР»СЊС€Р°СЏ РѕР±С‰Р°СЏ РїРѕРґСЃС‚СЂРѕРєР°: bb
РЅР°РёР±РѕР»СЊС€Р°СЏ РѕР±С‰Р°СЏ РїРѕРґСЃС‚СЂРѕРєР°: dba
РЅР°РёР±РѕР»СЊС€Р°СЏ РѕР±С‰Р°СЏ РїРѕРґСЃС‚СЂРѕРєР°: adadcccbbdddc
РЅР°РёР±РѕР»СЊС€Р°СЏ РѕР±С‰Р°СЏ РїРѕРґСЃС‚СЂРѕРєР°: 1d
]]></system-out>
  <system-err><![CDATA[]]></system-err>
</testsuite>
