<?xml version="1.0" encoding="UTF-8"?>
<testsuite name="AppTest" tests="6" skipped="0" failures="0" errors="0" timestamp="2018-09-19T22:11:42" hostname="LAPTOP-B5GQ48GP" time="147.585">
  <properties/>
  <testcase name="testStressTestThree" classname="AppTest" time="125.57"/>
  <testcase name="testBlackBoxTwo" classname="AppTest" time="0.001"/>
  <testcase name="testBlackBox" classname="AppTest" time="0.002"/>
  <testcase name="testStressTestOne" classname="AppTest" time="0.31"/>
  <testcase name="testStressTestTwo" classname="AppTest" time="21.698"/>
  <testcase name="testSimple" classname="AppTest" time="0.0"/>
  <system-out><![CDATA[РЅР°РёР±РѕР»СЊС€Р°СЏ РѕР±С‰Р°СЏ РїРѕРґСЃС‚СЂРѕРєР°: dbadbcddbbba
СЃС‚СЂРѕРєРё РЅРµ РґРѕР»Р¶РЅС‹ Р±С‹С‚СЊ РїСѓСЃС‚С‹РјРё
РЅР°РёР±РѕР»СЊС€Р°СЏ РѕР±С‰Р°СЏ РїРѕРґСЃС‚СЂРѕРєР°: abc
РЅР°РёР±РѕР»СЊС€Р°СЏ РѕР±С‰Р°СЏ РїРѕРґСЃС‚СЂРѕРєР°: bbc
РЅР°РёР±РѕР»СЊС€Р°СЏ РѕР±С‰Р°СЏ РїРѕРґСЃС‚СЂРѕРєР°: cca
РЅР°РёР±РѕР»СЊС€Р°СЏ РѕР±С‰Р°СЏ РїРѕРґСЃС‚СЂРѕРєР°: dd
РЅР°РёР±РѕР»СЊС€Р°СЏ РѕР±С‰Р°СЏ РїРѕРґСЃС‚СЂРѕРєР°: bb
РЅР°РёР±РѕР»СЊС€Р°СЏ РѕР±С‰Р°СЏ РїРѕРґСЃС‚СЂРѕРєР°: ba
РЅР°РёР±РѕР»СЊС€Р°СЏ РѕР±С‰Р°СЏ РїРѕРґСЃС‚СЂРѕРєР°: cba
РЅР°РёР±РѕР»СЊС€Р°СЏ РѕР±С‰Р°СЏ РїРѕРґСЃС‚СЂРѕРєР°: adb
РЅР°РёР±РѕР»СЊС€Р°СЏ РѕР±С‰Р°СЏ РїРѕРґСЃС‚СЂРѕРєР°: dd
РЅР°РёР±РѕР»СЊС€Р°СЏ РѕР±С‰Р°СЏ РїРѕРґСЃС‚СЂРѕРєР°: ac
РЅР°РёР±РѕР»СЊС€Р°СЏ РѕР±С‰Р°СЏ РїРѕРґСЃС‚СЂРѕРєР°: aaad
РЅР°РёР±РѕР»СЊС€Р°СЏ РѕР±С‰Р°СЏ РїРѕРґСЃС‚СЂРѕРєР°: cdc
РЅР°РёР±РѕР»СЊС€Р°СЏ РѕР±С‰Р°СЏ РїРѕРґСЃС‚СЂРѕРєР°: dac
РЅР°РёР±РѕР»СЊС€Р°СЏ РѕР±С‰Р°СЏ РїРѕРґСЃС‚СЂРѕРєР°: aa
РЅР°РёР±РѕР»СЊС€Р°СЏ РѕР±С‰Р°СЏ РїРѕРґСЃС‚СЂРѕРєР°: ddb
РЅР°РёР±РѕР»СЊС€Р°СЏ РѕР±С‰Р°СЏ РїРѕРґСЃС‚СЂРѕРєР°: a
РЅР°РёР±РѕР»СЊС€Р°СЏ РѕР±С‰Р°СЏ РїРѕРґСЃС‚СЂРѕРєР°: b
РЅР°РёР±РѕР»СЊС€Р°СЏ РѕР±С‰Р°СЏ РїРѕРґСЃС‚СЂРѕРєР°: db
РЅР°РёР±РѕР»СЊС€Р°СЏ РѕР±С‰Р°СЏ РїРѕРґСЃС‚СЂРѕРєР°: bdb
РЅР°РёР±РѕР»СЊС€Р°СЏ РѕР±С‰Р°СЏ РїРѕРґСЃС‚СЂРѕРєР°: c
РЅР°РёР±РѕР»СЊС€Р°СЏ РѕР±С‰Р°СЏ РїРѕРґСЃС‚СЂРѕРєР°: bd
РЅР°РёР±РѕР»СЊС€Р°СЏ РѕР±С‰Р°СЏ РїРѕРґСЃС‚СЂРѕРєР°: cd
РЅР°РёР±РѕР»СЊС€Р°СЏ РѕР±С‰Р°СЏ РїРѕРґСЃС‚СЂРѕРєР°: abc
РЅР°РёР±РѕР»СЊС€Р°СЏ РѕР±С‰Р°СЏ РїРѕРґСЃС‚СЂРѕРєР°: cad
РЅР°РёР±РѕР»СЊС€Р°СЏ РѕР±С‰Р°СЏ РїРѕРґСЃС‚СЂРѕРєР°: baa
РЅР°РёР±РѕР»СЊС€Р°СЏ РѕР±С‰Р°СЏ РїРѕРґСЃС‚СЂРѕРєР°: adb
РЅР°РёР±РѕР»СЊС€Р°СЏ РѕР±С‰Р°СЏ РїРѕРґСЃС‚СЂРѕРєР°: abc
РЅР°РёР±РѕР»СЊС€Р°СЏ РѕР±С‰Р°СЏ РїРѕРґСЃС‚СЂРѕРєР°: cab
РЅР°РёР±РѕР»СЊС€Р°СЏ РѕР±С‰Р°СЏ РїРѕРґСЃС‚СЂРѕРєР°: dbdc
РЅР°РёР±РѕР»СЊС€Р°СЏ РѕР±С‰Р°СЏ РїРѕРґСЃС‚СЂРѕРєР°: bba
РЅР°РёР±РѕР»СЊС€Р°СЏ РѕР±С‰Р°СЏ РїРѕРґСЃС‚СЂРѕРєР°: ac
РЅР°РёР±РѕР»СЊС€Р°СЏ РѕР±С‰Р°СЏ РїРѕРґСЃС‚СЂРѕРєР°: cbadb
РЅР°РёР±РѕР»СЊС€Р°СЏ РѕР±С‰Р°СЏ РїРѕРґСЃС‚СЂРѕРєР°: dbc
РЅР°РёР±РѕР»СЊС€Р°СЏ РѕР±С‰Р°СЏ РїРѕРґСЃС‚СЂРѕРєР°: bb
РЅР°РёР±РѕР»СЊС€Р°СЏ РѕР±С‰Р°СЏ РїРѕРґСЃС‚СЂРѕРєР°: ca
РЅР°РёР±РѕР»СЊС€Р°СЏ РѕР±С‰Р°СЏ РїРѕРґСЃС‚СЂРѕРєР°: abc
РЅР°РёР±РѕР»СЊС€Р°СЏ РѕР±С‰Р°СЏ РїРѕРґСЃС‚СЂРѕРєР°: bb
РЅР°РёР±РѕР»СЊС€Р°СЏ РѕР±С‰Р°СЏ РїРѕРґСЃС‚СЂРѕРєР°: cbb
РЅР°РёР±РѕР»СЊС€Р°СЏ РѕР±С‰Р°СЏ РїРѕРґСЃС‚СЂРѕРєР°: cd
РЅР°РёР±РѕР»СЊС€Р°СЏ РѕР±С‰Р°СЏ РїРѕРґСЃС‚СЂРѕРєР°: ca
РЅР°РёР±РѕР»СЊС€Р°СЏ РѕР±С‰Р°СЏ РїРѕРґСЃС‚СЂРѕРєР°: bc
РЅР°РёР±РѕР»СЊС€Р°СЏ РѕР±С‰Р°СЏ РїРѕРґСЃС‚СЂРѕРєР°: adab
РЅР°РёР±РѕР»СЊС€Р°СЏ РѕР±С‰Р°СЏ РїРѕРґСЃС‚СЂРѕРєР°: cbd
РЅР°РёР±РѕР»СЊС€Р°СЏ РѕР±С‰Р°СЏ РїРѕРґСЃС‚СЂРѕРєР°: b
РЅР°РёР±РѕР»СЊС€Р°СЏ РѕР±С‰Р°СЏ РїРѕРґСЃС‚СЂРѕРєР°: bbd
РЅР°РёР±РѕР»СЊС€Р°СЏ РѕР±С‰Р°СЏ РїРѕРґСЃС‚СЂРѕРєР°: dac
РЅР°РёР±РѕР»СЊС€Р°СЏ РѕР±С‰Р°СЏ РїРѕРґСЃС‚СЂРѕРєР°: bbb
РЅР°РёР±РѕР»СЊС€Р°СЏ РѕР±С‰Р°СЏ РїРѕРґСЃС‚СЂРѕРєР°: caa
РЅР°РёР±РѕР»СЊС€Р°СЏ РѕР±С‰Р°СЏ РїРѕРґСЃС‚СЂРѕРєР°: db
РЅР°РёР±РѕР»СЊС€Р°СЏ РѕР±С‰Р°СЏ РїРѕРґСЃС‚СЂРѕРєР°: bb
РЅР°РёР±РѕР»СЊС€Р°СЏ РѕР±С‰Р°СЏ РїРѕРґСЃС‚СЂРѕРєР°: aaa
РЅР°РёР±РѕР»СЊС€Р°СЏ РѕР±С‰Р°СЏ РїРѕРґСЃС‚СЂРѕРєР°: ba
РЅР°РёР±РѕР»СЊС€Р°СЏ РѕР±С‰Р°СЏ РїРѕРґСЃС‚СЂРѕРєР°: cbb
РЅР°РёР±РѕР»СЊС€Р°СЏ РѕР±С‰Р°СЏ РїРѕРґСЃС‚СЂРѕРєР°: aa
РЅР°РёР±РѕР»СЊС€Р°СЏ РѕР±С‰Р°СЏ РїРѕРґСЃС‚СЂРѕРєР°: cddca
РЅР°РёР±РѕР»СЊС€Р°СЏ РѕР±С‰Р°СЏ РїРѕРґСЃС‚СЂРѕРєР°: da
РЅР°РёР±РѕР»СЊС€Р°СЏ РѕР±С‰Р°СЏ РїРѕРґСЃС‚СЂРѕРєР°: ba
РЅР°РёР±РѕР»СЊС€Р°СЏ РѕР±С‰Р°СЏ РїРѕРґСЃС‚СЂРѕРєР°: cd
РЅР°РёР±РѕР»СЊС€Р°СЏ РѕР±С‰Р°СЏ РїРѕРґСЃС‚СЂРѕРєР°: da
РЅР°РёР±РѕР»СЊС€Р°СЏ РѕР±С‰Р°СЏ РїРѕРґСЃС‚СЂРѕРєР°: db
РЅР°РёР±РѕР»СЊС€Р°СЏ РѕР±С‰Р°СЏ РїРѕРґСЃС‚СЂРѕРєР°: ba
РЅР°РёР±РѕР»СЊС€Р°СЏ РѕР±С‰Р°СЏ РїРѕРґСЃС‚СЂРѕРєР°: caac
РЅР°РёР±РѕР»СЊС€Р°СЏ РѕР±С‰Р°СЏ РїРѕРґСЃС‚СЂРѕРєР°: aada
РЅР°РёР±РѕР»СЊС€Р°СЏ РѕР±С‰Р°СЏ РїРѕРґСЃС‚СЂРѕРєР°: ca
РЅР°РёР±РѕР»СЊС€Р°СЏ РѕР±С‰Р°СЏ РїРѕРґСЃС‚СЂРѕРєР°: bda
РЅР°РёР±РѕР»СЊС€Р°СЏ РѕР±С‰Р°СЏ РїРѕРґСЃС‚СЂРѕРєР°: bca
РЅР°РёР±РѕР»СЊС€Р°СЏ РѕР±С‰Р°СЏ РїРѕРґСЃС‚СЂРѕРєР°: badc
РЅР°РёР±РѕР»СЊС€Р°СЏ РѕР±С‰Р°СЏ РїРѕРґСЃС‚СЂРѕРєР°: cda
РЅР°РёР±РѕР»СЊС€Р°СЏ РѕР±С‰Р°СЏ РїРѕРґСЃС‚СЂРѕРєР°: bab
РЅР°РёР±РѕР»СЊС€Р°СЏ РѕР±С‰Р°СЏ РїРѕРґСЃС‚СЂРѕРєР°: cbb
РЅР°РёР±РѕР»СЊС€Р°СЏ РѕР±С‰Р°СЏ РїРѕРґСЃС‚СЂРѕРєР°: cacd
РЅР°РёР±РѕР»СЊС€Р°СЏ РѕР±С‰Р°СЏ РїРѕРґСЃС‚СЂРѕРєР°: bdb
РЅР°РёР±РѕР»СЊС€Р°СЏ РѕР±С‰Р°СЏ РїРѕРґСЃС‚СЂРѕРєР°: caa
РЅР°РёР±РѕР»СЊС€Р°СЏ РѕР±С‰Р°СЏ РїРѕРґСЃС‚СЂРѕРєР°: cbd
РЅР°РёР±РѕР»СЊС€Р°СЏ РѕР±С‰Р°СЏ РїРѕРґСЃС‚СЂРѕРєР°: acb
РЅР°РёР±РѕР»СЊС€Р°СЏ РѕР±С‰Р°СЏ РїРѕРґСЃС‚СЂРѕРєР°: bdc
РЅР°РёР±РѕР»СЊС€Р°СЏ РѕР±С‰Р°СЏ РїРѕРґСЃС‚СЂРѕРєР°: dd
РЅР°РёР±РѕР»СЊС€Р°СЏ РѕР±С‰Р°СЏ РїРѕРґСЃС‚СЂРѕРєР°: ad
РЅР°РёР±РѕР»СЊС€Р°СЏ РѕР±С‰Р°СЏ РїРѕРґСЃС‚СЂРѕРєР°: acc
РЅР°РёР±РѕР»СЊС€Р°СЏ РѕР±С‰Р°СЏ РїРѕРґСЃС‚СЂРѕРєР°: cca
РЅР°РёР±РѕР»СЊС€Р°СЏ РѕР±С‰Р°СЏ РїРѕРґСЃС‚СЂРѕРєР°: da
РЅР°РёР±РѕР»СЊС€Р°СЏ РѕР±С‰Р°СЏ РїРѕРґСЃС‚СЂРѕРєР°: adb
РЅР°РёР±РѕР»СЊС€Р°СЏ РѕР±С‰Р°СЏ РїРѕРґСЃС‚СЂРѕРєР°: cdb
РЅР°РёР±РѕР»СЊС€Р°СЏ РѕР±С‰Р°СЏ РїРѕРґСЃС‚СЂРѕРєР°: abcb
РЅР°РёР±РѕР»СЊС€Р°СЏ РѕР±С‰Р°СЏ РїРѕРґСЃС‚СЂРѕРєР°: cca
РЅР°РёР±РѕР»СЊС€Р°СЏ РѕР±С‰Р°СЏ РїРѕРґСЃС‚СЂРѕРєР°: ad
РЅР°РёР±РѕР»СЊС€Р°СЏ РѕР±С‰Р°СЏ РїРѕРґСЃС‚СЂРѕРєР°: dd
РЅР°РёР±РѕР»СЊС€Р°СЏ РѕР±С‰Р°СЏ РїРѕРґСЃС‚СЂРѕРєР°: acb
РЅР°РёР±РѕР»СЊС€Р°СЏ РѕР±С‰Р°СЏ РїРѕРґСЃС‚СЂРѕРєР°: ab
РЅР°РёР±РѕР»СЊС€Р°СЏ РѕР±С‰Р°СЏ РїРѕРґСЃС‚СЂРѕРєР°: cc
РЅР°РёР±РѕР»СЊС€Р°СЏ РѕР±С‰Р°СЏ РїРѕРґСЃС‚СЂРѕРєР°: ccc
РЅР°РёР±РѕР»СЊС€Р°СЏ РѕР±С‰Р°СЏ РїРѕРґСЃС‚СЂРѕРєР°: bcc
РЅР°РёР±РѕР»СЊС€Р°СЏ РѕР±С‰Р°СЏ РїРѕРґСЃС‚СЂРѕРєР°: ddad
РЅР°РёР±РѕР»СЊС€Р°СЏ РѕР±С‰Р°СЏ РїРѕРґСЃС‚СЂРѕРєР°: cd
РЅР°РёР±РѕР»СЊС€Р°СЏ РѕР±С‰Р°СЏ РїРѕРґСЃС‚СЂРѕРєР°: ca
РЅР°РёР±РѕР»СЊС€Р°СЏ РѕР±С‰Р°СЏ РїРѕРґСЃС‚СЂРѕРєР°: bda
РЅР°РёР±РѕР»СЊС€Р°СЏ РѕР±С‰Р°СЏ РїРѕРґСЃС‚СЂРѕРєР°: bdb
РЅР°РёР±РѕР»СЊС€Р°СЏ РѕР±С‰Р°СЏ РїРѕРґСЃС‚СЂРѕРєР°: ba
РЅР°РёР±РѕР»СЊС€Р°СЏ РѕР±С‰Р°СЏ РїРѕРґСЃС‚СЂРѕРєР°: bb
РЅР°РёР±РѕР»СЊС€Р°СЏ РѕР±С‰Р°СЏ РїРѕРґСЃС‚СЂРѕРєР°: abd
РЅР°РёР±РѕР»СЊС€Р°СЏ РѕР±С‰Р°СЏ РїРѕРґСЃС‚СЂРѕРєР°: cdc
РЅР°РёР±РѕР»СЊС€Р°СЏ РѕР±С‰Р°СЏ РїРѕРґСЃС‚СЂРѕРєР°: bacd
РЅР°РёР±РѕР»СЊС€Р°СЏ РѕР±С‰Р°СЏ РїРѕРґСЃС‚СЂРѕРєР°: bc
РЅР°РёР±РѕР»СЊС€Р°СЏ РѕР±С‰Р°СЏ РїРѕРґСЃС‚СЂРѕРєР°: dcab
РЅР°РёР±РѕР»СЊС€Р°СЏ РѕР±С‰Р°СЏ РїРѕРґСЃС‚СЂРѕРєР°: bd
РЅР°РёР±РѕР»СЊС€Р°СЏ РѕР±С‰Р°СЏ РїРѕРґСЃС‚СЂРѕРєР°: cb
РЅР°РёР±РѕР»СЊС€Р°СЏ РѕР±С‰Р°СЏ РїРѕРґСЃС‚СЂРѕРєР°: dba
РЅР°РёР±РѕР»СЊС€Р°СЏ РѕР±С‰Р°СЏ РїРѕРґСЃС‚СЂРѕРєР°: dcaa
РЅР°РёР±РѕР»СЊС€Р°СЏ РѕР±С‰Р°СЏ РїРѕРґСЃС‚СЂРѕРєР°: ddb
РЅР°РёР±РѕР»СЊС€Р°СЏ РѕР±С‰Р°СЏ РїРѕРґСЃС‚СЂРѕРєР°: aab
РЅР°РёР±РѕР»СЊС€Р°СЏ РѕР±С‰Р°СЏ РїРѕРґСЃС‚СЂРѕРєР°: dd
РЅР°РёР±РѕР»СЊС€Р°СЏ РѕР±С‰Р°СЏ РїРѕРґСЃС‚СЂРѕРєР°: cda
РЅР°РёР±РѕР»СЊС€Р°СЏ РѕР±С‰Р°СЏ РїРѕРґСЃС‚СЂРѕРєР°: bba
РЅР°РёР±РѕР»СЊС€Р°СЏ РѕР±С‰Р°СЏ РїРѕРґСЃС‚СЂРѕРєР°: cba
РЅР°РёР±РѕР»СЊС€Р°СЏ РѕР±С‰Р°СЏ РїРѕРґСЃС‚СЂРѕРєР°: cbaab
РЅР°РёР±РѕР»СЊС€Р°СЏ РѕР±С‰Р°СЏ РїРѕРґСЃС‚СЂРѕРєР°: cb
РЅР°РёР±РѕР»СЊС€Р°СЏ РѕР±С‰Р°СЏ РїРѕРґСЃС‚СЂРѕРєР°: dcc
РЅР°РёР±РѕР»СЊС€Р°СЏ РѕР±С‰Р°СЏ РїРѕРґСЃС‚СЂРѕРєР°: ac
РЅР°РёР±РѕР»СЊС€Р°СЏ РѕР±С‰Р°СЏ РїРѕРґСЃС‚СЂРѕРєР°: abc
РЅР°РёР±РѕР»СЊС€Р°СЏ РѕР±С‰Р°СЏ РїРѕРґСЃС‚СЂРѕРєР°: da
РЅР°РёР±РѕР»СЊС€Р°СЏ РѕР±С‰Р°СЏ РїРѕРґСЃС‚СЂРѕРєР°: cdaab
РЅР°РёР±РѕР»СЊС€Р°СЏ РѕР±С‰Р°СЏ РїРѕРґСЃС‚СЂРѕРєР°: bda
РЅР°РёР±РѕР»СЊС€Р°СЏ РѕР±С‰Р°СЏ РїРѕРґСЃС‚СЂРѕРєР°: dddc
РЅР°РёР±РѕР»СЊС€Р°СЏ РѕР±С‰Р°СЏ РїРѕРґСЃС‚СЂРѕРєР°: dcb
РЅР°РёР±РѕР»СЊС€Р°СЏ РѕР±С‰Р°СЏ РїРѕРґСЃС‚СЂРѕРєР°: bad
РЅР°РёР±РѕР»СЊС€Р°СЏ РѕР±С‰Р°СЏ РїРѕРґСЃС‚СЂРѕРєР°: bb
РЅР°РёР±РѕР»СЊС€Р°СЏ РѕР±С‰Р°СЏ РїРѕРґСЃС‚СЂРѕРєР°: cca
РЅР°РёР±РѕР»СЊС€Р°СЏ РѕР±С‰Р°СЏ РїРѕРґСЃС‚СЂРѕРєР°: cbcb
РЅР°РёР±РѕР»СЊС€Р°СЏ РѕР±С‰Р°СЏ РїРѕРґСЃС‚СЂРѕРєР°: dbb
РЅР°РёР±РѕР»СЊС€Р°СЏ РѕР±С‰Р°СЏ РїРѕРґСЃС‚СЂРѕРєР°: cb
РЅР°РёР±РѕР»СЊС€Р°СЏ РѕР±С‰Р°СЏ РїРѕРґСЃС‚СЂРѕРєР°: dbb
РЅР°РёР±РѕР»СЊС€Р°СЏ РѕР±С‰Р°СЏ РїРѕРґСЃС‚СЂРѕРєР°: ba
РЅР°РёР±РѕР»СЊС€Р°СЏ РѕР±С‰Р°СЏ РїРѕРґСЃС‚СЂРѕРєР°: cbb
РЅР°РёР±РѕР»СЊС€Р°СЏ РѕР±С‰Р°СЏ РїРѕРґСЃС‚СЂРѕРєР°: cc
РЅР°РёР±РѕР»СЊС€Р°СЏ РѕР±С‰Р°СЏ РїРѕРґСЃС‚СЂРѕРєР°: ac
РЅР°РёР±РѕР»СЊС€Р°СЏ РѕР±С‰Р°СЏ РїРѕРґСЃС‚СЂРѕРєР°: aad
РЅР°РёР±РѕР»СЊС€Р°СЏ РѕР±С‰Р°СЏ РїРѕРґСЃС‚СЂРѕРєР°: cc
РЅР°РёР±РѕР»СЊС€Р°СЏ РѕР±С‰Р°СЏ РїРѕРґСЃС‚СЂРѕРєР°: bbd
РЅР°РёР±РѕР»СЊС€Р°СЏ РѕР±С‰Р°СЏ РїРѕРґСЃС‚СЂРѕРєР°: abb
РЅР°РёР±РѕР»СЊС€Р°СЏ РѕР±С‰Р°СЏ РїРѕРґСЃС‚СЂРѕРєР°: bbc
РЅР°РёР±РѕР»СЊС€Р°СЏ РѕР±С‰Р°СЏ РїРѕРґСЃС‚СЂРѕРєР°: ac
РЅР°РёР±РѕР»СЊС€Р°СЏ РѕР±С‰Р°СЏ РїРѕРґСЃС‚СЂРѕРєР°: ccb
РЅР°РёР±РѕР»СЊС€Р°СЏ РѕР±С‰Р°СЏ РїРѕРґСЃС‚СЂРѕРєР°: ad
РЅР°РёР±РѕР»СЊС€Р°СЏ РѕР±С‰Р°СЏ РїРѕРґСЃС‚СЂРѕРєР°: dda
РЅР°РёР±РѕР»СЊС€Р°СЏ РѕР±С‰Р°СЏ РїРѕРґСЃС‚СЂРѕРєР°: dab
РЅР°РёР±РѕР»СЊС€Р°СЏ РѕР±С‰Р°СЏ РїРѕРґСЃС‚СЂРѕРєР°: cb
РЅР°РёР±РѕР»СЊС€Р°СЏ РѕР±С‰Р°СЏ РїРѕРґСЃС‚СЂРѕРєР°: dcdb
РЅР°РёР±РѕР»СЊС€Р°СЏ РѕР±С‰Р°СЏ РїРѕРґСЃС‚СЂРѕРєР°: cbcbb
РЅР°РёР±РѕР»СЊС€Р°СЏ РѕР±С‰Р°СЏ РїРѕРґСЃС‚СЂРѕРєР°: bbc
РЅР°РёР±РѕР»СЊС€Р°СЏ РѕР±С‰Р°СЏ РїРѕРґСЃС‚СЂРѕРєР°: bd
РЅР°РёР±РѕР»СЊС€Р°СЏ РѕР±С‰Р°СЏ РїРѕРґСЃС‚СЂРѕРєР°: cdc
РЅР°РёР±РѕР»СЊС€Р°СЏ РѕР±С‰Р°СЏ РїРѕРґСЃС‚СЂРѕРєР°: aca
РЅР°РёР±РѕР»СЊС€Р°СЏ РѕР±С‰Р°СЏ РїРѕРґСЃС‚СЂРѕРєР°: bdd
РЅР°РёР±РѕР»СЊС€Р°СЏ РѕР±С‰Р°СЏ РїРѕРґСЃС‚СЂРѕРєР°: dd
РЅР°РёР±РѕР»СЊС€Р°СЏ РѕР±С‰Р°СЏ РїРѕРґСЃС‚СЂРѕРєР°: cb
РЅР°РёР±РѕР»СЊС€Р°СЏ РѕР±С‰Р°СЏ РїРѕРґСЃС‚СЂРѕРєР°: cd
РЅР°РёР±РѕР»СЊС€Р°СЏ РѕР±С‰Р°СЏ РїРѕРґСЃС‚СЂРѕРєР°: acdd
РЅР°РёР±РѕР»СЊС€Р°СЏ РѕР±С‰Р°СЏ РїРѕРґСЃС‚СЂРѕРєР°: bcc
РЅР°РёР±РѕР»СЊС€Р°СЏ РѕР±С‰Р°СЏ РїРѕРґСЃС‚СЂРѕРєР°: dc
РЅР°РёР±РѕР»СЊС€Р°СЏ РѕР±С‰Р°СЏ РїРѕРґСЃС‚СЂРѕРєР°: cc
РЅР°РёР±РѕР»СЊС€Р°СЏ РѕР±С‰Р°СЏ РїРѕРґСЃС‚СЂРѕРєР°: cb
РЅР°РёР±РѕР»СЊС€Р°СЏ РѕР±С‰Р°СЏ РїРѕРґСЃС‚СЂРѕРєР°: dd
РЅР°РёР±РѕР»СЊС€Р°СЏ РѕР±С‰Р°СЏ РїРѕРґСЃС‚СЂРѕРєР°: bb
РЅР°РёР±РѕР»СЊС€Р°СЏ РѕР±С‰Р°СЏ РїРѕРґСЃС‚СЂРѕРєР°: dca
РЅР°РёР±РѕР»СЊС€Р°СЏ РѕР±С‰Р°СЏ РїРѕРґСЃС‚СЂРѕРєР°: aba
РЅР°РёР±РѕР»СЊС€Р°СЏ РѕР±С‰Р°СЏ РїРѕРґСЃС‚СЂРѕРєР°: cac
РЅР°РёР±РѕР»СЊС€Р°СЏ РѕР±С‰Р°СЏ РїРѕРґСЃС‚СЂРѕРєР°: bcaa
РЅР°РёР±РѕР»СЊС€Р°СЏ РѕР±С‰Р°СЏ РїРѕРґСЃС‚СЂРѕРєР°: ab
РЅР°РёР±РѕР»СЊС€Р°СЏ РѕР±С‰Р°СЏ РїРѕРґСЃС‚СЂРѕРєР°: cdcd
РЅР°РёР±РѕР»СЊС€Р°СЏ РѕР±С‰Р°СЏ РїРѕРґСЃС‚СЂРѕРєР°: cdca
РЅР°РёР±РѕР»СЊС€Р°СЏ РѕР±С‰Р°СЏ РїРѕРґСЃС‚СЂРѕРєР°: dc
РЅР°РёР±РѕР»СЊС€Р°СЏ РѕР±С‰Р°СЏ РїРѕРґСЃС‚СЂРѕРєР°: aabb
РЅР°РёР±РѕР»СЊС€Р°СЏ РѕР±С‰Р°СЏ РїРѕРґСЃС‚СЂРѕРєР°: db
РЅР°РёР±РѕР»СЊС€Р°СЏ РѕР±С‰Р°СЏ РїРѕРґСЃС‚СЂРѕРєР°: add
РЅР°РёР±РѕР»СЊС€Р°СЏ РѕР±С‰Р°СЏ РїРѕРґСЃС‚СЂРѕРєР°: ad
РЅР°РёР±РѕР»СЊС€Р°СЏ РѕР±С‰Р°СЏ РїРѕРґСЃС‚СЂРѕРєР°: cdd
РЅР°РёР±РѕР»СЊС€Р°СЏ РѕР±С‰Р°СЏ РїРѕРґСЃС‚СЂРѕРєР°: bdd
РЅР°РёР±РѕР»СЊС€Р°СЏ РѕР±С‰Р°СЏ РїРѕРґСЃС‚СЂРѕРєР°: cda
РЅР°РёР±РѕР»СЊС€Р°СЏ РѕР±С‰Р°СЏ РїРѕРґСЃС‚СЂРѕРєР°: ab
РЅР°РёР±РѕР»СЊС€Р°СЏ РѕР±С‰Р°СЏ РїРѕРґСЃС‚СЂРѕРєР°: bcb
РЅР°РёР±РѕР»СЊС€Р°СЏ РѕР±С‰Р°СЏ РїРѕРґСЃС‚СЂРѕРєР°: bbc
РЅР°РёР±РѕР»СЊС€Р°СЏ РѕР±С‰Р°СЏ РїРѕРґСЃС‚СЂРѕРєР°: db
РЅР°РёР±РѕР»СЊС€Р°СЏ РѕР±С‰Р°СЏ РїРѕРґСЃС‚СЂРѕРєР°: ac
РЅР°РёР±РѕР»СЊС€Р°СЏ РѕР±С‰Р°СЏ РїРѕРґСЃС‚СЂРѕРєР°: ca
РЅР°РёР±РѕР»СЊС€Р°СЏ РѕР±С‰Р°СЏ РїРѕРґСЃС‚СЂРѕРєР°: bc
РЅР°РёР±РѕР»СЊС€Р°СЏ РѕР±С‰Р°СЏ РїРѕРґСЃС‚СЂРѕРєР°: cdcabd
РЅР°РёР±РѕР»СЊС€Р°СЏ РѕР±С‰Р°СЏ РїРѕРґСЃС‚СЂРѕРєР°: dbaa
РЅР°РёР±РѕР»СЊС€Р°СЏ РѕР±С‰Р°СЏ РїРѕРґСЃС‚СЂРѕРєР°: cccd
РЅР°РёР±РѕР»СЊС€Р°СЏ РѕР±С‰Р°СЏ РїРѕРґСЃС‚СЂРѕРєР°: ab
РЅР°РёР±РѕР»СЊС€Р°СЏ РѕР±С‰Р°СЏ РїРѕРґСЃС‚СЂРѕРєР°: ac
РЅР°РёР±РѕР»СЊС€Р°СЏ РѕР±С‰Р°СЏ РїРѕРґСЃС‚СЂРѕРєР°: ba
РЅР°РёР±РѕР»СЊС€Р°СЏ РѕР±С‰Р°СЏ РїРѕРґСЃС‚СЂРѕРєР°: bd
РЅР°РёР±РѕР»СЊС€Р°СЏ РѕР±С‰Р°СЏ РїРѕРґСЃС‚СЂРѕРєР°: da
РЅР°РёР±РѕР»СЊС€Р°СЏ РѕР±С‰Р°СЏ РїРѕРґСЃС‚СЂРѕРєР°: abd
РЅР°РёР±РѕР»СЊС€Р°СЏ РѕР±С‰Р°СЏ РїРѕРґСЃС‚СЂРѕРєР°: ccd
РЅР°РёР±РѕР»СЊС€Р°СЏ РѕР±С‰Р°СЏ РїРѕРґСЃС‚СЂРѕРєР°: aba
РЅР°РёР±РѕР»СЊС€Р°СЏ РѕР±С‰Р°СЏ РїРѕРґСЃС‚СЂРѕРєР°: dd
РЅР°РёР±РѕР»СЊС€Р°СЏ РѕР±С‰Р°СЏ РїРѕРґСЃС‚СЂРѕРєР°: bcbd
РЅР°РёР±РѕР»СЊС€Р°СЏ РѕР±С‰Р°СЏ РїРѕРґСЃС‚СЂРѕРєР°: dc
РЅР°РёР±РѕР»СЊС€Р°СЏ РѕР±С‰Р°СЏ РїРѕРґСЃС‚СЂРѕРєР°: bc
РЅР°РёР±РѕР»СЊС€Р°СЏ РѕР±С‰Р°СЏ РїРѕРґСЃС‚СЂРѕРєР°: dcb
РЅР°РёР±РѕР»СЊС€Р°СЏ РѕР±С‰Р°СЏ РїРѕРґСЃС‚СЂРѕРєР°: dad
РЅР°РёР±РѕР»СЊС€Р°СЏ РѕР±С‰Р°СЏ РїРѕРґСЃС‚СЂРѕРєР°: dcd
РЅР°РёР±РѕР»СЊС€Р°СЏ РѕР±С‰Р°СЏ РїРѕРґСЃС‚СЂРѕРєР°: cad
РЅР°РёР±РѕР»СЊС€Р°СЏ РѕР±С‰Р°СЏ РїРѕРґСЃС‚СЂРѕРєР°: ac
РЅР°РёР±РѕР»СЊС€Р°СЏ РѕР±С‰Р°СЏ РїРѕРґСЃС‚СЂРѕРєР°: ddcc
РЅР°РёР±РѕР»СЊС€Р°СЏ РѕР±С‰Р°СЏ РїРѕРґСЃС‚СЂРѕРєР°: baaad
РЅР°РёР±РѕР»СЊС€Р°СЏ РѕР±С‰Р°СЏ РїРѕРґСЃС‚СЂРѕРєР°: ca
РЅР°РёР±РѕР»СЊС€Р°СЏ РѕР±С‰Р°СЏ РїРѕРґСЃС‚СЂРѕРєР°: ca
РЅР°РёР±РѕР»СЊС€Р°СЏ РѕР±С‰Р°СЏ РїРѕРґСЃС‚СЂРѕРєР°: cb
РЅР°РёР±РѕР»СЊС€Р°СЏ РѕР±С‰Р°СЏ РїРѕРґСЃС‚СЂРѕРєР°: cc
РЅР°РёР±РѕР»СЊС€Р°СЏ РѕР±С‰Р°СЏ РїРѕРґСЃС‚СЂРѕРєР°: ac
РЅР°РёР±РѕР»СЊС€Р°СЏ РѕР±С‰Р°СЏ РїРѕРґСЃС‚СЂРѕРєР°: dc
РЅР°РёР±РѕР»СЊС€Р°СЏ РѕР±С‰Р°СЏ РїРѕРґСЃС‚СЂРѕРєР°: dbad
РЅР°РёР±РѕР»СЊС€Р°СЏ РѕР±С‰Р°СЏ РїРѕРґСЃС‚СЂРѕРєР°: acd
РЅР°РёР±РѕР»СЊС€Р°СЏ РѕР±С‰Р°СЏ РїРѕРґСЃС‚СЂРѕРєР°: cb
РЅР°РёР±РѕР»СЊС€Р°СЏ РѕР±С‰Р°СЏ РїРѕРґСЃС‚СЂРѕРєР°: ac
РЅР°РёР±РѕР»СЊС€Р°СЏ РѕР±С‰Р°СЏ РїРѕРґСЃС‚СЂРѕРєР°: bcd
РЅР°РёР±РѕР»СЊС€Р°СЏ РѕР±С‰Р°СЏ РїРѕРґСЃС‚СЂРѕРєР°: dac
РЅР°РёР±РѕР»СЊС€Р°СЏ РѕР±С‰Р°СЏ РїРѕРґСЃС‚СЂРѕРєР°: bccb
РЅР°РёР±РѕР»СЊС€Р°СЏ РѕР±С‰Р°СЏ РїРѕРґСЃС‚СЂРѕРєР°: dbdd
РЅР°РёР±РѕР»СЊС€Р°СЏ РѕР±С‰Р°СЏ РїРѕРґСЃС‚СЂРѕРєР°: cad
РЅР°РёР±РѕР»СЊС€Р°СЏ РѕР±С‰Р°СЏ РїРѕРґСЃС‚СЂРѕРєР°: cb
РЅР°РёР±РѕР»СЊС€Р°СЏ РѕР±С‰Р°СЏ РїРѕРґСЃС‚СЂРѕРєР°: cab
РЅР°РёР±РѕР»СЊС€Р°СЏ РѕР±С‰Р°СЏ РїРѕРґСЃС‚СЂРѕРєР°: aac
РЅР°РёР±РѕР»СЊС€Р°СЏ РѕР±С‰Р°СЏ РїРѕРґСЃС‚СЂРѕРєР°: acb
РЅР°РёР±РѕР»СЊС€Р°СЏ РѕР±С‰Р°СЏ РїРѕРґСЃС‚СЂРѕРєР°: ac
РЅР°РёР±РѕР»СЊС€Р°СЏ РѕР±С‰Р°СЏ РїРѕРґСЃС‚СЂРѕРєР°: cbd
РЅР°РёР±РѕР»СЊС€Р°СЏ РѕР±С‰Р°СЏ РїРѕРґСЃС‚СЂРѕРєР°: dca
РЅР°РёР±РѕР»СЊС€Р°СЏ РѕР±С‰Р°СЏ РїРѕРґСЃС‚СЂРѕРєР°: ca
РЅР°РёР±РѕР»СЊС€Р°СЏ РѕР±С‰Р°СЏ РїРѕРґСЃС‚СЂРѕРєР°: ddc
РЅР°РёР±РѕР»СЊС€Р°СЏ РѕР±С‰Р°СЏ РїРѕРґСЃС‚СЂРѕРєР°: ccb
РЅР°РёР±РѕР»СЊС€Р°СЏ РѕР±С‰Р°СЏ РїРѕРґСЃС‚СЂРѕРєР°: cda
РЅР°РёР±РѕР»СЊС€Р°СЏ РѕР±С‰Р°СЏ РїРѕРґСЃС‚СЂРѕРєР°: bc
РЅР°РёР±РѕР»СЊС€Р°СЏ РѕР±С‰Р°СЏ РїРѕРґСЃС‚СЂРѕРєР°: da
РЅР°РёР±РѕР»СЊС€Р°СЏ РѕР±С‰Р°СЏ РїРѕРґСЃС‚СЂРѕРєР°: cda
РЅР°РёР±РѕР»СЊС€Р°СЏ РѕР±С‰Р°СЏ РїРѕРґСЃС‚СЂРѕРєР°: cb
РЅР°РёР±РѕР»СЊС€Р°СЏ РѕР±С‰Р°СЏ РїРѕРґСЃС‚СЂРѕРєР°: db
РЅР°РёР±РѕР»СЊС€Р°СЏ РѕР±С‰Р°СЏ РїРѕРґСЃС‚СЂРѕРєР°: da
РЅР°РёР±РѕР»СЊС€Р°СЏ РѕР±С‰Р°СЏ РїРѕРґСЃС‚СЂРѕРєР°: aa
РЅР°РёР±РѕР»СЊС€Р°СЏ РѕР±С‰Р°СЏ РїРѕРґСЃС‚СЂРѕРєР°: bda
РЅР°РёР±РѕР»СЊС€Р°СЏ РѕР±С‰Р°СЏ РїРѕРґСЃС‚СЂРѕРєР°: caca
РЅР°РёР±РѕР»СЊС€Р°СЏ РѕР±С‰Р°СЏ РїРѕРґСЃС‚СЂРѕРєР°: da
РЅР°РёР±РѕР»СЊС€Р°СЏ РѕР±С‰Р°СЏ РїРѕРґСЃС‚СЂРѕРєР°: bdd
РЅР°РёР±РѕР»СЊС€Р°СЏ РѕР±С‰Р°СЏ РїРѕРґСЃС‚СЂРѕРєР°: ac
РЅР°РёР±РѕР»СЊС€Р°СЏ РѕР±С‰Р°СЏ РїРѕРґСЃС‚СЂРѕРєР°: acb
РЅР°РёР±РѕР»СЊС€Р°СЏ РѕР±С‰Р°СЏ РїРѕРґСЃС‚СЂРѕРєР°: dbcb
РЅР°РёР±РѕР»СЊС€Р°СЏ РѕР±С‰Р°СЏ РїРѕРґСЃС‚СЂРѕРєР°: bb
РЅР°РёР±РѕР»СЊС€Р°СЏ РѕР±С‰Р°СЏ РїРѕРґСЃС‚СЂРѕРєР°: dbc
РЅР°РёР±РѕР»СЊС€Р°СЏ РѕР±С‰Р°СЏ РїРѕРґСЃС‚СЂРѕРєР°: bd
РЅР°РёР±РѕР»СЊС€Р°СЏ РѕР±С‰Р°СЏ РїРѕРґСЃС‚СЂРѕРєР°: aab
РЅР°РёР±РѕР»СЊС€Р°СЏ РѕР±С‰Р°СЏ РїРѕРґСЃС‚СЂРѕРєР°: adb
РЅР°РёР±РѕР»СЊС€Р°СЏ РѕР±С‰Р°СЏ РїРѕРґСЃС‚СЂРѕРєР°: ada
РЅР°РёР±РѕР»СЊС€Р°СЏ РѕР±С‰Р°СЏ РїРѕРґСЃС‚СЂРѕРєР°: bd
РЅР°РёР±РѕР»СЊС€Р°СЏ РѕР±С‰Р°СЏ РїРѕРґСЃС‚СЂРѕРєР°: ad
РЅР°РёР±РѕР»СЊС€Р°СЏ РѕР±С‰Р°СЏ РїРѕРґСЃС‚СЂРѕРєР°: bdbc
РЅР°РёР±РѕР»СЊС€Р°СЏ РѕР±С‰Р°СЏ РїРѕРґСЃС‚СЂРѕРєР°: dab
РЅР°РёР±РѕР»СЊС€Р°СЏ РѕР±С‰Р°СЏ РїРѕРґСЃС‚СЂРѕРєР°: dca
РЅР°РёР±РѕР»СЊС€Р°СЏ РѕР±С‰Р°СЏ РїРѕРґСЃС‚СЂРѕРєР°: aadd
РЅР°РёР±РѕР»СЊС€Р°СЏ РѕР±С‰Р°СЏ РїРѕРґСЃС‚СЂРѕРєР°: dbad
РЅР°РёР±РѕР»СЊС€Р°СЏ РѕР±С‰Р°СЏ РїРѕРґСЃС‚СЂРѕРєР°: cdc
РЅР°РёР±РѕР»СЊС€Р°СЏ РѕР±С‰Р°СЏ РїРѕРґСЃС‚СЂРѕРєР°: ab
РЅР°РёР±РѕР»СЊС€Р°СЏ РѕР±С‰Р°СЏ РїРѕРґСЃС‚СЂРѕРєР°: ad
РЅР°РёР±РѕР»СЊС€Р°СЏ РѕР±С‰Р°СЏ РїРѕРґСЃС‚СЂРѕРєР°: bbdcd
РЅР°РёР±РѕР»СЊС€Р°СЏ РѕР±С‰Р°СЏ РїРѕРґСЃС‚СЂРѕРєР°: dddd
РЅР°РёР±РѕР»СЊС€Р°СЏ РѕР±С‰Р°СЏ РїРѕРґСЃС‚СЂРѕРєР°: dca
РЅР°РёР±РѕР»СЊС€Р°СЏ РѕР±С‰Р°СЏ РїРѕРґСЃС‚СЂРѕРєР°: aa
РЅР°РёР±РѕР»СЊС€Р°СЏ РѕР±С‰Р°СЏ РїРѕРґСЃС‚СЂРѕРєР°: bdb
РЅР°РёР±РѕР»СЊС€Р°СЏ РѕР±С‰Р°СЏ РїРѕРґСЃС‚СЂРѕРєР°: aca
РЅР°РёР±РѕР»СЊС€Р°СЏ РѕР±С‰Р°СЏ РїРѕРґСЃС‚СЂРѕРєР°: dac
РЅР°РёР±РѕР»СЊС€Р°СЏ РѕР±С‰Р°СЏ РїРѕРґСЃС‚СЂРѕРєР°: da
РЅР°РёР±РѕР»СЊС€Р°СЏ РѕР±С‰Р°СЏ РїРѕРґСЃС‚СЂРѕРєР°: ab
РЅР°РёР±РѕР»СЊС€Р°СЏ РѕР±С‰Р°СЏ РїРѕРґСЃС‚СЂРѕРєР°: ad
РЅР°РёР±РѕР»СЊС€Р°СЏ РѕР±С‰Р°СЏ РїРѕРґСЃС‚СЂРѕРєР°: acc
РЅР°РёР±РѕР»СЊС€Р°СЏ РѕР±С‰Р°СЏ РїРѕРґСЃС‚СЂРѕРєР°: ba
РЅР°РёР±РѕР»СЊС€Р°СЏ РѕР±С‰Р°СЏ РїРѕРґСЃС‚СЂРѕРєР°: ad
РЅР°РёР±РѕР»СЊС€Р°СЏ РѕР±С‰Р°СЏ РїРѕРґСЃС‚СЂРѕРєР°: cdd
РЅР°РёР±РѕР»СЊС€Р°СЏ РѕР±С‰Р°СЏ РїРѕРґСЃС‚СЂРѕРєР°: bbdbbc
РЅР°РёР±РѕР»СЊС€Р°СЏ РѕР±С‰Р°СЏ РїРѕРґСЃС‚СЂРѕРєР°: ddd
РЅР°РёР±РѕР»СЊС€Р°СЏ РѕР±С‰Р°СЏ РїРѕРґСЃС‚СЂРѕРєР°: cb
РЅР°РёР±РѕР»СЊС€Р°СЏ РѕР±С‰Р°СЏ РїРѕРґСЃС‚СЂРѕРєР°: cab
РЅР°РёР±РѕР»СЊС€Р°СЏ РѕР±С‰Р°СЏ РїРѕРґСЃС‚СЂРѕРєР°: da
РЅР°РёР±РѕР»СЊС€Р°СЏ РѕР±С‰Р°СЏ РїРѕРґСЃС‚СЂРѕРєР°: bdbb
РЅР°РёР±РѕР»СЊС€Р°СЏ РѕР±С‰Р°СЏ РїРѕРґСЃС‚СЂРѕРєР°: bc
РЅР°РёР±РѕР»СЊС€Р°СЏ РѕР±С‰Р°СЏ РїРѕРґСЃС‚СЂРѕРєР°: cbd
РЅР°РёР±РѕР»СЊС€Р°СЏ РѕР±С‰Р°СЏ РїРѕРґСЃС‚СЂРѕРєР°: dca
РЅР°РёР±РѕР»СЊС€Р°СЏ РѕР±С‰Р°СЏ РїРѕРґСЃС‚СЂРѕРєР°: ba
РЅР°РёР±РѕР»СЊС€Р°СЏ РѕР±С‰Р°СЏ РїРѕРґСЃС‚СЂРѕРєР°: bb
РЅР°РёР±РѕР»СЊС€Р°СЏ РѕР±С‰Р°СЏ РїРѕРґСЃС‚СЂРѕРєР°: cdab
РЅР°РёР±РѕР»СЊС€Р°СЏ РѕР±С‰Р°СЏ РїРѕРґСЃС‚СЂРѕРєР°: ccdba
РЅР°РёР±РѕР»СЊС€Р°СЏ РѕР±С‰Р°СЏ РїРѕРґСЃС‚СЂРѕРєР°: bbb
РЅР°РёР±РѕР»СЊС€Р°СЏ РѕР±С‰Р°СЏ РїРѕРґСЃС‚СЂРѕРєР°: acd
РЅР°РёР±РѕР»СЊС€Р°СЏ РѕР±С‰Р°СЏ РїРѕРґСЃС‚СЂРѕРєР°: adc
РЅР°РёР±РѕР»СЊС€Р°СЏ РѕР±С‰Р°СЏ РїРѕРґСЃС‚СЂРѕРєР°: cb
РЅР°РёР±РѕР»СЊС€Р°СЏ РѕР±С‰Р°СЏ РїРѕРґСЃС‚СЂРѕРєР°: bab
РЅР°РёР±РѕР»СЊС€Р°СЏ РѕР±С‰Р°СЏ РїРѕРґСЃС‚СЂРѕРєР°: dca
РЅР°РёР±РѕР»СЊС€Р°СЏ РѕР±С‰Р°СЏ РїРѕРґСЃС‚СЂРѕРєР°: addd
РЅР°РёР±РѕР»СЊС€Р°СЏ РѕР±С‰Р°СЏ РїРѕРґСЃС‚СЂРѕРєР°: cda
РЅР°РёР±РѕР»СЊС€Р°СЏ РѕР±С‰Р°СЏ РїРѕРґСЃС‚СЂРѕРєР°: abdb
РЅР°РёР±РѕР»СЊС€Р°СЏ РѕР±С‰Р°СЏ РїРѕРґСЃС‚СЂРѕРєР°: bc
РЅР°РёР±РѕР»СЊС€Р°СЏ РѕР±С‰Р°СЏ РїРѕРґСЃС‚СЂРѕРєР°: c
РЅР°РёР±РѕР»СЊС€Р°СЏ РѕР±С‰Р°СЏ РїРѕРґСЃС‚СЂРѕРєР°: adb
РЅР°РёР±РѕР»СЊС€Р°СЏ РѕР±С‰Р°СЏ РїРѕРґСЃС‚СЂРѕРєР°: caab
РЅР°РёР±РѕР»СЊС€Р°СЏ РѕР±С‰Р°СЏ РїРѕРґСЃС‚СЂРѕРєР°: ccc
РЅР°РёР±РѕР»СЊС€Р°СЏ РѕР±С‰Р°СЏ РїРѕРґСЃС‚СЂРѕРєР°: dca
РЅР°РёР±РѕР»СЊС€Р°СЏ РѕР±С‰Р°СЏ РїРѕРґСЃС‚СЂРѕРєР°: db
РЅР°РёР±РѕР»СЊС€Р°СЏ РѕР±С‰Р°СЏ РїРѕРґСЃС‚СЂРѕРєР°: dc
РЅР°РёР±РѕР»СЊС€Р°СЏ РѕР±С‰Р°СЏ РїРѕРґСЃС‚СЂРѕРєР°: dbb
РЅР°РёР±РѕР»СЊС€Р°СЏ РѕР±С‰Р°СЏ РїРѕРґСЃС‚СЂРѕРєР°: caa
РЅР°РёР±РѕР»СЊС€Р°СЏ РѕР±С‰Р°СЏ РїРѕРґСЃС‚СЂРѕРєР°: bdab
РЅР°РёР±РѕР»СЊС€Р°СЏ РѕР±С‰Р°СЏ РїРѕРґСЃС‚СЂРѕРєР°: bcbc
РЅР°РёР±РѕР»СЊС€Р°СЏ РѕР±С‰Р°СЏ РїРѕРґСЃС‚СЂРѕРєР°: ddb
РЅР°РёР±РѕР»СЊС€Р°СЏ РѕР±С‰Р°СЏ РїРѕРґСЃС‚СЂРѕРєР°: caa
РЅР°РёР±РѕР»СЊС€Р°СЏ РѕР±С‰Р°СЏ РїРѕРґСЃС‚СЂРѕРєР°: ba
РЅР°РёР±РѕР»СЊС€Р°СЏ РѕР±С‰Р°СЏ РїРѕРґСЃС‚СЂРѕРєР°: dcc
РЅР°РёР±РѕР»СЊС€Р°СЏ РѕР±С‰Р°СЏ РїРѕРґСЃС‚СЂРѕРєР°: bca
РЅР°РёР±РѕР»СЊС€Р°СЏ РѕР±С‰Р°СЏ РїРѕРґСЃС‚СЂРѕРєР°: cd
РЅР°РёР±РѕР»СЊС€Р°СЏ РѕР±С‰Р°СЏ РїРѕРґСЃС‚СЂРѕРєР°: da
РЅР°РёР±РѕР»СЊС€Р°СЏ РѕР±С‰Р°СЏ РїРѕРґСЃС‚СЂРѕРєР°: ada
РЅР°РёР±РѕР»СЊС€Р°СЏ РѕР±С‰Р°СЏ РїРѕРґСЃС‚СЂРѕРєР°: dabdc
РЅР°РёР±РѕР»СЊС€Р°СЏ РѕР±С‰Р°СЏ РїРѕРґСЃС‚СЂРѕРєР°: cb
РЅР°РёР±РѕР»СЊС€Р°СЏ РѕР±С‰Р°СЏ РїРѕРґСЃС‚СЂРѕРєР°: dda
РЅР°РёР±РѕР»СЊС€Р°СЏ РѕР±С‰Р°СЏ РїРѕРґСЃС‚СЂРѕРєР°: cab
РЅР°РёР±РѕР»СЊС€Р°СЏ РѕР±С‰Р°СЏ РїРѕРґСЃС‚СЂРѕРєР°: dbb
РЅР°РёР±РѕР»СЊС€Р°СЏ РѕР±С‰Р°СЏ РїРѕРґСЃС‚СЂРѕРєР°: ac
РЅР°РёР±РѕР»СЊС€Р°СЏ РѕР±С‰Р°СЏ РїРѕРґСЃС‚СЂРѕРєР°: da
РЅР°РёР±РѕР»СЊС€Р°СЏ РѕР±С‰Р°СЏ РїРѕРґСЃС‚СЂРѕРєР°: dc
РЅР°РёР±РѕР»СЊС€Р°СЏ РѕР±С‰Р°СЏ РїРѕРґСЃС‚СЂРѕРєР°: db
РЅР°РёР±РѕР»СЊС€Р°СЏ РѕР±С‰Р°СЏ РїРѕРґСЃС‚СЂРѕРєР°: ddc
РЅР°РёР±РѕР»СЊС€Р°СЏ РѕР±С‰Р°СЏ РїРѕРґСЃС‚СЂРѕРєР°: cc
РЅР°РёР±РѕР»СЊС€Р°СЏ РѕР±С‰Р°СЏ РїРѕРґСЃС‚СЂРѕРєР°: ba
РЅР°РёР±РѕР»СЊС€Р°СЏ РѕР±С‰Р°СЏ РїРѕРґСЃС‚СЂРѕРєР°: bac
РЅР°РёР±РѕР»СЊС€Р°СЏ РѕР±С‰Р°СЏ РїРѕРґСЃС‚СЂРѕРєР°: bc
РЅР°РёР±РѕР»СЊС€Р°СЏ РѕР±С‰Р°СЏ РїРѕРґСЃС‚СЂРѕРєР°: dabcd
РЅР°РёР±РѕР»СЊС€Р°СЏ РѕР±С‰Р°СЏ РїРѕРґСЃС‚СЂРѕРєР°: dcc
РЅР°РёР±РѕР»СЊС€Р°СЏ РѕР±С‰Р°СЏ РїРѕРґСЃС‚СЂРѕРєР°: bb
РЅР°РёР±РѕР»СЊС€Р°СЏ РѕР±С‰Р°СЏ РїРѕРґСЃС‚СЂРѕРєР°: ba
РЅР°РёР±РѕР»СЊС€Р°СЏ РѕР±С‰Р°СЏ РїРѕРґСЃС‚СЂРѕРєР°: bbc
РЅР°РёР±РѕР»СЊС€Р°СЏ РѕР±С‰Р°СЏ РїРѕРґСЃС‚СЂРѕРєР°: abd
РЅР°РёР±РѕР»СЊС€Р°СЏ РѕР±С‰Р°СЏ РїРѕРґСЃС‚СЂРѕРєР°: cdd
РЅР°РёР±РѕР»СЊС€Р°СЏ РѕР±С‰Р°СЏ РїРѕРґСЃС‚СЂРѕРєР°: cad
РЅР°РёР±РѕР»СЊС€Р°СЏ РѕР±С‰Р°СЏ РїРѕРґСЃС‚СЂРѕРєР°: baa
РЅР°РёР±РѕР»СЊС€Р°СЏ РѕР±С‰Р°СЏ РїРѕРґСЃС‚СЂРѕРєР°: ccad
РЅР°РёР±РѕР»СЊС€Р°СЏ РѕР±С‰Р°СЏ РїРѕРґСЃС‚СЂРѕРєР°: ba
РЅР°РёР±РѕР»СЊС€Р°СЏ РѕР±С‰Р°СЏ РїРѕРґСЃС‚СЂРѕРєР°: cb
РЅР°РёР±РѕР»СЊС€Р°СЏ РѕР±С‰Р°СЏ РїРѕРґСЃС‚СЂРѕРєР°: bd
РЅР°РёР±РѕР»СЊС€Р°СЏ РѕР±С‰Р°СЏ РїРѕРґСЃС‚СЂРѕРєР°: bac
РЅР°РёР±РѕР»СЊС€Р°СЏ РѕР±С‰Р°СЏ РїРѕРґСЃС‚СЂРѕРєР°: d
РЅР°РёР±РѕР»СЊС€Р°СЏ РѕР±С‰Р°СЏ РїРѕРґСЃС‚СЂРѕРєР°: ba
РЅР°РёР±РѕР»СЊС€Р°СЏ РѕР±С‰Р°СЏ РїРѕРґСЃС‚СЂРѕРєР°: cb
РЅР°РёР±РѕР»СЊС€Р°СЏ РѕР±С‰Р°СЏ РїРѕРґСЃС‚СЂРѕРєР°: dac
РЅР°РёР±РѕР»СЊС€Р°СЏ РѕР±С‰Р°СЏ РїРѕРґСЃС‚СЂРѕРєР°: ac
РЅР°РёР±РѕР»СЊС€Р°СЏ РѕР±С‰Р°СЏ РїРѕРґСЃС‚СЂРѕРєР°: dddb
РЅР°РёР±РѕР»СЊС€Р°СЏ РѕР±С‰Р°СЏ РїРѕРґСЃС‚СЂРѕРєР°: cb
РЅР°РёР±РѕР»СЊС€Р°СЏ РѕР±С‰Р°СЏ РїРѕРґСЃС‚СЂРѕРєР°: bcb
РЅР°РёР±РѕР»СЊС€Р°СЏ РѕР±С‰Р°СЏ РїРѕРґСЃС‚СЂРѕРєР°: dc
РЅР°РёР±РѕР»СЊС€Р°СЏ РѕР±С‰Р°СЏ РїРѕРґСЃС‚СЂРѕРєР°: bdc
РЅР°РёР±РѕР»СЊС€Р°СЏ РѕР±С‰Р°СЏ РїРѕРґСЃС‚СЂРѕРєР°: dcc
РЅР°РёР±РѕР»СЊС€Р°СЏ РѕР±С‰Р°СЏ РїРѕРґСЃС‚СЂРѕРєР°: ddd
РЅР°РёР±РѕР»СЊС€Р°СЏ РѕР±С‰Р°СЏ РїРѕРґСЃС‚СЂРѕРєР°: cd
РЅР°РёР±РѕР»СЊС€Р°СЏ РѕР±С‰Р°СЏ РїРѕРґСЃС‚СЂРѕРєР°: cc
РЅР°РёР±РѕР»СЊС€Р°СЏ РѕР±С‰Р°СЏ РїРѕРґСЃС‚СЂРѕРєР°: abc
РЅР°РёР±РѕР»СЊС€Р°СЏ РѕР±С‰Р°СЏ РїРѕРґСЃС‚СЂРѕРєР°: acc
РЅР°РёР±РѕР»СЊС€Р°СЏ РѕР±С‰Р°СЏ РїРѕРґСЃС‚СЂРѕРєР°: dac
РЅР°РёР±РѕР»СЊС€Р°СЏ РѕР±С‰Р°СЏ РїРѕРґСЃС‚СЂРѕРєР°: ca
РЅР°РёР±РѕР»СЊС€Р°СЏ РѕР±С‰Р°СЏ РїРѕРґСЃС‚СЂРѕРєР°: cbc
РЅР°РёР±РѕР»СЊС€Р°СЏ РѕР±С‰Р°СЏ РїРѕРґСЃС‚СЂРѕРєР°: abc
РЅР°РёР±РѕР»СЊС€Р°СЏ РѕР±С‰Р°СЏ РїРѕРґСЃС‚СЂРѕРєР°: dd
РЅР°РёР±РѕР»СЊС€Р°СЏ РѕР±С‰Р°СЏ РїРѕРґСЃС‚СЂРѕРєР°: dc
РЅР°РёР±РѕР»СЊС€Р°СЏ РѕР±С‰Р°СЏ РїРѕРґСЃС‚СЂРѕРєР°: ddb
РЅР°РёР±РѕР»СЊС€Р°СЏ РѕР±С‰Р°СЏ РїРѕРґСЃС‚СЂРѕРєР°: ad
РЅР°РёР±РѕР»СЊС€Р°СЏ РѕР±С‰Р°СЏ РїРѕРґСЃС‚СЂРѕРєР°: bbc
РЅР°РёР±РѕР»СЊС€Р°СЏ РѕР±С‰Р°СЏ РїРѕРґСЃС‚СЂРѕРєР°: bc
РЅР°РёР±РѕР»СЊС€Р°СЏ РѕР±С‰Р°СЏ РїРѕРґСЃС‚СЂРѕРєР°: cc
РЅР°РёР±РѕР»СЊС€Р°СЏ РѕР±С‰Р°СЏ РїРѕРґСЃС‚СЂРѕРєР°: dbd
РЅР°РёР±РѕР»СЊС€Р°СЏ РѕР±С‰Р°СЏ РїРѕРґСЃС‚СЂРѕРєР°: add
РЅР°РёР±РѕР»СЊС€Р°СЏ РѕР±С‰Р°СЏ РїРѕРґСЃС‚СЂРѕРєР°: cbc
РЅР°РёР±РѕР»СЊС€Р°СЏ РѕР±С‰Р°СЏ РїРѕРґСЃС‚СЂРѕРєР°: dbb
РЅР°РёР±РѕР»СЊС€Р°СЏ РѕР±С‰Р°СЏ РїРѕРґСЃС‚СЂРѕРєР°: bcb
РЅР°РёР±РѕР»СЊС€Р°СЏ РѕР±С‰Р°СЏ РїРѕРґСЃС‚СЂРѕРєР°: cd
РЅР°РёР±РѕР»СЊС€Р°СЏ РѕР±С‰Р°СЏ РїРѕРґСЃС‚СЂРѕРєР°: cdc
РЅР°РёР±РѕР»СЊС€Р°СЏ РѕР±С‰Р°СЏ РїРѕРґСЃС‚СЂРѕРєР°: ba
РЅР°РёР±РѕР»СЊС€Р°СЏ РѕР±С‰Р°СЏ РїРѕРґСЃС‚СЂРѕРєР°: bca
РЅР°РёР±РѕР»СЊС€Р°СЏ РѕР±С‰Р°СЏ РїРѕРґСЃС‚СЂРѕРєР°: da
РЅР°РёР±РѕР»СЊС€Р°СЏ РѕР±С‰Р°СЏ РїРѕРґСЃС‚СЂРѕРєР°: adb
РЅР°РёР±РѕР»СЊС€Р°СЏ РѕР±С‰Р°СЏ РїРѕРґСЃС‚СЂРѕРєР°: ccd
РЅР°РёР±РѕР»СЊС€Р°СЏ РѕР±С‰Р°СЏ РїРѕРґСЃС‚СЂРѕРєР°: ab
РЅР°РёР±РѕР»СЊС€Р°СЏ РѕР±С‰Р°СЏ РїРѕРґСЃС‚СЂРѕРєР°: add
РЅР°РёР±РѕР»СЊС€Р°СЏ РѕР±С‰Р°СЏ РїРѕРґСЃС‚СЂРѕРєР°: ca
РЅР°РёР±РѕР»СЊС€Р°СЏ РѕР±С‰Р°СЏ РїРѕРґСЃС‚СЂРѕРєР°: bad
РЅР°РёР±РѕР»СЊС€Р°СЏ РѕР±С‰Р°СЏ РїРѕРґСЃС‚СЂРѕРєР°: cbdb
РЅР°РёР±РѕР»СЊС€Р°СЏ РѕР±С‰Р°СЏ РїРѕРґСЃС‚СЂРѕРєР°: dcdb
РЅР°РёР±РѕР»СЊС€Р°СЏ РѕР±С‰Р°СЏ РїРѕРґСЃС‚СЂРѕРєР°: db
РЅР°РёР±РѕР»СЊС€Р°СЏ РѕР±С‰Р°СЏ РїРѕРґСЃС‚СЂРѕРєР°: cbbc
РЅР°РёР±РѕР»СЊС€Р°СЏ РѕР±С‰Р°СЏ РїРѕРґСЃС‚СЂРѕРєР°: ac
РЅР°РёР±РѕР»СЊС€Р°СЏ РѕР±С‰Р°СЏ РїРѕРґСЃС‚СЂРѕРєР°: b
РЅР°РёР±РѕР»СЊС€Р°СЏ РѕР±С‰Р°СЏ РїРѕРґСЃС‚СЂРѕРєР°: adb
РЅР°РёР±РѕР»СЊС€Р°СЏ РѕР±С‰Р°СЏ РїРѕРґСЃС‚СЂРѕРєР°: dca
РЅР°РёР±РѕР»СЊС€Р°СЏ РѕР±С‰Р°СЏ РїРѕРґСЃС‚СЂРѕРєР°: bcaa
РЅР°РёР±РѕР»СЊС€Р°СЏ РѕР±С‰Р°СЏ РїРѕРґСЃС‚СЂРѕРєР°: bda
РЅР°РёР±РѕР»СЊС€Р°СЏ РѕР±С‰Р°СЏ РїРѕРґСЃС‚СЂРѕРєР°: ad
РЅР°РёР±РѕР»СЊС€Р°СЏ РѕР±С‰Р°СЏ РїРѕРґСЃС‚СЂРѕРєР°: ca
РЅР°РёР±РѕР»СЊС€Р°СЏ РѕР±С‰Р°СЏ РїРѕРґСЃС‚СЂРѕРєР°: babbc
РЅР°РёР±РѕР»СЊС€Р°СЏ РѕР±С‰Р°СЏ РїРѕРґСЃС‚СЂРѕРєР°: dd
РЅР°РёР±РѕР»СЊС€Р°СЏ РѕР±С‰Р°СЏ РїРѕРґСЃС‚СЂРѕРєР°: dac
РЅР°РёР±РѕР»СЊС€Р°СЏ РѕР±С‰Р°СЏ РїРѕРґСЃС‚СЂРѕРєР°: dabbda
РЅР°РёР±РѕР»СЊС€Р°СЏ РѕР±С‰Р°СЏ РїРѕРґСЃС‚СЂРѕРєР°: ca
РЅР°РёР±РѕР»СЊС€Р°СЏ РѕР±С‰Р°СЏ РїРѕРґСЃС‚СЂРѕРєР°: cacd
РЅР°РёР±РѕР»СЊС€Р°СЏ РѕР±С‰Р°СЏ РїРѕРґСЃС‚СЂРѕРєР°: cda
РЅР°РёР±РѕР»СЊС€Р°СЏ РѕР±С‰Р°СЏ РїРѕРґСЃС‚СЂРѕРєР°: dcb
РЅР°РёР±РѕР»СЊС€Р°СЏ РѕР±С‰Р°СЏ РїРѕРґСЃС‚СЂРѕРєР°: ba
РЅР°РёР±РѕР»СЊС€Р°СЏ РѕР±С‰Р°СЏ РїРѕРґСЃС‚СЂРѕРєР°: ccb
РЅР°РёР±РѕР»СЊС€Р°СЏ РѕР±С‰Р°СЏ РїРѕРґСЃС‚СЂРѕРєР°: db
РЅР°РёР±РѕР»СЊС€Р°СЏ РѕР±С‰Р°СЏ РїРѕРґСЃС‚СЂРѕРєР°: ad
РЅР°РёР±РѕР»СЊС€Р°СЏ РѕР±С‰Р°СЏ РїРѕРґСЃС‚СЂРѕРєР°: cdc
РЅР°РёР±РѕР»СЊС€Р°СЏ РѕР±С‰Р°СЏ РїРѕРґСЃС‚СЂРѕРєР°: cb
РЅР°РёР±РѕР»СЊС€Р°СЏ РѕР±С‰Р°СЏ РїРѕРґСЃС‚СЂРѕРєР°: bab
РЅР°РёР±РѕР»СЊС€Р°СЏ РѕР±С‰Р°СЏ РїРѕРґСЃС‚СЂРѕРєР°: cac
РЅР°РёР±РѕР»СЊС€Р°СЏ РѕР±С‰Р°СЏ РїРѕРґСЃС‚СЂРѕРєР°: cbd
РЅР°РёР±РѕР»СЊС€Р°СЏ РѕР±С‰Р°СЏ РїРѕРґСЃС‚СЂРѕРєР°: ddb
РЅР°РёР±РѕР»СЊС€Р°СЏ РѕР±С‰Р°СЏ РїРѕРґСЃС‚СЂРѕРєР°: dcb
РЅР°РёР±РѕР»СЊС€Р°СЏ РѕР±С‰Р°СЏ РїРѕРґСЃС‚СЂРѕРєР°: abd
РЅР°РёР±РѕР»СЊС€Р°СЏ РѕР±С‰Р°СЏ РїРѕРґСЃС‚СЂРѕРєР°: dbb
РЅР°РёР±РѕР»СЊС€Р°СЏ РѕР±С‰Р°СЏ РїРѕРґСЃС‚СЂРѕРєР°: cbd
РЅР°РёР±РѕР»СЊС€Р°СЏ РѕР±С‰Р°СЏ РїРѕРґСЃС‚СЂРѕРєР°: bac
РЅР°РёР±РѕР»СЊС€Р°СЏ РѕР±С‰Р°СЏ РїРѕРґСЃС‚СЂРѕРєР°: bbc
РЅР°РёР±РѕР»СЊС€Р°СЏ РѕР±С‰Р°СЏ РїРѕРґСЃС‚СЂРѕРєР°: cdb
РЅР°РёР±РѕР»СЊС€Р°СЏ РѕР±С‰Р°СЏ РїРѕРґСЃС‚СЂРѕРєР°: adc
РЅР°РёР±РѕР»СЊС€Р°СЏ РѕР±С‰Р°СЏ РїРѕРґСЃС‚СЂРѕРєР°: cac
РЅР°РёР±РѕР»СЊС€Р°СЏ РѕР±С‰Р°СЏ РїРѕРґСЃС‚СЂРѕРєР°: ddd
РЅР°РёР±РѕР»СЊС€Р°СЏ РѕР±С‰Р°СЏ РїРѕРґСЃС‚СЂРѕРєР°: dca
РЅР°РёР±РѕР»СЊС€Р°СЏ РѕР±С‰Р°СЏ РїРѕРґСЃС‚СЂРѕРєР°: ddccb
РЅР°РёР±РѕР»СЊС€Р°СЏ РѕР±С‰Р°СЏ РїРѕРґСЃС‚СЂРѕРєР°: cc
РЅР°РёР±РѕР»СЊС€Р°СЏ РѕР±С‰Р°СЏ РїРѕРґСЃС‚СЂРѕРєР°: bac
РЅР°РёР±РѕР»СЊС€Р°СЏ РѕР±С‰Р°СЏ РїРѕРґСЃС‚СЂРѕРєР°: cdd
РЅР°РёР±РѕР»СЊС€Р°СЏ РѕР±С‰Р°СЏ РїРѕРґСЃС‚СЂРѕРєР°: dcb
РЅР°РёР±РѕР»СЊС€Р°СЏ РѕР±С‰Р°СЏ РїРѕРґСЃС‚СЂРѕРєР°: dad
РЅР°РёР±РѕР»СЊС€Р°СЏ РѕР±С‰Р°СЏ РїРѕРґСЃС‚СЂРѕРєР°: aab
РЅР°РёР±РѕР»СЊС€Р°СЏ РѕР±С‰Р°СЏ РїРѕРґСЃС‚СЂРѕРєР°: cd
РЅР°РёР±РѕР»СЊС€Р°СЏ РѕР±С‰Р°СЏ РїРѕРґСЃС‚СЂРѕРєР°: cdba
РЅР°РёР±РѕР»СЊС€Р°СЏ РѕР±С‰Р°СЏ РїРѕРґСЃС‚СЂРѕРєР°: cd
РЅР°РёР±РѕР»СЊС€Р°СЏ РѕР±С‰Р°СЏ РїРѕРґСЃС‚СЂРѕРєР°: bccbc
РЅР°РёР±РѕР»СЊС€Р°СЏ РѕР±С‰Р°СЏ РїРѕРґСЃС‚СЂРѕРєР°: acb
РЅР°РёР±РѕР»СЊС€Р°СЏ РѕР±С‰Р°СЏ РїРѕРґСЃС‚СЂРѕРєР°: ca
РЅР°РёР±РѕР»СЊС€Р°СЏ РѕР±С‰Р°СЏ РїРѕРґСЃС‚СЂРѕРєР°: caa
РЅР°РёР±РѕР»СЊС€Р°СЏ РѕР±С‰Р°СЏ РїРѕРґСЃС‚СЂРѕРєР°: db
РЅР°РёР±РѕР»СЊС€Р°СЏ РѕР±С‰Р°СЏ РїРѕРґСЃС‚СЂРѕРєР°: aadcad
РЅР°РёР±РѕР»СЊС€Р°СЏ РѕР±С‰Р°СЏ РїРѕРґСЃС‚СЂРѕРєР°: dc
РЅР°РёР±РѕР»СЊС€Р°СЏ РѕР±С‰Р°СЏ РїРѕРґСЃС‚СЂРѕРєР°: cab
РЅР°РёР±РѕР»СЊС€Р°СЏ РѕР±С‰Р°СЏ РїРѕРґСЃС‚СЂРѕРєР°: bdd
РЅР°РёР±РѕР»СЊС€Р°СЏ РѕР±С‰Р°СЏ РїРѕРґСЃС‚СЂРѕРєР°: dcbcc
РЅР°РёР±РѕР»СЊС€Р°СЏ РѕР±С‰Р°СЏ РїРѕРґСЃС‚СЂРѕРєР°: ab
РЅР°РёР±РѕР»СЊС€Р°СЏ РѕР±С‰Р°СЏ РїРѕРґСЃС‚СЂРѕРєР°: bab
РЅР°РёР±РѕР»СЊС€Р°СЏ РѕР±С‰Р°СЏ РїРѕРґСЃС‚СЂРѕРєР°: cad
РЅР°РёР±РѕР»СЊС€Р°СЏ РѕР±С‰Р°СЏ РїРѕРґСЃС‚СЂРѕРєР°: cb
РЅР°РёР±РѕР»СЊС€Р°СЏ РѕР±С‰Р°СЏ РїРѕРґСЃС‚СЂРѕРєР°: ba
РЅР°РёР±РѕР»СЊС€Р°СЏ РѕР±С‰Р°СЏ РїРѕРґСЃС‚СЂРѕРєР°: cdb
РЅР°РёР±РѕР»СЊС€Р°СЏ РѕР±С‰Р°СЏ РїРѕРґСЃС‚СЂРѕРєР°: cac
РЅР°РёР±РѕР»СЊС€Р°СЏ РѕР±С‰Р°СЏ РїРѕРґСЃС‚СЂРѕРєР°: dbb
РЅР°РёР±РѕР»СЊС€Р°СЏ РѕР±С‰Р°СЏ РїРѕРґСЃС‚СЂРѕРєР°: dc
РЅР°РёР±РѕР»СЊС€Р°СЏ РѕР±С‰Р°СЏ РїРѕРґСЃС‚СЂРѕРєР°: acdb
РЅР°РёР±РѕР»СЊС€Р°СЏ РѕР±С‰Р°СЏ РїРѕРґСЃС‚СЂРѕРєР°: bddd
РЅР°РёР±РѕР»СЊС€Р°СЏ РѕР±С‰Р°СЏ РїРѕРґСЃС‚СЂРѕРєР°: cdd
РЅР°РёР±РѕР»СЊС€Р°СЏ РѕР±С‰Р°СЏ РїРѕРґСЃС‚СЂРѕРєР°: bdd
РЅР°РёР±РѕР»СЊС€Р°СЏ РѕР±С‰Р°СЏ РїРѕРґСЃС‚СЂРѕРєР°: ba
РЅР°РёР±РѕР»СЊС€Р°СЏ РѕР±С‰Р°СЏ РїРѕРґСЃС‚СЂРѕРєР°: bbca
РЅР°РёР±РѕР»СЊС€Р°СЏ РѕР±С‰Р°СЏ РїРѕРґСЃС‚СЂРѕРєР°: dbaa
РЅР°РёР±РѕР»СЊС€Р°СЏ РѕР±С‰Р°СЏ РїРѕРґСЃС‚СЂРѕРєР°: cd
РЅР°РёР±РѕР»СЊС€Р°СЏ РѕР±С‰Р°СЏ РїРѕРґСЃС‚СЂРѕРєР°: dcc
РЅР°РёР±РѕР»СЊС€Р°СЏ РѕР±С‰Р°СЏ РїРѕРґСЃС‚СЂРѕРєР°: dac
РЅР°РёР±РѕР»СЊС€Р°СЏ РѕР±С‰Р°СЏ РїРѕРґСЃС‚СЂРѕРєР°: bbb
РЅР°РёР±РѕР»СЊС€Р°СЏ РѕР±С‰Р°СЏ РїРѕРґСЃС‚СЂРѕРєР°: cba
РЅР°РёР±РѕР»СЊС€Р°СЏ РѕР±С‰Р°СЏ РїРѕРґСЃС‚СЂРѕРєР°: cc
РЅР°РёР±РѕР»СЊС€Р°СЏ РѕР±С‰Р°СЏ РїРѕРґСЃС‚СЂРѕРєР°: bd
РЅР°РёР±РѕР»СЊС€Р°СЏ РѕР±С‰Р°СЏ РїРѕРґСЃС‚СЂРѕРєР°: cbd
РЅР°РёР±РѕР»СЊС€Р°СЏ РѕР±С‰Р°СЏ РїРѕРґСЃС‚СЂРѕРєР°: dd
РЅР°РёР±РѕР»СЊС€Р°СЏ РѕР±С‰Р°СЏ РїРѕРґСЃС‚СЂРѕРєР°: cb
РЅР°РёР±РѕР»СЊС€Р°СЏ РѕР±С‰Р°СЏ РїРѕРґСЃС‚СЂРѕРєР°: bdd
РЅР°РёР±РѕР»СЊС€Р°СЏ РѕР±С‰Р°СЏ РїРѕРґСЃС‚СЂРѕРєР°: ca
РЅР°РёР±РѕР»СЊС€Р°СЏ РѕР±С‰Р°СЏ РїРѕРґСЃС‚СЂРѕРєР°: ccc
РЅР°РёР±РѕР»СЊС€Р°СЏ РѕР±С‰Р°СЏ РїРѕРґСЃС‚СЂРѕРєР°: ba
РЅР°РёР±РѕР»СЊС€Р°СЏ РѕР±С‰Р°СЏ РїРѕРґСЃС‚СЂРѕРєР°: ca
РЅР°РёР±РѕР»СЊС€Р°СЏ РѕР±С‰Р°СЏ РїРѕРґСЃС‚СЂРѕРєР°: ddc
РЅР°РёР±РѕР»СЊС€Р°СЏ РѕР±С‰Р°СЏ РїРѕРґСЃС‚СЂРѕРєР°: dc
РЅР°РёР±РѕР»СЊС€Р°СЏ РѕР±С‰Р°СЏ РїРѕРґСЃС‚СЂРѕРєР°: ba
РЅР°РёР±РѕР»СЊС€Р°СЏ РѕР±С‰Р°СЏ РїРѕРґСЃС‚СЂРѕРєР°: cbbd
РЅР°РёР±РѕР»СЊС€Р°СЏ РѕР±С‰Р°СЏ РїРѕРґСЃС‚СЂРѕРєР°: acc
РЅР°РёР±РѕР»СЊС€Р°СЏ РѕР±С‰Р°СЏ РїРѕРґСЃС‚СЂРѕРєР°: bcc
РЅР°РёР±РѕР»СЊС€Р°СЏ РѕР±С‰Р°СЏ РїРѕРґСЃС‚СЂРѕРєР°: cd
РЅР°РёР±РѕР»СЊС€Р°СЏ РѕР±С‰Р°СЏ РїРѕРґСЃС‚СЂРѕРєР°: dda
РЅР°РёР±РѕР»СЊС€Р°СЏ РѕР±С‰Р°СЏ РїРѕРґСЃС‚СЂРѕРєР°: aaa
РЅР°РёР±РѕР»СЊС€Р°СЏ РѕР±С‰Р°СЏ РїРѕРґСЃС‚СЂРѕРєР°: dc
РЅР°РёР±РѕР»СЊС€Р°СЏ РѕР±С‰Р°СЏ РїРѕРґСЃС‚СЂРѕРєР°: dab
РЅР°РёР±РѕР»СЊС€Р°СЏ РѕР±С‰Р°СЏ РїРѕРґСЃС‚СЂРѕРєР°: bdb
РЅР°РёР±РѕР»СЊС€Р°СЏ РѕР±С‰Р°СЏ РїРѕРґСЃС‚СЂРѕРєР°: abcb
РЅР°РёР±РѕР»СЊС€Р°СЏ РѕР±С‰Р°СЏ РїРѕРґСЃС‚СЂРѕРєР°: acb
РЅР°РёР±РѕР»СЊС€Р°СЏ РѕР±С‰Р°СЏ РїРѕРґСЃС‚СЂРѕРєР°: babc
РЅР°РёР±РѕР»СЊС€Р°СЏ РѕР±С‰Р°СЏ РїРѕРґСЃС‚СЂРѕРєР°: acb
РЅР°РёР±РѕР»СЊС€Р°СЏ РѕР±С‰Р°СЏ РїРѕРґСЃС‚СЂРѕРєР°: cd
РЅР°РёР±РѕР»СЊС€Р°СЏ РѕР±С‰Р°СЏ РїРѕРґСЃС‚СЂРѕРєР°: dc
РЅР°РёР±РѕР»СЊС€Р°СЏ РѕР±С‰Р°СЏ РїРѕРґСЃС‚СЂРѕРєР°: da
РЅР°РёР±РѕР»СЊС€Р°СЏ РѕР±С‰Р°СЏ РїРѕРґСЃС‚СЂРѕРєР°: bb
РЅР°РёР±РѕР»СЊС€Р°СЏ РѕР±С‰Р°СЏ РїРѕРґСЃС‚СЂРѕРєР°: cdb
РЅР°РёР±РѕР»СЊС€Р°СЏ РѕР±С‰Р°СЏ РїРѕРґСЃС‚СЂРѕРєР°: da
РЅР°РёР±РѕР»СЊС€Р°СЏ РѕР±С‰Р°СЏ РїРѕРґСЃС‚СЂРѕРєР°: bbd
РЅР°РёР±РѕР»СЊС€Р°СЏ РѕР±С‰Р°СЏ РїРѕРґСЃС‚СЂРѕРєР°: aad
РЅР°РёР±РѕР»СЊС€Р°СЏ РѕР±С‰Р°СЏ РїРѕРґСЃС‚СЂРѕРєР°: ba
РЅР°РёР±РѕР»СЊС€Р°СЏ РѕР±С‰Р°СЏ РїРѕРґСЃС‚СЂРѕРєР°: bbc
РЅР°РёР±РѕР»СЊС€Р°СЏ РѕР±С‰Р°СЏ РїРѕРґСЃС‚СЂРѕРєР°: acb
РЅР°РёР±РѕР»СЊС€Р°СЏ РѕР±С‰Р°СЏ РїРѕРґСЃС‚СЂРѕРєР°: aac
РЅР°РёР±РѕР»СЊС€Р°СЏ РѕР±С‰Р°СЏ РїРѕРґСЃС‚СЂРѕРєР°: adc
РЅР°РёР±РѕР»СЊС€Р°СЏ РѕР±С‰Р°СЏ РїРѕРґСЃС‚СЂРѕРєР°: bab
РЅР°РёР±РѕР»СЊС€Р°СЏ РѕР±С‰Р°СЏ РїРѕРґСЃС‚СЂРѕРєР°: cb
РЅР°РёР±РѕР»СЊС€Р°СЏ РѕР±С‰Р°СЏ РїРѕРґСЃС‚СЂРѕРєР°: cba
РЅР°РёР±РѕР»СЊС€Р°СЏ РѕР±С‰Р°СЏ РїРѕРґСЃС‚СЂРѕРєР°: aad
РЅР°РёР±РѕР»СЊС€Р°СЏ РѕР±С‰Р°СЏ РїРѕРґСЃС‚СЂРѕРєР°: ad
РЅР°РёР±РѕР»СЊС€Р°СЏ РѕР±С‰Р°СЏ РїРѕРґСЃС‚СЂРѕРєР°: ddb
РЅР°РёР±РѕР»СЊС€Р°СЏ РѕР±С‰Р°СЏ РїРѕРґСЃС‚СЂРѕРєР°: dda
РЅР°РёР±РѕР»СЊС€Р°СЏ РѕР±С‰Р°СЏ РїРѕРґСЃС‚СЂРѕРєР°: cd
РЅР°РёР±РѕР»СЊС€Р°СЏ РѕР±С‰Р°СЏ РїРѕРґСЃС‚СЂРѕРєР°: abd
РЅР°РёР±РѕР»СЊС€Р°СЏ РѕР±С‰Р°СЏ РїРѕРґСЃС‚СЂРѕРєР°: adbd
РЅР°РёР±РѕР»СЊС€Р°СЏ РѕР±С‰Р°СЏ РїРѕРґСЃС‚СЂРѕРєР°: adb
РЅР°РёР±РѕР»СЊС€Р°СЏ РѕР±С‰Р°СЏ РїРѕРґСЃС‚СЂРѕРєР°: c
РЅР°РёР±РѕР»СЊС€Р°СЏ РѕР±С‰Р°СЏ РїРѕРґСЃС‚СЂРѕРєР°: ccb
РЅР°РёР±РѕР»СЊС€Р°СЏ РѕР±С‰Р°СЏ РїРѕРґСЃС‚СЂРѕРєР°: cd
РЅР°РёР±РѕР»СЊС€Р°СЏ РѕР±С‰Р°СЏ РїРѕРґСЃС‚СЂРѕРєР°: acb
РЅР°РёР±РѕР»СЊС€Р°СЏ РѕР±С‰Р°СЏ РїРѕРґСЃС‚СЂРѕРєР°: cdd
РЅР°РёР±РѕР»СЊС€Р°СЏ РѕР±С‰Р°СЏ РїРѕРґСЃС‚СЂРѕРєР°: aca
РЅР°РёР±РѕР»СЊС€Р°СЏ РѕР±С‰Р°СЏ РїРѕРґСЃС‚СЂРѕРєР°: bad
РЅР°РёР±РѕР»СЊС€Р°СЏ РѕР±С‰Р°СЏ РїРѕРґСЃС‚СЂРѕРєР°: ba
РЅР°РёР±РѕР»СЊС€Р°СЏ РѕР±С‰Р°СЏ РїРѕРґСЃС‚СЂРѕРєР°: ca
РЅР°РёР±РѕР»СЊС€Р°СЏ РѕР±С‰Р°СЏ РїРѕРґСЃС‚СЂРѕРєР°: bb
РЅР°РёР±РѕР»СЊС€Р°СЏ РѕР±С‰Р°СЏ РїРѕРґСЃС‚СЂРѕРєР°: cb
РЅР°РёР±РѕР»СЊС€Р°СЏ РѕР±С‰Р°СЏ РїРѕРґСЃС‚СЂРѕРєР°: cdda
РЅР°РёР±РѕР»СЊС€Р°СЏ РѕР±С‰Р°СЏ РїРѕРґСЃС‚СЂРѕРєР°: bc
РЅР°РёР±РѕР»СЊС€Р°СЏ РѕР±С‰Р°СЏ РїРѕРґСЃС‚СЂРѕРєР°: ddca
РЅР°РёР±РѕР»СЊС€Р°СЏ РѕР±С‰Р°СЏ РїРѕРґСЃС‚СЂРѕРєР°: bd
РЅР°РёР±РѕР»СЊС€Р°СЏ РѕР±С‰Р°СЏ РїРѕРґСЃС‚СЂРѕРєР°: aba
РЅР°РёР±РѕР»СЊС€Р°СЏ РѕР±С‰Р°СЏ РїРѕРґСЃС‚СЂРѕРєР°: aac
РЅР°РёР±РѕР»СЊС€Р°СЏ РѕР±С‰Р°СЏ РїРѕРґСЃС‚СЂРѕРєР°: ca
РЅР°РёР±РѕР»СЊС€Р°СЏ РѕР±С‰Р°СЏ РїРѕРґСЃС‚СЂРѕРєР°: cbc
РЅР°РёР±РѕР»СЊС€Р°СЏ РѕР±С‰Р°СЏ РїРѕРґСЃС‚СЂРѕРєР°: cbd
РЅР°РёР±РѕР»СЊС€Р°СЏ РѕР±С‰Р°СЏ РїРѕРґСЃС‚СЂРѕРєР°: ac
РЅР°РёР±РѕР»СЊС€Р°СЏ РѕР±С‰Р°СЏ РїРѕРґСЃС‚СЂРѕРєР°: cd
РЅР°РёР±РѕР»СЊС€Р°СЏ РѕР±С‰Р°СЏ РїРѕРґСЃС‚СЂРѕРєР°: bcaa
РЅР°РёР±РѕР»СЊС€Р°СЏ РѕР±С‰Р°СЏ РїРѕРґСЃС‚СЂРѕРєР°: da
РЅР°РёР±РѕР»СЊС€Р°СЏ РѕР±С‰Р°СЏ РїРѕРґСЃС‚СЂРѕРєР°: da
РЅР°РёР±РѕР»СЊС€Р°СЏ РѕР±С‰Р°СЏ РїРѕРґСЃС‚СЂРѕРєР°: ba
РЅР°РёР±РѕР»СЊС€Р°СЏ РѕР±С‰Р°СЏ РїРѕРґСЃС‚СЂРѕРєР°: ca
РЅР°РёР±РѕР»СЊС€Р°СЏ РѕР±С‰Р°СЏ РїРѕРґСЃС‚СЂРѕРєР°: bcb
РЅР°РёР±РѕР»СЊС€Р°СЏ РѕР±С‰Р°СЏ РїРѕРґСЃС‚СЂРѕРєР°: cad
РЅР°РёР±РѕР»СЊС€Р°СЏ РѕР±С‰Р°СЏ РїРѕРґСЃС‚СЂРѕРєР°: cc
РЅР°РёР±РѕР»СЊС€Р°СЏ РѕР±С‰Р°СЏ РїРѕРґСЃС‚СЂРѕРєР°: bca
РЅР°РёР±РѕР»СЊС€Р°СЏ РѕР±С‰Р°СЏ РїРѕРґСЃС‚СЂРѕРєР°: db
РЅР°РёР±РѕР»СЊС€Р°СЏ РѕР±С‰Р°СЏ РїРѕРґСЃС‚СЂРѕРєР°: bcb
РЅР°РёР±РѕР»СЊС€Р°СЏ РѕР±С‰Р°СЏ РїРѕРґСЃС‚СЂРѕРєР°: baaa
РЅР°РёР±РѕР»СЊС€Р°СЏ РѕР±С‰Р°СЏ РїРѕРґСЃС‚СЂРѕРєР°: dcb
РЅР°РёР±РѕР»СЊС€Р°СЏ РѕР±С‰Р°СЏ РїРѕРґСЃС‚СЂРѕРєР°: abb
РЅР°РёР±РѕР»СЊС€Р°СЏ РѕР±С‰Р°СЏ РїРѕРґСЃС‚СЂРѕРєР°: adca
РЅР°РёР±РѕР»СЊС€Р°СЏ РѕР±С‰Р°СЏ РїРѕРґСЃС‚СЂРѕРєР°: dad
РЅР°РёР±РѕР»СЊС€Р°СЏ РѕР±С‰Р°СЏ РїРѕРґСЃС‚СЂРѕРєР°: aad
РЅР°РёР±РѕР»СЊС€Р°СЏ РѕР±С‰Р°СЏ РїРѕРґСЃС‚СЂРѕРєР°: bad
РЅР°РёР±РѕР»СЊС€Р°СЏ РѕР±С‰Р°СЏ РїРѕРґСЃС‚СЂРѕРєР°: ba
РЅР°РёР±РѕР»СЊС€Р°СЏ РѕР±С‰Р°СЏ РїРѕРґСЃС‚СЂРѕРєР°: acb
РЅР°РёР±РѕР»СЊС€Р°СЏ РѕР±С‰Р°СЏ РїРѕРґСЃС‚СЂРѕРєР°: cd
РЅР°РёР±РѕР»СЊС€Р°СЏ РѕР±С‰Р°СЏ РїРѕРґСЃС‚СЂРѕРєР°: cb
РЅР°РёР±РѕР»СЊС€Р°СЏ РѕР±С‰Р°СЏ РїРѕРґСЃС‚СЂРѕРєР°: cc
РЅР°РёР±РѕР»СЊС€Р°СЏ РѕР±С‰Р°СЏ РїРѕРґСЃС‚СЂРѕРєР°: dcd
РЅР°РёР±РѕР»СЊС€Р°СЏ РѕР±С‰Р°СЏ РїРѕРґСЃС‚СЂРѕРєР°: aca
РЅР°РёР±РѕР»СЊС€Р°СЏ РѕР±С‰Р°СЏ РїРѕРґСЃС‚СЂРѕРєР°: cca
РЅР°РёР±РѕР»СЊС€Р°СЏ РѕР±С‰Р°СЏ РїРѕРґСЃС‚СЂРѕРєР°: cdac
РЅР°РёР±РѕР»СЊС€Р°СЏ РѕР±С‰Р°СЏ РїРѕРґСЃС‚СЂРѕРєР°: bd
РЅР°РёР±РѕР»СЊС€Р°СЏ РѕР±С‰Р°СЏ РїРѕРґСЃС‚СЂРѕРєР°: bdd
РЅР°РёР±РѕР»СЊС€Р°СЏ РѕР±С‰Р°СЏ РїРѕРґСЃС‚СЂРѕРєР°: bba
РЅР°РёР±РѕР»СЊС€Р°СЏ РѕР±С‰Р°СЏ РїРѕРґСЃС‚СЂРѕРєР°: dc
РЅР°РёР±РѕР»СЊС€Р°СЏ РѕР±С‰Р°СЏ РїРѕРґСЃС‚СЂРѕРєР°: cdd
РЅР°РёР±РѕР»СЊС€Р°СЏ РѕР±С‰Р°СЏ РїРѕРґСЃС‚СЂРѕРєР°: cbca
РЅР°РёР±РѕР»СЊС€Р°СЏ РѕР±С‰Р°СЏ РїРѕРґСЃС‚СЂРѕРєР°: aa
РЅР°РёР±РѕР»СЊС€Р°СЏ РѕР±С‰Р°СЏ РїРѕРґСЃС‚СЂРѕРєР°: dcdb
РЅР°РёР±РѕР»СЊС€Р°СЏ РѕР±С‰Р°СЏ РїРѕРґСЃС‚СЂРѕРєР°: bd
РЅР°РёР±РѕР»СЊС€Р°СЏ РѕР±С‰Р°СЏ РїРѕРґСЃС‚СЂРѕРєР°: cbbb
РЅР°РёР±РѕР»СЊС€Р°СЏ РѕР±С‰Р°СЏ РїРѕРґСЃС‚СЂРѕРєР°: cb
РЅР°РёР±РѕР»СЊС€Р°СЏ РѕР±С‰Р°СЏ РїРѕРґСЃС‚СЂРѕРєР°: cc
РЅР°РёР±РѕР»СЊС€Р°СЏ РѕР±С‰Р°СЏ РїРѕРґСЃС‚СЂРѕРєР°: dd
РЅР°РёР±РѕР»СЊС€Р°СЏ РѕР±С‰Р°СЏ РїРѕРґСЃС‚СЂРѕРєР°: bc
РЅР°РёР±РѕР»СЊС€Р°СЏ РѕР±С‰Р°СЏ РїРѕРґСЃС‚СЂРѕРєР°: acc
РЅР°РёР±РѕР»СЊС€Р°СЏ РѕР±С‰Р°СЏ РїРѕРґСЃС‚СЂРѕРєР°: ddc
РЅР°РёР±РѕР»СЊС€Р°СЏ РѕР±С‰Р°СЏ РїРѕРґСЃС‚СЂРѕРєР°: bbba
РЅР°РёР±РѕР»СЊС€Р°СЏ РѕР±С‰Р°СЏ РїРѕРґСЃС‚СЂРѕРєР°: bdb
РЅР°РёР±РѕР»СЊС€Р°СЏ РѕР±С‰Р°СЏ РїРѕРґСЃС‚СЂРѕРєР°: bdb
РЅР°РёР±РѕР»СЊС€Р°СЏ РѕР±С‰Р°СЏ РїРѕРґСЃС‚СЂРѕРєР°: ab
РЅР°РёР±РѕР»СЊС€Р°СЏ РѕР±С‰Р°СЏ РїРѕРґСЃС‚СЂРѕРєР°: ba
РЅР°РёР±РѕР»СЊС€Р°СЏ РѕР±С‰Р°СЏ РїРѕРґСЃС‚СЂРѕРєР°: dc
РЅР°РёР±РѕР»СЊС€Р°СЏ РѕР±С‰Р°СЏ РїРѕРґСЃС‚СЂРѕРєР°: dabbd
РЅР°РёР±РѕР»СЊС€Р°СЏ РѕР±С‰Р°СЏ РїРѕРґСЃС‚СЂРѕРєР°: db
РЅР°РёР±РѕР»СЊС€Р°СЏ РѕР±С‰Р°СЏ РїРѕРґСЃС‚СЂРѕРєР°: ddd
РЅР°РёР±РѕР»СЊС€Р°СЏ РѕР±С‰Р°СЏ РїРѕРґСЃС‚СЂРѕРєР°: adccd
РЅР°РёР±РѕР»СЊС€Р°СЏ РѕР±С‰Р°СЏ РїРѕРґСЃС‚СЂРѕРєР°: bda
РЅР°РёР±РѕР»СЊС€Р°СЏ РѕР±С‰Р°СЏ РїРѕРґСЃС‚СЂРѕРєР°: bca
РЅР°РёР±РѕР»СЊС€Р°СЏ РѕР±С‰Р°СЏ РїРѕРґСЃС‚СЂРѕРєР°: cb
РЅР°РёР±РѕР»СЊС€Р°СЏ РѕР±С‰Р°СЏ РїРѕРґСЃС‚СЂРѕРєР°: aac
РЅР°РёР±РѕР»СЊС€Р°СЏ РѕР±С‰Р°СЏ РїРѕРґСЃС‚СЂРѕРєР°: ddd
РЅР°РёР±РѕР»СЊС€Р°СЏ РѕР±С‰Р°СЏ РїРѕРґСЃС‚СЂРѕРєР°: dc
РЅР°РёР±РѕР»СЊС€Р°СЏ РѕР±С‰Р°СЏ РїРѕРґСЃС‚СЂРѕРєР°: cc
РЅР°РёР±РѕР»СЊС€Р°СЏ РѕР±С‰Р°СЏ РїРѕРґСЃС‚СЂРѕРєР°: bca
РЅР°РёР±РѕР»СЊС€Р°СЏ РѕР±С‰Р°СЏ РїРѕРґСЃС‚СЂРѕРєР°: bdb
РЅР°РёР±РѕР»СЊС€Р°СЏ РѕР±С‰Р°СЏ РїРѕРґСЃС‚СЂРѕРєР°: daa
РЅР°РёР±РѕР»СЊС€Р°СЏ РѕР±С‰Р°СЏ РїРѕРґСЃС‚СЂРѕРєР°: adbb
РЅР°РёР±РѕР»СЊС€Р°СЏ РѕР±С‰Р°СЏ РїРѕРґСЃС‚СЂРѕРєР°: daad
РЅР°РёР±РѕР»СЊС€Р°СЏ РѕР±С‰Р°СЏ РїРѕРґСЃС‚СЂРѕРєР°: add
РЅР°РёР±РѕР»СЊС€Р°СЏ РѕР±С‰Р°СЏ РїРѕРґСЃС‚СЂРѕРєР°: bb
РЅР°РёР±РѕР»СЊС€Р°СЏ РѕР±С‰Р°СЏ РїРѕРґСЃС‚СЂРѕРєР°: aba
РЅР°РёР±РѕР»СЊС€Р°СЏ РѕР±С‰Р°СЏ РїРѕРґСЃС‚СЂРѕРєР°: db
РЅР°РёР±РѕР»СЊС€Р°СЏ РѕР±С‰Р°СЏ РїРѕРґСЃС‚СЂРѕРєР°: cd
РЅР°РёР±РѕР»СЊС€Р°СЏ РѕР±С‰Р°СЏ РїРѕРґСЃС‚СЂРѕРєР°: bb
РЅР°РёР±РѕР»СЊС€Р°СЏ РѕР±С‰Р°СЏ РїРѕРґСЃС‚СЂРѕРєР°: baa
РЅР°РёР±РѕР»СЊС€Р°СЏ РѕР±С‰Р°СЏ РїРѕРґСЃС‚СЂРѕРєР°: bad
РЅР°РёР±РѕР»СЊС€Р°СЏ РѕР±С‰Р°СЏ РїРѕРґСЃС‚СЂРѕРєР°: dac
РЅР°РёР±РѕР»СЊС€Р°СЏ РѕР±С‰Р°СЏ РїРѕРґСЃС‚СЂРѕРєР°: bbb
РЅР°РёР±РѕР»СЊС€Р°СЏ РѕР±С‰Р°СЏ РїРѕРґСЃС‚СЂРѕРєР°: bad
РЅР°РёР±РѕР»СЊС€Р°СЏ РѕР±С‰Р°СЏ РїРѕРґСЃС‚СЂРѕРєР°: bcc
РЅР°РёР±РѕР»СЊС€Р°СЏ РѕР±С‰Р°СЏ РїРѕРґСЃС‚СЂРѕРєР°: ba
РЅР°РёР±РѕР»СЊС€Р°СЏ РѕР±С‰Р°СЏ РїРѕРґСЃС‚СЂРѕРєР°: ccb
РЅР°РёР±РѕР»СЊС€Р°СЏ РѕР±С‰Р°СЏ РїРѕРґСЃС‚СЂРѕРєР°: ac
РЅР°РёР±РѕР»СЊС€Р°СЏ РѕР±С‰Р°СЏ РїРѕРґСЃС‚СЂРѕРєР°: dbcd
РЅР°РёР±РѕР»СЊС€Р°СЏ РѕР±С‰Р°СЏ РїРѕРґСЃС‚СЂРѕРєР°: cbbb
РЅР°РёР±РѕР»СЊС€Р°СЏ РѕР±С‰Р°СЏ РїРѕРґСЃС‚СЂРѕРєР°: db
РЅР°РёР±РѕР»СЊС€Р°СЏ РѕР±С‰Р°СЏ РїРѕРґСЃС‚СЂРѕРєР°: dd
РЅР°РёР±РѕР»СЊС€Р°СЏ РѕР±С‰Р°СЏ РїРѕРґСЃС‚СЂРѕРєР°: bbd
РЅР°РёР±РѕР»СЊС€Р°СЏ РѕР±С‰Р°СЏ РїРѕРґСЃС‚СЂРѕРєР°: bac
РЅР°РёР±РѕР»СЊС€Р°СЏ РѕР±С‰Р°СЏ РїРѕРґСЃС‚СЂРѕРєР°: cac
РЅР°РёР±РѕР»СЊС€Р°СЏ РѕР±С‰Р°СЏ РїРѕРґСЃС‚СЂРѕРєР°: da
РЅР°РёР±РѕР»СЊС€Р°СЏ РѕР±С‰Р°СЏ РїРѕРґСЃС‚СЂРѕРєР°: ca
РЅР°РёР±РѕР»СЊС€Р°СЏ РѕР±С‰Р°СЏ РїРѕРґСЃС‚СЂРѕРєР°: bca
РЅР°РёР±РѕР»СЊС€Р°СЏ РѕР±С‰Р°СЏ РїРѕРґСЃС‚СЂРѕРєР°: adc
РЅР°РёР±РѕР»СЊС€Р°СЏ РѕР±С‰Р°СЏ РїРѕРґСЃС‚СЂРѕРєР°: abb
РЅР°РёР±РѕР»СЊС€Р°СЏ РѕР±С‰Р°СЏ РїРѕРґСЃС‚СЂРѕРєР°: aa
РЅР°РёР±РѕР»СЊС€Р°СЏ РѕР±С‰Р°СЏ РїРѕРґСЃС‚СЂРѕРєР°: db
РЅР°РёР±РѕР»СЊС€Р°СЏ РѕР±С‰Р°СЏ РїРѕРґСЃС‚СЂРѕРєР°: ab
РЅР°РёР±РѕР»СЊС€Р°СЏ РѕР±С‰Р°СЏ РїРѕРґСЃС‚СЂРѕРєР°: da
РЅР°РёР±РѕР»СЊС€Р°СЏ РѕР±С‰Р°СЏ РїРѕРґСЃС‚СЂРѕРєР°: aab
РЅР°РёР±РѕР»СЊС€Р°СЏ РѕР±С‰Р°СЏ РїРѕРґСЃС‚СЂРѕРєР°: bb
РЅР°РёР±РѕР»СЊС€Р°СЏ РѕР±С‰Р°СЏ РїРѕРґСЃС‚СЂРѕРєР°: bcd
РЅР°РёР±РѕР»СЊС€Р°СЏ РѕР±С‰Р°СЏ РїРѕРґСЃС‚СЂРѕРєР°: cbb
РЅР°РёР±РѕР»СЊС€Р°СЏ РѕР±С‰Р°СЏ РїРѕРґСЃС‚СЂРѕРєР°: ad
РЅР°РёР±РѕР»СЊС€Р°СЏ РѕР±С‰Р°СЏ РїРѕРґСЃС‚СЂРѕРєР°: adac
РЅР°РёР±РѕР»СЊС€Р°СЏ РѕР±С‰Р°СЏ РїРѕРґСЃС‚СЂРѕРєР°: bab
РЅР°РёР±РѕР»СЊС€Р°СЏ РѕР±С‰Р°СЏ РїРѕРґСЃС‚СЂРѕРєР°: ba
РЅР°РёР±РѕР»СЊС€Р°СЏ РѕР±С‰Р°СЏ РїРѕРґСЃС‚СЂРѕРєР°: bdb
РЅР°РёР±РѕР»СЊС€Р°СЏ РѕР±С‰Р°СЏ РїРѕРґСЃС‚СЂРѕРєР°: cba
РЅР°РёР±РѕР»СЊС€Р°СЏ РѕР±С‰Р°СЏ РїРѕРґСЃС‚СЂРѕРєР°: cdb
РЅР°РёР±РѕР»СЊС€Р°СЏ РѕР±С‰Р°СЏ РїРѕРґСЃС‚СЂРѕРєР°: cdd
РЅР°РёР±РѕР»СЊС€Р°СЏ РѕР±С‰Р°СЏ РїРѕРґСЃС‚СЂРѕРєР°: acc
РЅР°РёР±РѕР»СЊС€Р°СЏ РѕР±С‰Р°СЏ РїРѕРґСЃС‚СЂРѕРєР°: bcc
РЅР°РёР±РѕР»СЊС€Р°СЏ РѕР±С‰Р°СЏ РїРѕРґСЃС‚СЂРѕРєР°: dba
РЅР°РёР±РѕР»СЊС€Р°СЏ РѕР±С‰Р°СЏ РїРѕРґСЃС‚СЂРѕРєР°: cab
РЅР°РёР±РѕР»СЊС€Р°СЏ РѕР±С‰Р°СЏ РїРѕРґСЃС‚СЂРѕРєР°: cad
РЅР°РёР±РѕР»СЊС€Р°СЏ РѕР±С‰Р°СЏ РїРѕРґСЃС‚СЂРѕРєР°: ccb
РЅР°РёР±РѕР»СЊС€Р°СЏ РѕР±С‰Р°СЏ РїРѕРґСЃС‚СЂРѕРєР°: ac
РЅР°РёР±РѕР»СЊС€Р°СЏ РѕР±С‰Р°СЏ РїРѕРґСЃС‚СЂРѕРєР°: dad
РЅР°РёР±РѕР»СЊС€Р°СЏ РѕР±С‰Р°СЏ РїРѕРґСЃС‚СЂРѕРєР°: dcb
РЅР°РёР±РѕР»СЊС€Р°СЏ РѕР±С‰Р°СЏ РїРѕРґСЃС‚СЂРѕРєР°: aa
РЅР°РёР±РѕР»СЊС€Р°СЏ РѕР±С‰Р°СЏ РїРѕРґСЃС‚СЂРѕРєР°: bb
РЅР°РёР±РѕР»СЊС€Р°СЏ РѕР±С‰Р°СЏ РїРѕРґСЃС‚СЂРѕРєР°: aada
РЅР°РёР±РѕР»СЊС€Р°СЏ РѕР±С‰Р°СЏ РїРѕРґСЃС‚СЂРѕРєР°: cac
РЅР°РёР±РѕР»СЊС€Р°СЏ РѕР±С‰Р°СЏ РїРѕРґСЃС‚СЂРѕРєР°: c
РЅР°РёР±РѕР»СЊС€Р°СЏ РѕР±С‰Р°СЏ РїРѕРґСЃС‚СЂРѕРєР°: bacc
РЅР°РёР±РѕР»СЊС€Р°СЏ РѕР±С‰Р°СЏ РїРѕРґСЃС‚СЂРѕРєР°: dcb
РЅР°РёР±РѕР»СЊС€Р°СЏ РѕР±С‰Р°СЏ РїРѕРґСЃС‚СЂРѕРєР°: ad
РЅР°РёР±РѕР»СЊС€Р°СЏ РѕР±С‰Р°СЏ РїРѕРґСЃС‚СЂРѕРєР°: aac
РЅР°РёР±РѕР»СЊС€Р°СЏ РѕР±С‰Р°СЏ РїРѕРґСЃС‚СЂРѕРєР°: caa
РЅР°РёР±РѕР»СЊС€Р°СЏ РѕР±С‰Р°СЏ РїРѕРґСЃС‚СЂРѕРєР°: acc
РЅР°РёР±РѕР»СЊС€Р°СЏ РѕР±С‰Р°СЏ РїРѕРґСЃС‚СЂРѕРєР°: ab
РЅР°РёР±РѕР»СЊС€Р°СЏ РѕР±С‰Р°СЏ РїРѕРґСЃС‚СЂРѕРєР°: da
РЅР°РёР±РѕР»СЊС€Р°СЏ РѕР±С‰Р°СЏ РїРѕРґСЃС‚СЂРѕРєР°: dd
РЅР°РёР±РѕР»СЊС€Р°СЏ РѕР±С‰Р°СЏ РїРѕРґСЃС‚СЂРѕРєР°: cbcaaa
РЅР°РёР±РѕР»СЊС€Р°СЏ РѕР±С‰Р°СЏ РїРѕРґСЃС‚СЂРѕРєР°: ca
РЅР°РёР±РѕР»СЊС€Р°СЏ РѕР±С‰Р°СЏ РїРѕРґСЃС‚СЂРѕРєР°: ca
РЅР°РёР±РѕР»СЊС€Р°СЏ РѕР±С‰Р°СЏ РїРѕРґСЃС‚СЂРѕРєР°: ad
РЅР°РёР±РѕР»СЊС€Р°СЏ РѕР±С‰Р°СЏ РїРѕРґСЃС‚СЂРѕРєР°: cdd
РЅР°РёР±РѕР»СЊС€Р°СЏ РѕР±С‰Р°СЏ РїРѕРґСЃС‚СЂРѕРєР°: ad
РЅР°РёР±РѕР»СЊС€Р°СЏ РѕР±С‰Р°СЏ РїРѕРґСЃС‚СЂРѕРєР°: bbdbd
РЅР°РёР±РѕР»СЊС€Р°СЏ РѕР±С‰Р°СЏ РїРѕРґСЃС‚СЂРѕРєР°: dc
РЅР°РёР±РѕР»СЊС€Р°СЏ РѕР±С‰Р°СЏ РїРѕРґСЃС‚СЂРѕРєР°: daab
РЅР°РёР±РѕР»СЊС€Р°СЏ РѕР±С‰Р°СЏ РїРѕРґСЃС‚СЂРѕРєР°: cd
РЅР°РёР±РѕР»СЊС€Р°СЏ РѕР±С‰Р°СЏ РїРѕРґСЃС‚СЂРѕРєР°: ddc
РЅР°РёР±РѕР»СЊС€Р°СЏ РѕР±С‰Р°СЏ РїРѕРґСЃС‚СЂРѕРєР°: dd
РЅР°РёР±РѕР»СЊС€Р°СЏ РѕР±С‰Р°СЏ РїРѕРґСЃС‚СЂРѕРєР°: bbd
РЅР°РёР±РѕР»СЊС€Р°СЏ РѕР±С‰Р°СЏ РїРѕРґСЃС‚СЂРѕРєР°: baa
РЅР°РёР±РѕР»СЊС€Р°СЏ РѕР±С‰Р°СЏ РїРѕРґСЃС‚СЂРѕРєР°: b
РЅР°РёР±РѕР»СЊС€Р°СЏ РѕР±С‰Р°СЏ РїРѕРґСЃС‚СЂРѕРєР°: cad
РЅР°РёР±РѕР»СЊС€Р°СЏ РѕР±С‰Р°СЏ РїРѕРґСЃС‚СЂРѕРєР°: cc
РЅР°РёР±РѕР»СЊС€Р°СЏ РѕР±С‰Р°СЏ РїРѕРґСЃС‚СЂРѕРєР°: abd
РЅР°РёР±РѕР»СЊС€Р°СЏ РѕР±С‰Р°СЏ РїРѕРґСЃС‚СЂРѕРєР°: ccb
РЅР°РёР±РѕР»СЊС€Р°СЏ РѕР±С‰Р°СЏ РїРѕРґСЃС‚СЂРѕРєР°: acb
РЅР°РёР±РѕР»СЊС€Р°СЏ РѕР±С‰Р°СЏ РїРѕРґСЃС‚СЂРѕРєР°: bc
РЅР°РёР±РѕР»СЊС€Р°СЏ РѕР±С‰Р°СЏ РїРѕРґСЃС‚СЂРѕРєР°: cd
РЅР°РёР±РѕР»СЊС€Р°СЏ РѕР±С‰Р°СЏ РїРѕРґСЃС‚СЂРѕРєР°: bda
РЅР°РёР±РѕР»СЊС€Р°СЏ РѕР±С‰Р°СЏ РїРѕРґСЃС‚СЂРѕРєР°: cdbad
РЅР°РёР±РѕР»СЊС€Р°СЏ РѕР±С‰Р°СЏ РїРѕРґСЃС‚СЂРѕРєР°: ca
РЅР°РёР±РѕР»СЊС€Р°СЏ РѕР±С‰Р°СЏ РїРѕРґСЃС‚СЂРѕРєР°: bad
РЅР°РёР±РѕР»СЊС€Р°СЏ РѕР±С‰Р°СЏ РїРѕРґСЃС‚СЂРѕРєР°: dcb
РЅР°РёР±РѕР»СЊС€Р°СЏ РѕР±С‰Р°СЏ РїРѕРґСЃС‚СЂРѕРєР°: dbd
РЅР°РёР±РѕР»СЊС€Р°СЏ РѕР±С‰Р°СЏ РїРѕРґСЃС‚СЂРѕРєР°: da
РЅР°РёР±РѕР»СЊС€Р°СЏ РѕР±С‰Р°СЏ РїРѕРґСЃС‚СЂРѕРєР°: ba
РЅР°РёР±РѕР»СЊС€Р°СЏ РѕР±С‰Р°СЏ РїРѕРґСЃС‚СЂРѕРєР°: cd
РЅР°РёР±РѕР»СЊС€Р°СЏ РѕР±С‰Р°СЏ РїРѕРґСЃС‚СЂРѕРєР°: bba
РЅР°РёР±РѕР»СЊС€Р°СЏ РѕР±С‰Р°СЏ РїРѕРґСЃС‚СЂРѕРєР°: ddbc
РЅР°РёР±РѕР»СЊС€Р°СЏ РѕР±С‰Р°СЏ РїРѕРґСЃС‚СЂРѕРєР°: db
РЅР°РёР±РѕР»СЊС€Р°СЏ РѕР±С‰Р°СЏ РїРѕРґСЃС‚СЂРѕРєР°: ccb
РЅР°РёР±РѕР»СЊС€Р°СЏ РѕР±С‰Р°СЏ РїРѕРґСЃС‚СЂРѕРєР°: cdba
РЅР°РёР±РѕР»СЊС€Р°СЏ РѕР±С‰Р°СЏ РїРѕРґСЃС‚СЂРѕРєР°: cb
РЅР°РёР±РѕР»СЊС€Р°СЏ РѕР±С‰Р°СЏ РїРѕРґСЃС‚СЂРѕРєР°: caa
РЅР°РёР±РѕР»СЊС€Р°СЏ РѕР±С‰Р°СЏ РїРѕРґСЃС‚СЂРѕРєР°: aabbc
РЅР°РёР±РѕР»СЊС€Р°СЏ РѕР±С‰Р°СЏ РїРѕРґСЃС‚СЂРѕРєР°: bd
РЅР°РёР±РѕР»СЊС€Р°СЏ РѕР±С‰Р°СЏ РїРѕРґСЃС‚СЂРѕРєР°: db
РЅР°РёР±РѕР»СЊС€Р°СЏ РѕР±С‰Р°СЏ РїРѕРґСЃС‚СЂРѕРєР°: bb
РЅР°РёР±РѕР»СЊС€Р°СЏ РѕР±С‰Р°СЏ РїРѕРґСЃС‚СЂРѕРєР°: ab
РЅР°РёР±РѕР»СЊС€Р°СЏ РѕР±С‰Р°СЏ РїРѕРґСЃС‚СЂРѕРєР°: aadac
РЅР°РёР±РѕР»СЊС€Р°СЏ РѕР±С‰Р°СЏ РїРѕРґСЃС‚СЂРѕРєР°: ac
РЅР°РёР±РѕР»СЊС€Р°СЏ РѕР±С‰Р°СЏ РїРѕРґСЃС‚СЂРѕРєР°: aba
РЅР°РёР±РѕР»СЊС€Р°СЏ РѕР±С‰Р°СЏ РїРѕРґСЃС‚СЂРѕРєР°: bd
РЅР°РёР±РѕР»СЊС€Р°СЏ РѕР±С‰Р°СЏ РїРѕРґСЃС‚СЂРѕРєР°: ab
РЅР°РёР±РѕР»СЊС€Р°СЏ РѕР±С‰Р°СЏ РїРѕРґСЃС‚СЂРѕРєР°: acc
РЅР°РёР±РѕР»СЊС€Р°СЏ РѕР±С‰Р°СЏ РїРѕРґСЃС‚СЂРѕРєР°: bdcd
РЅР°РёР±РѕР»СЊС€Р°СЏ РѕР±С‰Р°СЏ РїРѕРґСЃС‚СЂРѕРєР°: b
РЅР°РёР±РѕР»СЊС€Р°СЏ РѕР±С‰Р°СЏ РїРѕРґСЃС‚СЂРѕРєР°: ac
РЅР°РёР±РѕР»СЊС€Р°СЏ РѕР±С‰Р°СЏ РїРѕРґСЃС‚СЂРѕРєР°: bbc
РЅР°РёР±РѕР»СЊС€Р°СЏ РѕР±С‰Р°СЏ РїРѕРґСЃС‚СЂРѕРєР°: dad
РЅР°РёР±РѕР»СЊС€Р°СЏ РѕР±С‰Р°СЏ РїРѕРґСЃС‚СЂРѕРєР°: ad
РЅР°РёР±РѕР»СЊС€Р°СЏ РѕР±С‰Р°СЏ РїРѕРґСЃС‚СЂРѕРєР°: aab
РЅР°РёР±РѕР»СЊС€Р°СЏ РѕР±С‰Р°СЏ РїРѕРґСЃС‚СЂРѕРєР°: cc
РЅР°РёР±РѕР»СЊС€Р°СЏ РѕР±С‰Р°СЏ РїРѕРґСЃС‚СЂРѕРєР°: a
РЅР°РёР±РѕР»СЊС€Р°СЏ РѕР±С‰Р°СЏ РїРѕРґСЃС‚СЂРѕРєР°: ca
РЅР°РёР±РѕР»СЊС€Р°СЏ РѕР±С‰Р°СЏ РїРѕРґСЃС‚СЂРѕРєР°: ab
РЅР°РёР±РѕР»СЊС€Р°СЏ РѕР±С‰Р°СЏ РїРѕРґСЃС‚СЂРѕРєР°: cb
РЅР°РёР±РѕР»СЊС€Р°СЏ РѕР±С‰Р°СЏ РїРѕРґСЃС‚СЂРѕРєР°: bc
РЅР°РёР±РѕР»СЊС€Р°СЏ РѕР±С‰Р°СЏ РїРѕРґСЃС‚СЂРѕРєР°: acc
РЅР°РёР±РѕР»СЊС€Р°СЏ РѕР±С‰Р°СЏ РїРѕРґСЃС‚СЂРѕРєР°: ac
РЅР°РёР±РѕР»СЊС€Р°СЏ РѕР±С‰Р°СЏ РїРѕРґСЃС‚СЂРѕРєР°: abddc
РЅР°РёР±РѕР»СЊС€Р°СЏ РѕР±С‰Р°СЏ РїРѕРґСЃС‚СЂРѕРєР°: cb
РЅР°РёР±РѕР»СЊС€Р°СЏ РѕР±С‰Р°СЏ РїРѕРґСЃС‚СЂРѕРєР°: bc
РЅР°РёР±РѕР»СЊС€Р°СЏ РѕР±С‰Р°СЏ РїРѕРґСЃС‚СЂРѕРєР°: abd
РЅР°РёР±РѕР»СЊС€Р°СЏ РѕР±С‰Р°СЏ РїРѕРґСЃС‚СЂРѕРєР°: bac
РЅР°РёР±РѕР»СЊС€Р°СЏ РѕР±С‰Р°СЏ РїРѕРґСЃС‚СЂРѕРєР°: ab
РЅР°РёР±РѕР»СЊС€Р°СЏ РѕР±С‰Р°СЏ РїРѕРґСЃС‚СЂРѕРєР°: a
РЅР°РёР±РѕР»СЊС€Р°СЏ РѕР±С‰Р°СЏ РїРѕРґСЃС‚СЂРѕРєР°: adc
РЅР°РёР±РѕР»СЊС€Р°СЏ РѕР±С‰Р°СЏ РїРѕРґСЃС‚СЂРѕРєР°: dc
РЅР°РёР±РѕР»СЊС€Р°СЏ РѕР±С‰Р°СЏ РїРѕРґСЃС‚СЂРѕРєР°: ad
РЅР°РёР±РѕР»СЊС€Р°СЏ РѕР±С‰Р°СЏ РїРѕРґСЃС‚СЂРѕРєР°: dac
РЅР°РёР±РѕР»СЊС€Р°СЏ РѕР±С‰Р°СЏ РїРѕРґСЃС‚СЂРѕРєР°: dc
РЅР°РёР±РѕР»СЊС€Р°СЏ РѕР±С‰Р°СЏ РїРѕРґСЃС‚СЂРѕРєР°: daacb
РЅР°РёР±РѕР»СЊС€Р°СЏ РѕР±С‰Р°СЏ РїРѕРґСЃС‚СЂРѕРєР°: dbc
РЅР°РёР±РѕР»СЊС€Р°СЏ РѕР±С‰Р°СЏ РїРѕРґСЃС‚СЂРѕРєР°: da
РЅР°РёР±РѕР»СЊС€Р°СЏ РѕР±С‰Р°СЏ РїРѕРґСЃС‚СЂРѕРєР°: adcd
РЅР°РёР±РѕР»СЊС€Р°СЏ РѕР±С‰Р°СЏ РїРѕРґСЃС‚СЂРѕРєР°: aba
РЅР°РёР±РѕР»СЊС€Р°СЏ РѕР±С‰Р°СЏ РїРѕРґСЃС‚СЂРѕРєР°: baad
РЅР°РёР±РѕР»СЊС€Р°СЏ РѕР±С‰Р°СЏ РїРѕРґСЃС‚СЂРѕРєР°: ddb
РЅР°РёР±РѕР»СЊС€Р°СЏ РѕР±С‰Р°СЏ РїРѕРґСЃС‚СЂРѕРєР°: cbb
РЅР°РёР±РѕР»СЊС€Р°СЏ РѕР±С‰Р°СЏ РїРѕРґСЃС‚СЂРѕРєР°: bba
РЅР°РёР±РѕР»СЊС€Р°СЏ РѕР±С‰Р°СЏ РїРѕРґСЃС‚СЂРѕРєР°: dda
РЅР°РёР±РѕР»СЊС€Р°СЏ РѕР±С‰Р°СЏ РїРѕРґСЃС‚СЂРѕРєР°: ab
РЅР°РёР±РѕР»СЊС€Р°СЏ РѕР±С‰Р°СЏ РїРѕРґСЃС‚СЂРѕРєР°: dcb
РЅР°РёР±РѕР»СЊС€Р°СЏ РѕР±С‰Р°СЏ РїРѕРґСЃС‚СЂРѕРєР°: ca
РЅР°РёР±РѕР»СЊС€Р°СЏ РѕР±С‰Р°СЏ РїРѕРґСЃС‚СЂРѕРєР°: acab
РЅР°РёР±РѕР»СЊС€Р°СЏ РѕР±С‰Р°СЏ РїРѕРґСЃС‚СЂРѕРєР°: ad
РЅР°РёР±РѕР»СЊС€Р°СЏ РѕР±С‰Р°СЏ РїРѕРґСЃС‚СЂРѕРєР°: c
РЅР°РёР±РѕР»СЊС€Р°СЏ РѕР±С‰Р°СЏ РїРѕРґСЃС‚СЂРѕРєР°: cdca
РЅР°РёР±РѕР»СЊС€Р°СЏ РѕР±С‰Р°СЏ РїРѕРґСЃС‚СЂРѕРєР°: ba
РЅР°РёР±РѕР»СЊС€Р°СЏ РѕР±С‰Р°СЏ РїРѕРґСЃС‚СЂРѕРєР°: dc
РЅР°РёР±РѕР»СЊС€Р°СЏ РѕР±С‰Р°СЏ РїРѕРґСЃС‚СЂРѕРєР°: abd
РЅР°РёР±РѕР»СЊС€Р°СЏ РѕР±С‰Р°СЏ РїРѕРґСЃС‚СЂРѕРєР°: dc
РЅР°РёР±РѕР»СЊС€Р°СЏ РѕР±С‰Р°СЏ РїРѕРґСЃС‚СЂРѕРєР°: bdadc
РЅР°РёР±РѕР»СЊС€Р°СЏ РѕР±С‰Р°СЏ РїРѕРґСЃС‚СЂРѕРєР°: acac
РЅР°РёР±РѕР»СЊС€Р°СЏ РѕР±С‰Р°СЏ РїРѕРґСЃС‚СЂРѕРєР°: bcab
РЅР°РёР±РѕР»СЊС€Р°СЏ РѕР±С‰Р°СЏ РїРѕРґСЃС‚СЂРѕРєР°: dda
РЅР°РёР±РѕР»СЊС€Р°СЏ РѕР±С‰Р°СЏ РїРѕРґСЃС‚СЂРѕРєР°: db
РЅР°РёР±РѕР»СЊС€Р°СЏ РѕР±С‰Р°СЏ РїРѕРґСЃС‚СЂРѕРєР°: ba
РЅР°РёР±РѕР»СЊС€Р°СЏ РѕР±С‰Р°СЏ РїРѕРґСЃС‚СЂРѕРєР°: cb
РЅР°РёР±РѕР»СЊС€Р°СЏ РѕР±С‰Р°СЏ РїРѕРґСЃС‚СЂРѕРєР°: ad
РЅР°РёР±РѕР»СЊС€Р°СЏ РѕР±С‰Р°СЏ РїРѕРґСЃС‚СЂРѕРєР°: acd
РЅР°РёР±РѕР»СЊС€Р°СЏ РѕР±С‰Р°СЏ РїРѕРґСЃС‚СЂРѕРєР°: abbdc
РЅР°РёР±РѕР»СЊС€Р°СЏ РѕР±С‰Р°СЏ РїРѕРґСЃС‚СЂРѕРєР°: acc
РЅР°РёР±РѕР»СЊС€Р°СЏ РѕР±С‰Р°СЏ РїРѕРґСЃС‚СЂРѕРєР°: aa
РЅР°РёР±РѕР»СЊС€Р°СЏ РѕР±С‰Р°СЏ РїРѕРґСЃС‚СЂРѕРєР°: ad
РЅР°РёР±РѕР»СЊС€Р°СЏ РѕР±С‰Р°СЏ РїРѕРґСЃС‚СЂРѕРєР°: cc
РЅР°РёР±РѕР»СЊС€Р°СЏ РѕР±С‰Р°СЏ РїРѕРґСЃС‚СЂРѕРєР°: ddb
РЅР°РёР±РѕР»СЊС€Р°СЏ РѕР±С‰Р°СЏ РїРѕРґСЃС‚СЂРѕРєР°: ba
РЅР°РёР±РѕР»СЊС€Р°СЏ РѕР±С‰Р°СЏ РїРѕРґСЃС‚СЂРѕРєР°: bab
РЅР°РёР±РѕР»СЊС€Р°СЏ РѕР±С‰Р°СЏ РїРѕРґСЃС‚СЂРѕРєР°: ad
РЅР°РёР±РѕР»СЊС€Р°СЏ РѕР±С‰Р°СЏ РїРѕРґСЃС‚СЂРѕРєР°: bdcbcd
РЅР°РёР±РѕР»СЊС€Р°СЏ РѕР±С‰Р°СЏ РїРѕРґСЃС‚СЂРѕРєР°: bad
РЅР°РёР±РѕР»СЊС€Р°СЏ РѕР±С‰Р°СЏ РїРѕРґСЃС‚СЂРѕРєР°: ba
РЅР°РёР±РѕР»СЊС€Р°СЏ РѕР±С‰Р°СЏ РїРѕРґСЃС‚СЂРѕРєР°: cd
РЅР°РёР±РѕР»СЊС€Р°СЏ РѕР±С‰Р°СЏ РїРѕРґСЃС‚СЂРѕРєР°: dcb
РЅР°РёР±РѕР»СЊС€Р°СЏ РѕР±С‰Р°СЏ РїРѕРґСЃС‚СЂРѕРєР°: cdb
РЅР°РёР±РѕР»СЊС€Р°СЏ РѕР±С‰Р°СЏ РїРѕРґСЃС‚СЂРѕРєР°: ad
РЅР°РёР±РѕР»СЊС€Р°СЏ РѕР±С‰Р°СЏ РїРѕРґСЃС‚СЂРѕРєР°: bd
РЅР°РёР±РѕР»СЊС€Р°СЏ РѕР±С‰Р°СЏ РїРѕРґСЃС‚СЂРѕРєР°: cd
РЅР°РёР±РѕР»СЊС€Р°СЏ РѕР±С‰Р°СЏ РїРѕРґСЃС‚СЂРѕРєР°: daa
РЅР°РёР±РѕР»СЊС€Р°СЏ РѕР±С‰Р°СЏ РїРѕРґСЃС‚СЂРѕРєР°: dd
РЅР°РёР±РѕР»СЊС€Р°СЏ РѕР±С‰Р°СЏ РїРѕРґСЃС‚СЂРѕРєР°: da
РЅР°РёР±РѕР»СЊС€Р°СЏ РѕР±С‰Р°СЏ РїРѕРґСЃС‚СЂРѕРєР°: bcca
РЅР°РёР±РѕР»СЊС€Р°СЏ РѕР±С‰Р°СЏ РїРѕРґСЃС‚СЂРѕРєР°: aa
РЅР°РёР±РѕР»СЊС€Р°СЏ РѕР±С‰Р°СЏ РїРѕРґСЃС‚СЂРѕРєР°: bdb
РЅР°РёР±РѕР»СЊС€Р°СЏ РѕР±С‰Р°СЏ РїРѕРґСЃС‚СЂРѕРєР°: cdd
РЅР°РёР±РѕР»СЊС€Р°СЏ РѕР±С‰Р°СЏ РїРѕРґСЃС‚СЂРѕРєР°: caa
РЅР°РёР±РѕР»СЊС€Р°СЏ РѕР±С‰Р°СЏ РїРѕРґСЃС‚СЂРѕРєР°: dbd
РЅР°РёР±РѕР»СЊС€Р°СЏ РѕР±С‰Р°СЏ РїРѕРґСЃС‚СЂРѕРєР°: bdba
РЅР°РёР±РѕР»СЊС€Р°СЏ РѕР±С‰Р°СЏ РїРѕРґСЃС‚СЂРѕРєР°: cb
РЅР°РёР±РѕР»СЊС€Р°СЏ РѕР±С‰Р°СЏ РїРѕРґСЃС‚СЂРѕРєР°: bc
РЅР°РёР±РѕР»СЊС€Р°СЏ РѕР±С‰Р°СЏ РїРѕРґСЃС‚СЂРѕРєР°: aa
РЅР°РёР±РѕР»СЊС€Р°СЏ РѕР±С‰Р°СЏ РїРѕРґСЃС‚СЂРѕРєР°: bad
РЅР°РёР±РѕР»СЊС€Р°СЏ РѕР±С‰Р°СЏ РїРѕРґСЃС‚СЂРѕРєР°: ddc
РЅР°РёР±РѕР»СЊС€Р°СЏ РѕР±С‰Р°СЏ РїРѕРґСЃС‚СЂРѕРєР°: dbc
РЅР°РёР±РѕР»СЊС€Р°СЏ РѕР±С‰Р°СЏ РїРѕРґСЃС‚СЂРѕРєР°: da
РЅР°РёР±РѕР»СЊС€Р°СЏ РѕР±С‰Р°СЏ РїРѕРґСЃС‚СЂРѕРєР°: cdb
РЅР°РёР±РѕР»СЊС€Р°СЏ РѕР±С‰Р°СЏ РїРѕРґСЃС‚СЂРѕРєР°: ccd
РЅР°РёР±РѕР»СЊС€Р°СЏ РѕР±С‰Р°СЏ РїРѕРґСЃС‚СЂРѕРєР°: cad
РЅР°РёР±РѕР»СЊС€Р°СЏ РѕР±С‰Р°СЏ РїРѕРґСЃС‚СЂРѕРєР°: da
РЅР°РёР±РѕР»СЊС€Р°СЏ РѕР±С‰Р°СЏ РїРѕРґСЃС‚СЂРѕРєР°: ba
РЅР°РёР±РѕР»СЊС€Р°СЏ РѕР±С‰Р°СЏ РїРѕРґСЃС‚СЂРѕРєР°: cba
РЅР°РёР±РѕР»СЊС€Р°СЏ РѕР±С‰Р°СЏ РїРѕРґСЃС‚СЂРѕРєР°: cd
РЅР°РёР±РѕР»СЊС€Р°СЏ РѕР±С‰Р°СЏ РїРѕРґСЃС‚СЂРѕРєР°: cac
РЅР°РёР±РѕР»СЊС€Р°СЏ РѕР±С‰Р°СЏ РїРѕРґСЃС‚СЂРѕРєР°: dbdd
РЅР°РёР±РѕР»СЊС€Р°СЏ РѕР±С‰Р°СЏ РїРѕРґСЃС‚СЂРѕРєР°: addb
РЅР°РёР±РѕР»СЊС€Р°СЏ РѕР±С‰Р°СЏ РїРѕРґСЃС‚СЂРѕРєР°: bcc
РЅР°РёР±РѕР»СЊС€Р°СЏ РѕР±С‰Р°СЏ РїРѕРґСЃС‚СЂРѕРєР°: dcb
РЅР°РёР±РѕР»СЊС€Р°СЏ РѕР±С‰Р°СЏ РїРѕРґСЃС‚СЂРѕРєР°: cd
РЅР°РёР±РѕР»СЊС€Р°СЏ РѕР±С‰Р°СЏ РїРѕРґСЃС‚СЂРѕРєР°: dc
РЅР°РёР±РѕР»СЊС€Р°СЏ РѕР±С‰Р°СЏ РїРѕРґСЃС‚СЂРѕРєР°: ac
РЅР°РёР±РѕР»СЊС€Р°СЏ РѕР±С‰Р°СЏ РїРѕРґСЃС‚СЂРѕРєР°: bd
РЅР°РёР±РѕР»СЊС€Р°СЏ РѕР±С‰Р°СЏ РїРѕРґСЃС‚СЂРѕРєР°: daa
РЅР°РёР±РѕР»СЊС€Р°СЏ РѕР±С‰Р°СЏ РїРѕРґСЃС‚СЂРѕРєР°: ad
РЅР°РёР±РѕР»СЊС€Р°СЏ РѕР±С‰Р°СЏ РїРѕРґСЃС‚СЂРѕРєР°: bc
РЅР°РёР±РѕР»СЊС€Р°СЏ РѕР±С‰Р°СЏ РїРѕРґСЃС‚СЂРѕРєР°: db
РЅР°РёР±РѕР»СЊС€Р°СЏ РѕР±С‰Р°СЏ РїРѕРґСЃС‚СЂРѕРєР°: dc
РЅР°РёР±РѕР»СЊС€Р°СЏ РѕР±С‰Р°СЏ РїРѕРґСЃС‚СЂРѕРєР°: cdb
РЅР°РёР±РѕР»СЊС€Р°СЏ РѕР±С‰Р°СЏ РїРѕРґСЃС‚СЂРѕРєР°: bcd
РЅР°РёР±РѕР»СЊС€Р°СЏ РѕР±С‰Р°СЏ РїРѕРґСЃС‚СЂРѕРєР°: cbd
РЅР°РёР±РѕР»СЊС€Р°СЏ РѕР±С‰Р°СЏ РїРѕРґСЃС‚СЂРѕРєР°: bd
РЅР°РёР±РѕР»СЊС€Р°СЏ РѕР±С‰Р°СЏ РїРѕРґСЃС‚СЂРѕРєР°: cac
РЅР°РёР±РѕР»СЊС€Р°СЏ РѕР±С‰Р°СЏ РїРѕРґСЃС‚СЂРѕРєР°: dd
РЅР°РёР±РѕР»СЊС€Р°СЏ РѕР±С‰Р°СЏ РїРѕРґСЃС‚СЂРѕРєР°: dcd
РЅР°РёР±РѕР»СЊС€Р°СЏ РѕР±С‰Р°СЏ РїРѕРґСЃС‚СЂРѕРєР°: bdb
РЅР°РёР±РѕР»СЊС€Р°СЏ РѕР±С‰Р°СЏ РїРѕРґСЃС‚СЂРѕРєР°: bbd
РЅР°РёР±РѕР»СЊС€Р°СЏ РѕР±С‰Р°СЏ РїРѕРґСЃС‚СЂРѕРєР°: acc
РЅР°РёР±РѕР»СЊС€Р°СЏ РѕР±С‰Р°СЏ РїРѕРґСЃС‚СЂРѕРєР°: dc
РЅР°РёР±РѕР»СЊС€Р°СЏ РѕР±С‰Р°СЏ РїРѕРґСЃС‚СЂРѕРєР°: bb
РЅР°РёР±РѕР»СЊС€Р°СЏ РѕР±С‰Р°СЏ РїРѕРґСЃС‚СЂРѕРєР°: dcaa
РЅР°РёР±РѕР»СЊС€Р°СЏ РѕР±С‰Р°СЏ РїРѕРґСЃС‚СЂРѕРєР°: dbc
РЅР°РёР±РѕР»СЊС€Р°СЏ РѕР±С‰Р°СЏ РїРѕРґСЃС‚СЂРѕРєР°: ddb
РЅР°РёР±РѕР»СЊС€Р°СЏ РѕР±С‰Р°СЏ РїРѕРґСЃС‚СЂРѕРєР°: cda
РЅР°РёР±РѕР»СЊС€Р°СЏ РѕР±С‰Р°СЏ РїРѕРґСЃС‚СЂРѕРєР°: abd
РЅР°РёР±РѕР»СЊС€Р°СЏ РѕР±С‰Р°СЏ РїРѕРґСЃС‚СЂРѕРєР°: db
РЅР°РёР±РѕР»СЊС€Р°СЏ РѕР±С‰Р°СЏ РїРѕРґСЃС‚СЂРѕРєР°: acc
РЅР°РёР±РѕР»СЊС€Р°СЏ РѕР±С‰Р°СЏ РїРѕРґСЃС‚СЂРѕРєР°: abdb
РЅР°РёР±РѕР»СЊС€Р°СЏ РѕР±С‰Р°СЏ РїРѕРґСЃС‚СЂРѕРєР°: dcd
РЅР°РёР±РѕР»СЊС€Р°СЏ РѕР±С‰Р°СЏ РїРѕРґСЃС‚СЂРѕРєР°: bdaa
РЅР°РёР±РѕР»СЊС€Р°СЏ РѕР±С‰Р°СЏ РїРѕРґСЃС‚СЂРѕРєР°: dc
РЅР°РёР±РѕР»СЊС€Р°СЏ РѕР±С‰Р°СЏ РїРѕРґСЃС‚СЂРѕРєР°: cbaa
РЅР°РёР±РѕР»СЊС€Р°СЏ РѕР±С‰Р°СЏ РїРѕРґСЃС‚СЂРѕРєР°: dc
РЅР°РёР±РѕР»СЊС€Р°СЏ РѕР±С‰Р°СЏ РїРѕРґСЃС‚СЂРѕРєР°: ab
РЅР°РёР±РѕР»СЊС€Р°СЏ РѕР±С‰Р°СЏ РїРѕРґСЃС‚СЂРѕРєР°: da
РЅР°РёР±РѕР»СЊС€Р°СЏ РѕР±С‰Р°СЏ РїРѕРґСЃС‚СЂРѕРєР°: dba
РЅР°РёР±РѕР»СЊС€Р°СЏ РѕР±С‰Р°СЏ РїРѕРґСЃС‚СЂРѕРєР°: bd
РЅР°РёР±РѕР»СЊС€Р°СЏ РѕР±С‰Р°СЏ РїРѕРґСЃС‚СЂРѕРєР°: adaa
РЅР°РёР±РѕР»СЊС€Р°СЏ РѕР±С‰Р°СЏ РїРѕРґСЃС‚СЂРѕРєР°: ab
РЅР°РёР±РѕР»СЊС€Р°СЏ РѕР±С‰Р°СЏ РїРѕРґСЃС‚СЂРѕРєР°: caadca
РЅР°РёР±РѕР»СЊС€Р°СЏ РѕР±С‰Р°СЏ РїРѕРґСЃС‚СЂРѕРєР°: caa
РЅР°РёР±РѕР»СЊС€Р°СЏ РѕР±С‰Р°СЏ РїРѕРґСЃС‚СЂРѕРєР°: ccb
РЅР°РёР±РѕР»СЊС€Р°СЏ РѕР±С‰Р°СЏ РїРѕРґСЃС‚СЂРѕРєР°: ddac
РЅР°РёР±РѕР»СЊС€Р°СЏ РѕР±С‰Р°СЏ РїРѕРґСЃС‚СЂРѕРєР°: cb
РЅР°РёР±РѕР»СЊС€Р°СЏ РѕР±С‰Р°СЏ РїРѕРґСЃС‚СЂРѕРєР°: bc
РЅР°РёР±РѕР»СЊС€Р°СЏ РѕР±С‰Р°СЏ РїРѕРґСЃС‚СЂРѕРєР°: cbd
РЅР°РёР±РѕР»СЊС€Р°СЏ РѕР±С‰Р°СЏ РїРѕРґСЃС‚СЂРѕРєР°: cc
РЅР°РёР±РѕР»СЊС€Р°СЏ РѕР±С‰Р°СЏ РїРѕРґСЃС‚СЂРѕРєР°: ab
РЅР°РёР±РѕР»СЊС€Р°СЏ РѕР±С‰Р°СЏ РїРѕРґСЃС‚СЂРѕРєР°: dbc
РЅР°РёР±РѕР»СЊС€Р°СЏ РѕР±С‰Р°СЏ РїРѕРґСЃС‚СЂРѕРєР°: da
РЅР°РёР±РѕР»СЊС€Р°СЏ РѕР±С‰Р°СЏ РїРѕРґСЃС‚СЂРѕРєР°: aabaa
РЅР°РёР±РѕР»СЊС€Р°СЏ РѕР±С‰Р°СЏ РїРѕРґСЃС‚СЂРѕРєР°: aaadb
РЅР°РёР±РѕР»СЊС€Р°СЏ РѕР±С‰Р°СЏ РїРѕРґСЃС‚СЂРѕРєР°: dda
РЅР°РёР±РѕР»СЊС€Р°СЏ РѕР±С‰Р°СЏ РїРѕРґСЃС‚СЂРѕРєР°: bcbb
РЅР°РёР±РѕР»СЊС€Р°СЏ РѕР±С‰Р°СЏ РїРѕРґСЃС‚СЂРѕРєР°: cd
РЅР°РёР±РѕР»СЊС€Р°СЏ РѕР±С‰Р°СЏ РїРѕРґСЃС‚СЂРѕРєР°: bc
РЅР°РёР±РѕР»СЊС€Р°СЏ РѕР±С‰Р°СЏ РїРѕРґСЃС‚СЂРѕРєР°: dcaa
РЅР°РёР±РѕР»СЊС€Р°СЏ РѕР±С‰Р°СЏ РїРѕРґСЃС‚СЂРѕРєР°: cad
РЅР°РёР±РѕР»СЊС€Р°СЏ РѕР±С‰Р°СЏ РїРѕРґСЃС‚СЂРѕРєР°: bbc
РЅР°РёР±РѕР»СЊС€Р°СЏ РѕР±С‰Р°СЏ РїРѕРґСЃС‚СЂРѕРєР°: aba
РЅР°РёР±РѕР»СЊС€Р°СЏ РѕР±С‰Р°СЏ РїРѕРґСЃС‚СЂРѕРєР°: db
РЅР°РёР±РѕР»СЊС€Р°СЏ РѕР±С‰Р°СЏ РїРѕРґСЃС‚СЂРѕРєР°: dcdb
РЅР°РёР±РѕР»СЊС€Р°СЏ РѕР±С‰Р°СЏ РїРѕРґСЃС‚СЂРѕРєР°: ca
РЅР°РёР±РѕР»СЊС€Р°СЏ РѕР±С‰Р°СЏ РїРѕРґСЃС‚СЂРѕРєР°: ad
РЅР°РёР±РѕР»СЊС€Р°СЏ РѕР±С‰Р°СЏ РїРѕРґСЃС‚СЂРѕРєР°: cbc
РЅР°РёР±РѕР»СЊС€Р°СЏ РѕР±С‰Р°СЏ РїРѕРґСЃС‚СЂРѕРєР°: aadad
РЅР°РёР±РѕР»СЊС€Р°СЏ РѕР±С‰Р°СЏ РїРѕРґСЃС‚СЂРѕРєР°: da
РЅР°РёР±РѕР»СЊС€Р°СЏ РѕР±С‰Р°СЏ РїРѕРґСЃС‚СЂРѕРєР°: bd
РЅР°РёР±РѕР»СЊС€Р°СЏ РѕР±С‰Р°СЏ РїРѕРґСЃС‚СЂРѕРєР°: ac
РЅР°РёР±РѕР»СЊС€Р°СЏ РѕР±С‰Р°СЏ РїРѕРґСЃС‚СЂРѕРєР°: bac
РЅР°РёР±РѕР»СЊС€Р°СЏ РѕР±С‰Р°СЏ РїРѕРґСЃС‚СЂРѕРєР°: bd
РЅР°РёР±РѕР»СЊС€Р°СЏ РѕР±С‰Р°СЏ РїРѕРґСЃС‚СЂРѕРєР°: cbbba
РЅР°РёР±РѕР»СЊС€Р°СЏ РѕР±С‰Р°СЏ РїРѕРґСЃС‚СЂРѕРєР°: cbd
РЅР°РёР±РѕР»СЊС€Р°СЏ РѕР±С‰Р°СЏ РїРѕРґСЃС‚СЂРѕРєР°: daa
РЅР°РёР±РѕР»СЊС€Р°СЏ РѕР±С‰Р°СЏ РїРѕРґСЃС‚СЂРѕРєР°: aa
РЅР°РёР±РѕР»СЊС€Р°СЏ РѕР±С‰Р°СЏ РїРѕРґСЃС‚СЂРѕРєР°: da
РЅР°РёР±РѕР»СЊС€Р°СЏ РѕР±С‰Р°СЏ РїРѕРґСЃС‚СЂРѕРєР°: bab
РЅР°РёР±РѕР»СЊС€Р°СЏ РѕР±С‰Р°СЏ РїРѕРґСЃС‚СЂРѕРєР°: bd
РЅР°РёР±РѕР»СЊС€Р°СЏ РѕР±С‰Р°СЏ РїРѕРґСЃС‚СЂРѕРєР°: ad
РЅР°РёР±РѕР»СЊС€Р°СЏ РѕР±С‰Р°СЏ РїРѕРґСЃС‚СЂРѕРєР°: abc
РЅР°РёР±РѕР»СЊС€Р°СЏ РѕР±С‰Р°СЏ РїРѕРґСЃС‚СЂРѕРєР°: dcd
РЅР°РёР±РѕР»СЊС€Р°СЏ РѕР±С‰Р°СЏ РїРѕРґСЃС‚СЂРѕРєР°: cb
РЅР°РёР±РѕР»СЊС€Р°СЏ РѕР±С‰Р°СЏ РїРѕРґСЃС‚СЂРѕРєР°: ad
РЅР°РёР±РѕР»СЊС€Р°СЏ РѕР±С‰Р°СЏ РїРѕРґСЃС‚СЂРѕРєР°: bc
РЅР°РёР±РѕР»СЊС€Р°СЏ РѕР±С‰Р°СЏ РїРѕРґСЃС‚СЂРѕРєР°: ac
РЅР°РёР±РѕР»СЊС€Р°СЏ РѕР±С‰Р°СЏ РїРѕРґСЃС‚СЂРѕРєР°: cbaab
РЅР°РёР±РѕР»СЊС€Р°СЏ РѕР±С‰Р°СЏ РїРѕРґСЃС‚СЂРѕРєР°: d
РЅР°РёР±РѕР»СЊС€Р°СЏ РѕР±С‰Р°СЏ РїРѕРґСЃС‚СЂРѕРєР°: dad
РЅР°РёР±РѕР»СЊС€Р°СЏ РѕР±С‰Р°СЏ РїРѕРґСЃС‚СЂРѕРєР°: dcc
РЅР°РёР±РѕР»СЊС€Р°СЏ РѕР±С‰Р°СЏ РїРѕРґСЃС‚СЂРѕРєР°: cb
РЅР°РёР±РѕР»СЊС€Р°СЏ РѕР±С‰Р°СЏ РїРѕРґСЃС‚СЂРѕРєР°: caa
РЅР°РёР±РѕР»СЊС€Р°СЏ РѕР±С‰Р°СЏ РїРѕРґСЃС‚СЂРѕРєР°: ddcdb
РЅР°РёР±РѕР»СЊС€Р°СЏ РѕР±С‰Р°СЏ РїРѕРґСЃС‚СЂРѕРєР°: adb
РЅР°РёР±РѕР»СЊС€Р°СЏ РѕР±С‰Р°СЏ РїРѕРґСЃС‚СЂРѕРєР°: bad
РЅР°РёР±РѕР»СЊС€Р°СЏ РѕР±С‰Р°СЏ РїРѕРґСЃС‚СЂРѕРєР°: dcc
РЅР°РёР±РѕР»СЊС€Р°СЏ РѕР±С‰Р°СЏ РїРѕРґСЃС‚СЂРѕРєР°: ad
РЅР°РёР±РѕР»СЊС€Р°СЏ РѕР±С‰Р°СЏ РїРѕРґСЃС‚СЂРѕРєР°: ba
РЅР°РёР±РѕР»СЊС€Р°СЏ РѕР±С‰Р°СЏ РїРѕРґСЃС‚СЂРѕРєР°: ddc
РЅР°РёР±РѕР»СЊС€Р°СЏ РѕР±С‰Р°СЏ РїРѕРґСЃС‚СЂРѕРєР°: dadc
РЅР°РёР±РѕР»СЊС€Р°СЏ РѕР±С‰Р°СЏ РїРѕРґСЃС‚СЂРѕРєР°: bd
РЅР°РёР±РѕР»СЊС€Р°СЏ РѕР±С‰Р°СЏ РїРѕРґСЃС‚СЂРѕРєР°: dac
РЅР°РёР±РѕР»СЊС€Р°СЏ РѕР±С‰Р°СЏ РїРѕРґСЃС‚СЂРѕРєР°: acc
РЅР°РёР±РѕР»СЊС€Р°СЏ РѕР±С‰Р°СЏ РїРѕРґСЃС‚СЂРѕРєР°: cbb
РЅР°РёР±РѕР»СЊС€Р°СЏ РѕР±С‰Р°СЏ РїРѕРґСЃС‚СЂРѕРєР°: cab
РЅР°РёР±РѕР»СЊС€Р°СЏ РѕР±С‰Р°СЏ РїРѕРґСЃС‚СЂРѕРєР°: baa
РЅР°РёР±РѕР»СЊС€Р°СЏ РѕР±С‰Р°СЏ РїРѕРґСЃС‚СЂРѕРєР°: ad
РЅР°РёР±РѕР»СЊС€Р°СЏ РѕР±С‰Р°СЏ РїРѕРґСЃС‚СЂРѕРєР°: bbc
РЅР°РёР±РѕР»СЊС€Р°СЏ РѕР±С‰Р°СЏ РїРѕРґСЃС‚СЂРѕРєР°: cbdc
РЅР°РёР±РѕР»СЊС€Р°СЏ РѕР±С‰Р°СЏ РїРѕРґСЃС‚СЂРѕРєР°: acb
РЅР°РёР±РѕР»СЊС€Р°СЏ РѕР±С‰Р°СЏ РїРѕРґСЃС‚СЂРѕРєР°: bd
РЅР°РёР±РѕР»СЊС€Р°СЏ РѕР±С‰Р°СЏ РїРѕРґСЃС‚СЂРѕРєР°: bc
РЅР°РёР±РѕР»СЊС€Р°СЏ РѕР±С‰Р°СЏ РїРѕРґСЃС‚СЂРѕРєР°: bbab
РЅР°РёР±РѕР»СЊС€Р°СЏ РѕР±С‰Р°СЏ РїРѕРґСЃС‚СЂРѕРєР°: dc
РЅР°РёР±РѕР»СЊС€Р°СЏ РѕР±С‰Р°СЏ РїРѕРґСЃС‚СЂРѕРєР°: cac
РЅР°РёР±РѕР»СЊС€Р°СЏ РѕР±С‰Р°СЏ РїРѕРґСЃС‚СЂРѕРєР°: cdc
РЅР°РёР±РѕР»СЊС€Р°СЏ РѕР±С‰Р°СЏ РїРѕРґСЃС‚СЂРѕРєР°: bca
РЅР°РёР±РѕР»СЊС€Р°СЏ РѕР±С‰Р°СЏ РїРѕРґСЃС‚СЂРѕРєР°: ddc
РЅР°РёР±РѕР»СЊС€Р°СЏ РѕР±С‰Р°СЏ РїРѕРґСЃС‚СЂРѕРєР°: dc
РЅР°РёР±РѕР»СЊС€Р°СЏ РѕР±С‰Р°СЏ РїРѕРґСЃС‚СЂРѕРєР°: ac
РЅР°РёР±РѕР»СЊС€Р°СЏ РѕР±С‰Р°СЏ РїРѕРґСЃС‚СЂРѕРєР°: dab
РЅР°РёР±РѕР»СЊС€Р°СЏ РѕР±С‰Р°СЏ РїРѕРґСЃС‚СЂРѕРєР°: ac
РЅР°РёР±РѕР»СЊС€Р°СЏ РѕР±С‰Р°СЏ РїРѕРґСЃС‚СЂРѕРєР°: aa
РЅР°РёР±РѕР»СЊС€Р°СЏ РѕР±С‰Р°СЏ РїРѕРґСЃС‚СЂРѕРєР°: bcbc
РЅР°РёР±РѕР»СЊС€Р°СЏ РѕР±С‰Р°СЏ РїРѕРґСЃС‚СЂРѕРєР°: bb
РЅР°РёР±РѕР»СЊС€Р°СЏ РѕР±С‰Р°СЏ РїРѕРґСЃС‚СЂРѕРєР°: dc
РЅР°РёР±РѕР»СЊС€Р°СЏ РѕР±С‰Р°СЏ РїРѕРґСЃС‚СЂРѕРєР°: ccb
РЅР°РёР±РѕР»СЊС€Р°СЏ РѕР±С‰Р°СЏ РїРѕРґСЃС‚СЂРѕРєР°: c
РЅР°РёР±РѕР»СЊС€Р°СЏ РѕР±С‰Р°СЏ РїРѕРґСЃС‚СЂРѕРєР°: cab
РЅР°РёР±РѕР»СЊС€Р°СЏ РѕР±С‰Р°СЏ РїРѕРґСЃС‚СЂРѕРєР°: dba
РЅР°РёР±РѕР»СЊС€Р°СЏ РѕР±С‰Р°СЏ РїРѕРґСЃС‚СЂРѕРєР°: aa
РЅР°РёР±РѕР»СЊС€Р°СЏ РѕР±С‰Р°СЏ РїРѕРґСЃС‚СЂРѕРєР°: dac
РЅР°РёР±РѕР»СЊС€Р°СЏ РѕР±С‰Р°СЏ РїРѕРґСЃС‚СЂРѕРєР°: bb
РЅР°РёР±РѕР»СЊС€Р°СЏ РѕР±С‰Р°СЏ РїРѕРґСЃС‚СЂРѕРєР°: acb
РЅР°РёР±РѕР»СЊС€Р°СЏ РѕР±С‰Р°СЏ РїРѕРґСЃС‚СЂРѕРєР°: bcd
РЅР°РёР±РѕР»СЊС€Р°СЏ РѕР±С‰Р°СЏ РїРѕРґСЃС‚СЂРѕРєР°: bb
РЅР°РёР±РѕР»СЊС€Р°СЏ РѕР±С‰Р°СЏ РїРѕРґСЃС‚СЂРѕРєР°: da
РЅР°РёР±РѕР»СЊС€Р°СЏ РѕР±С‰Р°СЏ РїРѕРґСЃС‚СЂРѕРєР°: cbcccd
РЅР°РёР±РѕР»СЊС€Р°СЏ РѕР±С‰Р°СЏ РїРѕРґСЃС‚СЂРѕРєР°: cbb
РЅР°РёР±РѕР»СЊС€Р°СЏ РѕР±С‰Р°СЏ РїРѕРґСЃС‚СЂРѕРєР°: acc
РЅР°РёР±РѕР»СЊС€Р°СЏ РѕР±С‰Р°СЏ РїРѕРґСЃС‚СЂРѕРєР°: ca
РЅР°РёР±РѕР»СЊС€Р°СЏ РѕР±С‰Р°СЏ РїРѕРґСЃС‚СЂРѕРєР°: aa
РЅР°РёР±РѕР»СЊС€Р°СЏ РѕР±С‰Р°СЏ РїРѕРґСЃС‚СЂРѕРєР°: bca
РЅР°РёР±РѕР»СЊС€Р°СЏ РѕР±С‰Р°СЏ РїРѕРґСЃС‚СЂРѕРєР°: acb
РЅР°РёР±РѕР»СЊС€Р°СЏ РѕР±С‰Р°СЏ РїРѕРґСЃС‚СЂРѕРєР°: da
РЅР°РёР±РѕР»СЊС€Р°СЏ РѕР±С‰Р°СЏ РїРѕРґСЃС‚СЂРѕРєР°: aad
РЅР°РёР±РѕР»СЊС€Р°СЏ РѕР±С‰Р°СЏ РїРѕРґСЃС‚СЂРѕРєР°: aa
РЅР°РёР±РѕР»СЊС€Р°СЏ РѕР±С‰Р°СЏ РїРѕРґСЃС‚СЂРѕРєР°: abada
РЅР°РёР±РѕР»СЊС€Р°СЏ РѕР±С‰Р°СЏ РїРѕРґСЃС‚СЂРѕРєР°: ad
РЅР°РёР±РѕР»СЊС€Р°СЏ РѕР±С‰Р°СЏ РїРѕРґСЃС‚СЂРѕРєР°: ad
РЅР°РёР±РѕР»СЊС€Р°СЏ РѕР±С‰Р°СЏ РїРѕРґСЃС‚СЂРѕРєР°: cb
РЅР°РёР±РѕР»СЊС€Р°СЏ РѕР±С‰Р°СЏ РїРѕРґСЃС‚СЂРѕРєР°: bd
РЅР°РёР±РѕР»СЊС€Р°СЏ РѕР±С‰Р°СЏ РїРѕРґСЃС‚СЂРѕРєР°: dc
РЅР°РёР±РѕР»СЊС€Р°СЏ РѕР±С‰Р°СЏ РїРѕРґСЃС‚СЂРѕРєР°: acb
РЅР°РёР±РѕР»СЊС€Р°СЏ РѕР±С‰Р°СЏ РїРѕРґСЃС‚СЂРѕРєР°: ad
РЅР°РёР±РѕР»СЊС€Р°СЏ РѕР±С‰Р°СЏ РїРѕРґСЃС‚СЂРѕРєР°: cd
РЅР°РёР±РѕР»СЊС€Р°СЏ РѕР±С‰Р°СЏ РїРѕРґСЃС‚СЂРѕРєР°: da
РЅР°РёР±РѕР»СЊС€Р°СЏ РѕР±С‰Р°СЏ РїРѕРґСЃС‚СЂРѕРєР°: acd
РЅР°РёР±РѕР»СЊС€Р°СЏ РѕР±С‰Р°СЏ РїРѕРґСЃС‚СЂРѕРєР°: ac
РЅР°РёР±РѕР»СЊС€Р°СЏ РѕР±С‰Р°СЏ РїРѕРґСЃС‚СЂРѕРєР°: dad
РЅР°РёР±РѕР»СЊС€Р°СЏ РѕР±С‰Р°СЏ РїРѕРґСЃС‚СЂРѕРєР°: abd
РЅР°РёР±РѕР»СЊС€Р°СЏ РѕР±С‰Р°СЏ РїРѕРґСЃС‚СЂРѕРєР°: ccb
РЅР°РёР±РѕР»СЊС€Р°СЏ РѕР±С‰Р°СЏ РїРѕРґСЃС‚СЂРѕРєР°: dab
РЅР°РёР±РѕР»СЊС€Р°СЏ РѕР±С‰Р°СЏ РїРѕРґСЃС‚СЂРѕРєР°: bbd
РЅР°РёР±РѕР»СЊС€Р°СЏ РѕР±С‰Р°СЏ РїРѕРґСЃС‚СЂРѕРєР°: aca
РЅР°РёР±РѕР»СЊС€Р°СЏ РѕР±С‰Р°СЏ РїРѕРґСЃС‚СЂРѕРєР°: dc
РЅР°РёР±РѕР»СЊС€Р°СЏ РѕР±С‰Р°СЏ РїРѕРґСЃС‚СЂРѕРєР°: db
РЅР°РёР±РѕР»СЊС€Р°СЏ РѕР±С‰Р°СЏ РїРѕРґСЃС‚СЂРѕРєР°: cbb
РЅР°РёР±РѕР»СЊС€Р°СЏ РѕР±С‰Р°СЏ РїРѕРґСЃС‚СЂРѕРєР°: bdb
РЅР°РёР±РѕР»СЊС€Р°СЏ РѕР±С‰Р°СЏ РїРѕРґСЃС‚СЂРѕРєР°: dcc
РЅР°РёР±РѕР»СЊС€Р°СЏ РѕР±С‰Р°СЏ РїРѕРґСЃС‚СЂРѕРєР°: aca
РЅР°РёР±РѕР»СЊС€Р°СЏ РѕР±С‰Р°СЏ РїРѕРґСЃС‚СЂРѕРєР°: bb
РЅР°РёР±РѕР»СЊС€Р°СЏ РѕР±С‰Р°СЏ РїРѕРґСЃС‚СЂРѕРєР°: ba
РЅР°РёР±РѕР»СЊС€Р°СЏ РѕР±С‰Р°СЏ РїРѕРґСЃС‚СЂРѕРєР°: dadabbabcbbbc
РЅР°РёР±РѕР»СЊС€Р°СЏ РѕР±С‰Р°СЏ РїРѕРґСЃС‚СЂРѕРєР°: 4a
]]></system-out>
  <system-err><![CDATA[]]></system-err>
</testsuite>
