<?xml version="1.0" encoding="UTF-8"?>
<testsuite name="AppTest" tests="1" skipped="0" failures="0" errors="0" timestamp="2018-09-19T18:33:44" hostname="LAPTOP-B5GQ48GP" time="0.065">
  <properties/>
  <testcase name="testAppHasAGreeting" classname="AppTest" time="0.065"/>
  <system-out><![CDATA[]]></system-out>
  <system-err><![CDATA[]]></system-err>
</testsuite>
